[0.007s] Invoking command in '/home/auauau/RM_Auto_Aim/armor_detector/build/armor_detector': CMAKE_PREFIX_PATH=/opt/ros/humble /usr/bin/cmake --build /home/auauau/RM_Auto_Aim/armor_detector/build/armor_detector -- -j24 -l24
[0.028s] -- Found ament_cmake_auto: 1.3.11 (/opt/ros/humble/share/ament_cmake_auto/cmake)
[0.192s] -- Found rosidl_generator_c: 3.1.6 (/opt/ros/humble/share/rosidl_generator_c/cmake)
[0.193s] -- Found rosidl_adapter: 3.1.6 (/opt/ros/humble/share/rosidl_adapter/cmake)
[0.197s] -- Found rosidl_generator_cpp: 3.1.6 (/opt/ros/humble/share/rosidl_generator_cpp/cmake)
[0.203s] -- Using all available rosidl_typesupport_c: rosidl_typesupport_fastrtps_c;rosidl_typesupport_introspection_c
[0.210s] -- Using all available rosidl_typesupport_cpp: rosidl_typesupport_fastrtps_cpp;rosidl_typesupport_introspection_cpp
[0.230s] -- Found rmw_implementation_cmake: 6.1.2 (/opt/ros/humble/share/rmw_implementation_cmake/cmake)
[0.231s] -- Found rmw_fastrtps_cpp: 6.2.7 (/opt/ros/humble/share/rmw_fastrtps_cpp/cmake)
[0.293s] -- Using RMW implementation 'rmw_fastrtps_cpp' as default
[0.387s] -- Found eigen3_cmake_module: 0.1.1 (/opt/ros/humble/share/eigen3_cmake_module/cmake)
[0.388s] -- Ensuring Eigen3 include directory is part of orocos-kdl CMake target
[0.431s] [31mCMake Error at /opt/ros/humble/share/ament_cmake_target_dependencies/cmake/ament_target_dependencies.cmake:77 (message):
[0.431s]   ament_target_dependencies() the passed package name 'auto_aim_interfaces'
[0.431s]   was not found before
[0.431s] Call Stack (most recent call first):
[0.431s]   CMakeLists.txt:41 (ament_target_dependencies)
[0.431s] 
[0.431s] [0m
[0.431s] -- Configuring incomplete, errors occurred!
[0.431s] See also "/home/auauau/RM_Auto_Aim/armor_detector/build/armor_detector/CMakeFiles/CMakeOutput.log".
[0.436s] gmake: *** [Makefile:484：cmake_check_build_system] 错误 1
[0.437s] Invoked command in '/home/auauau/RM_Auto_Aim/armor_detector/build/armor_detector' returned '2': CMAKE_PREFIX_PATH=/opt/ros/humble /usr/bin/cmake --build /home/auauau/RM_Auto_Aim/armor_detector/build/armor_detector -- -j24 -l24
