[0.006s] Invoking command in '/home/auauau/RM_Auto_Aim/build/armor_detector': CMAKE_PREFIX_PATH=/home/auauau/RM_Auto_Aim/install/auto_aim_interfaces:/home/auauau/RM_Auto_Aim/install/armor_detector:/opt/ros/humble LD_LIBRARY_PATH=/home/auauau/RM_Auto_Aim/install/auto_aim_interfaces/lib:/home/auauau/RM_Auto_Aim/install/armor_detector/lib:/opt/ros/humble/opt/rviz_ogre_vendor/lib:/opt/ros/humble/lib/x86_64-linux-gnu:/opt/ros/humble/lib /usr/bin/cmake --build /home/auauau/RM_Auto_Aim/build/armor_detector -- -j24 -l24
[0.049s] [ 18%] Built target armor_detector_node
[0.051s] [ 81%] Built target armor_detector
[0.082s] [100%] Built target armor_detector_test
[0.094s] Invoked command in '/home/auauau/RM_Auto_Aim/build/armor_detector' returned '0': CMAKE_PREFIX_PATH=/home/auauau/RM_Auto_Aim/install/auto_aim_interfaces:/home/auauau/RM_Auto_Aim/install/armor_detector:/opt/ros/humble LD_LIBRARY_PATH=/home/auauau/RM_Auto_Aim/install/auto_aim_interfaces/lib:/home/auauau/RM_Auto_Aim/install/armor_detector/lib:/opt/ros/humble/opt/rviz_ogre_vendor/lib:/opt/ros/humble/lib/x86_64-linux-gnu:/opt/ros/humble/lib /usr/bin/cmake --build /home/auauau/RM_Auto_Aim/build/armor_detector -- -j24 -l24
[0.096s] Invoking command in '/home/auauau/RM_Auto_Aim/build/armor_detector': CMAKE_PREFIX_PATH=/home/auauau/RM_Auto_Aim/install/auto_aim_interfaces:/home/auauau/RM_Auto_Aim/install/armor_detector:/opt/ros/humble LD_LIBRARY_PATH=/home/auauau/RM_Auto_Aim/install/auto_aim_interfaces/lib:/home/auauau/RM_Auto_Aim/install/armor_detector/lib:/opt/ros/humble/opt/rviz_ogre_vendor/lib:/opt/ros/humble/lib/x86_64-linux-gnu:/opt/ros/humble/lib /usr/bin/cmake --install /home/auauau/RM_Auto_Aim/build/armor_detector
[0.103s] -- Install configuration: ""
[0.103s] -- Up-to-date: /home/auauau/RM_Auto_Aim/install/armor_detector/lib/armor_detector/armor_detector_node
[0.103s] -- Up-to-date: /home/auauau/RM_Auto_Aim/install/armor_detector/lib/armor_detector/armor_detector_test
[0.103s] -- Up-to-date: /home/auauau/RM_Auto_Aim/install/armor_detector/include
[0.103s] -- Up-to-date: /home/auauau/RM_Auto_Aim/install/armor_detector/include/armor_detector
[0.103s] -- Up-to-date: /home/auauau/RM_Auto_Aim/install/armor_detector/include/armor_detector/number_classifier.hpp
[0.103s] -- Up-to-date: /home/auauau/RM_Auto_Aim/install/armor_detector/include/armor_detector/corner_corrector.hpp
[0.103s] -- Up-to-date: /home/auauau/RM_Auto_Aim/install/armor_detector/include/armor_detector/armor.hpp
[0.103s] -- Up-to-date: /home/auauau/RM_Auto_Aim/install/armor_detector/include/armor_detector/detector.hpp
[0.103s] -- Up-to-date: /home/auauau/RM_Auto_Aim/install/armor_detector/include/armor_detector/tools.hpp
[0.103s] -- Up-to-date: /home/auauau/RM_Auto_Aim/install/armor_detector/include/armor_detector/pnp_solver.hpp
[0.104s] -- Up-to-date: /home/auauau/RM_Auto_Aim/install/armor_detector/include/armor_detector/detector_node.hpp
[0.104s] -- Up-to-date: /home/auauau/RM_Auto_Aim/install/armor_detector/share/armor_detector/environment/library_path.sh
[0.104s] -- Up-to-date: /home/auauau/RM_Auto_Aim/install/armor_detector/share/armor_detector/environment/library_path.dsv
[0.104s] -- Up-to-date: /home/auauau/RM_Auto_Aim/install/armor_detector/lib/libarmor_detector.so
[0.104s] -- Up-to-date: /home/auauau/RM_Auto_Aim/install/armor_detector/share/ament_index/resource_index/package_run_dependencies/armor_detector
[0.104s] -- Up-to-date: /home/auauau/RM_Auto_Aim/install/armor_detector/share/ament_index/resource_index/parent_prefix_path/armor_detector
[0.104s] -- Up-to-date: /home/auauau/RM_Auto_Aim/install/armor_detector/share/armor_detector/environment/ament_prefix_path.sh
[0.104s] -- Up-to-date: /home/auauau/RM_Auto_Aim/install/armor_detector/share/armor_detector/environment/ament_prefix_path.dsv
[0.104s] -- Up-to-date: /home/auauau/RM_Auto_Aim/install/armor_detector/share/armor_detector/environment/path.sh
[0.104s] -- Up-to-date: /home/auauau/RM_Auto_Aim/install/armor_detector/share/armor_detector/environment/path.dsv
[0.104s] -- Up-to-date: /home/auauau/RM_Auto_Aim/install/armor_detector/share/armor_detector/local_setup.bash
[0.104s] -- Up-to-date: /home/auauau/RM_Auto_Aim/install/armor_detector/share/armor_detector/local_setup.sh
[0.104s] -- Up-to-date: /home/auauau/RM_Auto_Aim/install/armor_detector/share/armor_detector/local_setup.zsh
[0.104s] -- Up-to-date: /home/auauau/RM_Auto_Aim/install/armor_detector/share/armor_detector/local_setup.dsv
[0.104s] -- Installing: /home/auauau/RM_Auto_Aim/install/armor_detector/share/armor_detector/package.dsv
[0.104s] -- Up-to-date: /home/auauau/RM_Auto_Aim/install/armor_detector/share/ament_index/resource_index/packages/armor_detector
[0.104s] -- Up-to-date: /home/auauau/RM_Auto_Aim/install/armor_detector/share/ament_index/resource_index/rclcpp_components/armor_detector
[0.104s] -- Up-to-date: /home/auauau/RM_Auto_Aim/install/armor_detector/share/armor_detector/cmake/ament_cmake_export_dependencies-extras.cmake
[0.104s] -- Up-to-date: /home/auauau/RM_Auto_Aim/install/armor_detector/share/armor_detector/cmake/ament_cmake_export_include_directories-extras.cmake
[0.104s] -- Up-to-date: /home/auauau/RM_Auto_Aim/install/armor_detector/share/armor_detector/cmake/ament_cmake_export_libraries-extras.cmake
[0.104s] -- Up-to-date: /home/auauau/RM_Auto_Aim/install/armor_detector/share/armor_detector/cmake/armor_detectorConfig.cmake
[0.104s] -- Up-to-date: /home/auauau/RM_Auto_Aim/install/armor_detector/share/armor_detector/cmake/armor_detectorConfig-version.cmake
[0.104s] -- Up-to-date: /home/auauau/RM_Auto_Aim/install/armor_detector/share/armor_detector/package.xml
[0.105s] Invoked command in '/home/auauau/RM_Auto_Aim/build/armor_detector' returned '0': CMAKE_PREFIX_PATH=/home/auauau/RM_Auto_Aim/install/auto_aim_interfaces:/home/auauau/RM_Auto_Aim/install/armor_detector:/opt/ros/humble LD_LIBRARY_PATH=/home/auauau/RM_Auto_Aim/install/auto_aim_interfaces/lib:/home/auauau/RM_Auto_Aim/install/armor_detector/lib:/opt/ros/humble/opt/rviz_ogre_vendor/lib:/opt/ros/humble/lib/x86_64-linux-gnu:/opt/ros/humble/lib /usr/bin/cmake --install /home/auauau/RM_Auto_Aim/build/armor_detector
