[0.007s] Invoking command in '/home/auauau/RM_Auto_Aim/build/armor_detector': CMAKE_PREFIX_PATH=/home/auauau/RM_Auto_Aim/install/auto_aim_interfaces:/home/auauau/RM_Auto_Aim/install/armor_detector:/opt/ros/humble LD_LIBRARY_PATH=/home/auauau/RM_Auto_Aim/install/auto_aim_interfaces/lib:/home/auauau/RM_Auto_Aim/install/armor_detector/lib:/opt/ros/humble/opt/rviz_ogre_vendor/lib:/opt/ros/humble/lib/x86_64-linux-gnu:/opt/ros/humble/lib /usr/bin/cmake /home/auauau/RM_Auto_Aim/src/armor_detector -DCMAKE_INSTALL_PREFIX=/home/auauau/RM_Auto_Aim/install/armor_detector
[0.060s] -- The C compiler identification is GNU 11.4.0
[0.099s] -- The CXX compiler identification is GNU 11.4.0
[0.105s] -- Detecting C compiler ABI info
[0.157s] -- Detecting C compiler ABI info - done
[0.162s] -- Check for working C compiler: /usr/bin/cc - skipped
[0.162s] -- Detecting C compile features
[0.162s] -- Detecting C compile features - done
[0.164s] -- Detecting CXX compiler ABI info
[0.233s] -- Detecting CXX compiler ABI info - done
[0.238s] -- Check for working CXX compiler: /usr/bin/c++ - skipped
[0.238s] -- Detecting CXX compile features
[0.239s] -- Detecting CXX compile features - done
[0.242s] -- Found OpenCV: /usr/local (found version "4.8.0") 
[0.242s] -- Found ament_cmake_auto: 1.3.11 (/opt/ros/humble/share/ament_cmake_auto/cmake)
[0.358s] -- Found Python3: /usr/bin/python3 (found version "3.10.12") found components: Interpreter 
[0.419s] -- Found auto_aim_interfaces: 0.0.0 (/home/auauau/RM_Auto_Aim/install/auto_aim_interfaces/share/auto_aim_interfaces/cmake)
[0.441s] -- Found rosidl_generator_c: 3.1.6 (/opt/ros/humble/share/rosidl_generator_c/cmake)
[0.443s] -- Found rosidl_adapter: 3.1.6 (/opt/ros/humble/share/rosidl_adapter/cmake)
[0.448s] -- Found rosidl_generator_cpp: 3.1.6 (/opt/ros/humble/share/rosidl_generator_cpp/cmake)
[0.455s] -- Using all available rosidl_typesupport_c: rosidl_typesupport_fastrtps_c;rosidl_typesupport_introspection_c
[0.465s] -- Using all available rosidl_typesupport_cpp: rosidl_typesupport_fastrtps_cpp;rosidl_typesupport_introspection_cpp
[0.561s] -- Found rmw_implementation_cmake: 6.1.2 (/opt/ros/humble/share/rmw_implementation_cmake/cmake)
[0.562s] -- Found rmw_fastrtps_cpp: 6.2.7 (/opt/ros/humble/share/rmw_fastrtps_cpp/cmake)
[0.632s] -- Found OpenSSL: /usr/lib/x86_64-linux-gnu/libcrypto.so (found version "3.0.2")  
[0.653s] -- Found FastRTPS: /opt/ros/humble/include  
[0.686s] -- Using RMW implementation 'rmw_fastrtps_cpp' as default
[0.691s] -- Looking for pthread.h
[0.760s] -- Looking for pthread.h - found
[0.761s] -- Performing Test CMAKE_HAVE_LIBC_PTHREAD
[0.839s] -- Performing Test CMAKE_HAVE_LIBC_PTHREAD - Success
[0.840s] -- Found Threads: TRUE  
[0.932s] -- Found eigen3_cmake_module: 0.1.1 (/opt/ros/humble/share/eigen3_cmake_module/cmake)
[0.933s] -- Found Eigen3: TRUE (found version "3.4.0") 
[0.933s] -- Ensuring Eigen3 include directory is part of orocos-kdl CMake target
[0.986s] -- Configuring done
[1.000s] -- Generating done
[1.006s] -- Build files have been written to: /home/auauau/RM_Auto_Aim/build/armor_detector
[1.013s] Invoked command in '/home/auauau/RM_Auto_Aim/build/armor_detector' returned '0': CMAKE_PREFIX_PATH=/home/auauau/RM_Auto_Aim/install/auto_aim_interfaces:/home/auauau/RM_Auto_Aim/install/armor_detector:/opt/ros/humble LD_LIBRARY_PATH=/home/auauau/RM_Auto_Aim/install/auto_aim_interfaces/lib:/home/auauau/RM_Auto_Aim/install/armor_detector/lib:/opt/ros/humble/opt/rviz_ogre_vendor/lib:/opt/ros/humble/lib/x86_64-linux-gnu:/opt/ros/humble/lib /usr/bin/cmake /home/auauau/RM_Auto_Aim/src/armor_detector -DCMAKE_INSTALL_PREFIX=/home/auauau/RM_Auto_Aim/install/armor_detector
[1.014s] Invoking command in '/home/auauau/RM_Auto_Aim/build/armor_detector': CMAKE_PREFIX_PATH=/home/auauau/RM_Auto_Aim/install/auto_aim_interfaces:/home/auauau/RM_Auto_Aim/install/armor_detector:/opt/ros/humble LD_LIBRARY_PATH=/home/auauau/RM_Auto_Aim/install/auto_aim_interfaces/lib:/home/auauau/RM_Auto_Aim/install/armor_detector/lib:/opt/ros/humble/opt/rviz_ogre_vendor/lib:/opt/ros/humble/lib/x86_64-linux-gnu:/opt/ros/humble/lib /usr/bin/cmake --build /home/auauau/RM_Auto_Aim/build/armor_detector -- -j24 -l24
[1.064s] [  9%] [32mBuilding CXX object CMakeFiles/armor_detector.dir/src/corner_corrector.cpp.o[0m
[1.065s] [ 18%] [32mBuilding CXX object CMakeFiles/armor_detector_node.dir/rclcpp_components/node_main_armor_detector_node.cpp.o[0m
[1.065s] [ 27%] [32mBuilding CXX object CMakeFiles/armor_detector.dir/src/number_classifier.cpp.o[0m
[1.067s] [ 36%] [32mBuilding CXX object CMakeFiles/armor_detector.dir/src/tool.cpp.o[0m
[1.068s] [ 63%] [32mBuilding CXX object CMakeFiles/armor_detector.dir/src/detector_node.cpp.o[0m
[1.068s] [ 63%] [32mBuilding CXX object CMakeFiles/armor_detector.dir/src/detector.cpp.o[0m
[1.068s] [ 63%] [32mBuilding CXX object CMakeFiles/armor_detector.dir/src/pnp_solver.cpp.o[0m
[3.075s] [ 72%] [32m[1mLinking CXX executable armor_detector_node[0m
[3.156s] [ 72%] Built target armor_detector_node
[4.243s] [ 81%] [32m[1mLinking CXX shared library libarmor_detector.so[0m
[4.372s] [ 81%] Built target armor_detector
[4.389s] [ 90%] [32mBuilding CXX object CMakeFiles/armor_detector_test.dir/test/test.cpp.o[0m
[5.546s] [100%] [32m[1mLinking CXX executable armor_detector_test[0m
[5.740s] [100%] Built target armor_detector_test
[5.748s] Invoked command in '/home/auauau/RM_Auto_Aim/build/armor_detector' returned '0': CMAKE_PREFIX_PATH=/home/auauau/RM_Auto_Aim/install/auto_aim_interfaces:/home/auauau/RM_Auto_Aim/install/armor_detector:/opt/ros/humble LD_LIBRARY_PATH=/home/auauau/RM_Auto_Aim/install/auto_aim_interfaces/lib:/home/auauau/RM_Auto_Aim/install/armor_detector/lib:/opt/ros/humble/opt/rviz_ogre_vendor/lib:/opt/ros/humble/lib/x86_64-linux-gnu:/opt/ros/humble/lib /usr/bin/cmake --build /home/auauau/RM_Auto_Aim/build/armor_detector -- -j24 -l24
[5.748s] Invoking command in '/home/auauau/RM_Auto_Aim/build/armor_detector': CMAKE_PREFIX_PATH=/home/auauau/RM_Auto_Aim/install/auto_aim_interfaces:/home/auauau/RM_Auto_Aim/install/armor_detector:/opt/ros/humble LD_LIBRARY_PATH=/home/auauau/RM_Auto_Aim/install/auto_aim_interfaces/lib:/home/auauau/RM_Auto_Aim/install/armor_detector/lib:/opt/ros/humble/opt/rviz_ogre_vendor/lib:/opt/ros/humble/lib/x86_64-linux-gnu:/opt/ros/humble/lib /usr/bin/cmake --install /home/auauau/RM_Auto_Aim/build/armor_detector
[5.756s] -- Install configuration: ""
[5.756s] -- Installing: /home/auauau/RM_Auto_Aim/install/armor_detector/lib/armor_detector/armor_detector_node
[5.757s] -- Set runtime path of "/home/auauau/RM_Auto_Aim/install/armor_detector/lib/armor_detector/armor_detector_node" to ""
[5.757s] -- Installing: /home/auauau/RM_Auto_Aim/install/armor_detector/lib/armor_detector/armor_detector_test
[5.757s] -- Set runtime path of "/home/auauau/RM_Auto_Aim/install/armor_detector/lib/armor_detector/armor_detector_test" to ""
[5.757s] -- Installing: /home/auauau/RM_Auto_Aim/install/armor_detector/include
[5.757s] -- Installing: /home/auauau/RM_Auto_Aim/install/armor_detector/include/armor_detector
[5.757s] -- Installing: /home/auauau/RM_Auto_Aim/install/armor_detector/include/armor_detector/number_classifier.hpp
[5.757s] -- Installing: /home/auauau/RM_Auto_Aim/install/armor_detector/include/armor_detector/corner_corrector.hpp
[5.757s] -- Installing: /home/auauau/RM_Auto_Aim/install/armor_detector/include/armor_detector/armor.hpp
[5.757s] -- Installing: /home/auauau/RM_Auto_Aim/install/armor_detector/include/armor_detector/detector.hpp
[5.757s] -- Installing: /home/auauau/RM_Auto_Aim/install/armor_detector/include/armor_detector/tools.hpp
[5.757s] -- Installing: /home/auauau/RM_Auto_Aim/install/armor_detector/include/armor_detector/pnp_solver.hpp
[5.757s] -- Installing: /home/auauau/RM_Auto_Aim/install/armor_detector/include/armor_detector/detector_node.hpp
[5.758s] -- Installing: /home/auauau/RM_Auto_Aim/install/armor_detector/share/armor_detector/environment/library_path.sh
[5.758s] -- Installing: /home/auauau/RM_Auto_Aim/install/armor_detector/share/armor_detector/environment/library_path.dsv
[5.758s] -- Installing: /home/auauau/RM_Auto_Aim/install/armor_detector/lib/libarmor_detector.so
[5.758s] -- Set runtime path of "/home/auauau/RM_Auto_Aim/install/armor_detector/lib/libarmor_detector.so" to ""
[5.758s] -- Installing: /home/auauau/RM_Auto_Aim/install/armor_detector/share/ament_index/resource_index/package_run_dependencies/armor_detector
[5.758s] -- Installing: /home/auauau/RM_Auto_Aim/install/armor_detector/share/ament_index/resource_index/parent_prefix_path/armor_detector
[5.758s] -- Installing: /home/auauau/RM_Auto_Aim/install/armor_detector/share/armor_detector/environment/ament_prefix_path.sh
[5.759s] -- Installing: /home/auauau/RM_Auto_Aim/install/armor_detector/share/armor_detector/environment/ament_prefix_path.dsv
[5.759s] -- Installing: /home/auauau/RM_Auto_Aim/install/armor_detector/share/armor_detector/environment/path.sh
[5.759s] -- Installing: /home/auauau/RM_Auto_Aim/install/armor_detector/share/armor_detector/environment/path.dsv
[5.759s] -- Installing: /home/auauau/RM_Auto_Aim/install/armor_detector/share/armor_detector/local_setup.bash
[5.759s] -- Installing: /home/auauau/RM_Auto_Aim/install/armor_detector/share/armor_detector/local_setup.sh
[5.759s] -- Installing: /home/auauau/RM_Auto_Aim/install/armor_detector/share/armor_detector/local_setup.zsh
[5.759s] -- Installing: /home/auauau/RM_Auto_Aim/install/armor_detector/share/armor_detector/local_setup.dsv
[5.759s] -- Installing: /home/auauau/RM_Auto_Aim/install/armor_detector/share/armor_detector/package.dsv
[5.759s] -- Installing: /home/auauau/RM_Auto_Aim/install/armor_detector/share/ament_index/resource_index/packages/armor_detector
[5.759s] -- Installing: /home/auauau/RM_Auto_Aim/install/armor_detector/share/ament_index/resource_index/rclcpp_components/armor_detector
[5.759s] -- Installing: /home/auauau/RM_Auto_Aim/install/armor_detector/share/armor_detector/cmake/ament_cmake_export_dependencies-extras.cmake
[5.759s] -- Installing: /home/auauau/RM_Auto_Aim/install/armor_detector/share/armor_detector/cmake/ament_cmake_export_include_directories-extras.cmake
[5.759s] -- Installing: /home/auauau/RM_Auto_Aim/install/armor_detector/share/armor_detector/cmake/ament_cmake_export_libraries-extras.cmake
[5.759s] -- Installing: /home/auauau/RM_Auto_Aim/install/armor_detector/share/armor_detector/cmake/armor_detectorConfig.cmake
[5.759s] -- Installing: /home/auauau/RM_Auto_Aim/install/armor_detector/share/armor_detector/cmake/armor_detectorConfig-version.cmake
[5.760s] -- Installing: /home/auauau/RM_Auto_Aim/install/armor_detector/share/armor_detector/package.xml
[5.761s] Invoked command in '/home/auauau/RM_Auto_Aim/build/armor_detector' returned '0': CMAKE_PREFIX_PATH=/home/auauau/RM_Auto_Aim/install/auto_aim_interfaces:/home/auauau/RM_Auto_Aim/install/armor_detector:/opt/ros/humble LD_LIBRARY_PATH=/home/auauau/RM_Auto_Aim/install/auto_aim_interfaces/lib:/home/auauau/RM_Auto_Aim/install/armor_detector/lib:/opt/ros/humble/opt/rviz_ogre_vendor/lib:/opt/ros/humble/lib/x86_64-linux-gnu:/opt/ros/humble/lib /usr/bin/cmake --install /home/auauau/RM_Auto_Aim/build/armor_detector
