[0.061s] DEBUG:colcon:Command line arguments: ['/usr/bin/colcon', 'build']
[0.061s] DEBUG:colcon:Parsed command line arguments: Namespace(log_base=None, log_level=None, verb_name='build', build_base='build', install_base='install', merge_install=False, symlink_install=False, test_result_base=None, continue_on_error=False, executor='parallel', parallel_workers=24, event_handlers=None, ignore_user_meta=False, metas=['./colcon.meta'], base_paths=['.'], packages_ignore=None, packages_ignore_regex=None, paths=None, packages_up_to=None, packages_up_to_regex=None, packages_above=None, packages_above_and_dependencies=None, packages_above_depth=None, packages_select_by_dep=None, packages_skip_by_dep=None, packages_skip_up_to=None, packages_select_build_failed=False, packages_skip_build_finished=False, packages_select_test_failures=False, packages_skip_test_passed=False, packages_select=None, packages_skip=None, packages_select_regex=None, packages_skip_regex=None, packages_start=None, packages_end=None, allow_overriding=[], cmake_args=None, cmake_target=None, cmake_target_skip_unavailable=False, cmake_clean_cache=False, cmake_clean_first=False, cmake_force_configure=False, ament_cmake_args=None, catkin_cmake_args=None, catkin_skip_building_tests=False, verb_parser=<colcon_defaults.argument_parser.defaults.DefaultArgumentsDecorator object at 0x7292ae7a34c0>, verb_extension=<colcon_core.verb.build.BuildVerb object at 0x7292ae968970>, main=<bound method BuildVerb.main of <colcon_core.verb.build.BuildVerb object at 0x7292ae968970>>)
[0.151s] Level 1:colcon.colcon_core.package_discovery:discover_packages(colcon_meta) check parameters
[0.151s] Level 1:colcon.colcon_core.package_discovery:discover_packages(recursive) check parameters
[0.151s] Level 1:colcon.colcon_core.package_discovery:discover_packages(ignore) check parameters
[0.151s] Level 1:colcon.colcon_core.package_discovery:discover_packages(path) check parameters
[0.151s] Level 1:colcon.colcon_core.package_discovery:discover_packages(colcon_meta) discover
[0.151s] Level 1:colcon.colcon_core.package_discovery:discover_packages(recursive) discover
[0.151s] INFO:colcon.colcon_core.package_discovery:Crawling recursively for packages in '/home/auauau/RM_Auto_Aim'
[0.151s] Level 1:colcon.colcon_core.package_identification:_identify(.) by extensions ['ignore', 'ignore_ament_install']
[0.151s] Level 1:colcon.colcon_core.package_identification:_identify(.) by extension 'ignore'
[0.151s] Level 1:colcon.colcon_core.package_identification:_identify(.) by extension 'ignore_ament_install'
[0.152s] Level 1:colcon.colcon_core.package_identification:_identify(.) by extensions ['colcon_pkg']
[0.152s] Level 1:colcon.colcon_core.package_identification:_identify(.) by extension 'colcon_pkg'
[0.152s] Level 1:colcon.colcon_core.package_identification:_identify(.) by extensions ['colcon_meta']
[0.152s] Level 1:colcon.colcon_core.package_identification:_identify(.) by extension 'colcon_meta'
[0.152s] Level 1:colcon.colcon_core.package_identification:_identify(.) by extensions ['ros']
[0.152s] Level 1:colcon.colcon_core.package_identification:_identify(.) by extension 'ros'
[0.159s] Level 1:colcon.colcon_core.package_identification:_identify(.) by extensions ['cmake', 'python']
[0.159s] Level 1:colcon.colcon_core.package_identification:_identify(.) by extension 'cmake'
[0.159s] Level 1:colcon.colcon_core.package_identification:_identify(.) by extension 'python'
[0.159s] Level 1:colcon.colcon_core.package_identification:_identify(.) by extensions ['python_setup_py']
[0.159s] Level 1:colcon.colcon_core.package_identification:_identify(.) by extension 'python_setup_py'
[0.159s] Level 1:colcon.colcon_core.package_identification:_identify(build) by extensions ['ignore', 'ignore_ament_install']
[0.159s] Level 1:colcon.colcon_core.package_identification:_identify(build) by extension 'ignore'
[0.159s] Level 1:colcon.colcon_core.package_identification:_identify(build) ignored
[0.159s] Level 1:colcon.colcon_core.package_identification:_identify(install) by extensions ['ignore', 'ignore_ament_install']
[0.159s] Level 1:colcon.colcon_core.package_identification:_identify(install) by extension 'ignore'
[0.159s] Level 1:colcon.colcon_core.package_identification:_identify(install) ignored
[0.159s] Level 1:colcon.colcon_core.package_identification:_identify(log) by extensions ['ignore', 'ignore_ament_install']
[0.159s] Level 1:colcon.colcon_core.package_identification:_identify(log) by extension 'ignore'
[0.159s] Level 1:colcon.colcon_core.package_identification:_identify(log) ignored
[0.159s] Level 1:colcon.colcon_core.package_identification:_identify(src) by extensions ['ignore', 'ignore_ament_install']
[0.159s] Level 1:colcon.colcon_core.package_identification:_identify(src) by extension 'ignore'
[0.159s] Level 1:colcon.colcon_core.package_identification:_identify(src) by extension 'ignore_ament_install'
[0.159s] Level 1:colcon.colcon_core.package_identification:_identify(src) by extensions ['colcon_pkg']
[0.159s] Level 1:colcon.colcon_core.package_identification:_identify(src) by extension 'colcon_pkg'
[0.160s] Level 1:colcon.colcon_core.package_identification:_identify(src) by extensions ['colcon_meta']
[0.160s] Level 1:colcon.colcon_core.package_identification:_identify(src) by extension 'colcon_meta'
[0.160s] Level 1:colcon.colcon_core.package_identification:_identify(src) by extensions ['ros']
[0.160s] Level 1:colcon.colcon_core.package_identification:_identify(src) by extension 'ros'
[0.160s] Level 1:colcon.colcon_core.package_identification:_identify(src) by extensions ['cmake', 'python']
[0.160s] Level 1:colcon.colcon_core.package_identification:_identify(src) by extension 'cmake'
[0.160s] Level 1:colcon.colcon_core.package_identification:_identify(src) by extension 'python'
[0.160s] Level 1:colcon.colcon_core.package_identification:_identify(src) by extensions ['python_setup_py']
[0.160s] Level 1:colcon.colcon_core.package_identification:_identify(src) by extension 'python_setup_py'
[0.160s] Level 1:colcon.colcon_core.package_identification:_identify(src/armor_detector) by extensions ['ignore', 'ignore_ament_install']
[0.160s] Level 1:colcon.colcon_core.package_identification:_identify(src/armor_detector) by extension 'ignore'
[0.160s] Level 1:colcon.colcon_core.package_identification:_identify(src/armor_detector) by extension 'ignore_ament_install'
[0.160s] Level 1:colcon.colcon_core.package_identification:_identify(src/armor_detector) by extensions ['colcon_pkg']
[0.160s] Level 1:colcon.colcon_core.package_identification:_identify(src/armor_detector) by extension 'colcon_pkg'
[0.160s] Level 1:colcon.colcon_core.package_identification:_identify(src/armor_detector) by extensions ['colcon_meta']
[0.160s] Level 1:colcon.colcon_core.package_identification:_identify(src/armor_detector) by extension 'colcon_meta'
[0.160s] Level 1:colcon.colcon_core.package_identification:_identify(src/armor_detector) by extensions ['ros']
[0.160s] Level 1:colcon.colcon_core.package_identification:_identify(src/armor_detector) by extension 'ros'
[0.162s] DEBUG:colcon.colcon_core.package_identification:Package 'src/armor_detector' with type 'ros.ament_cmake' and name 'armor_detector'
[0.162s] Level 1:colcon.colcon_core.package_identification:_identify(src/auto_aim_interfaces) by extensions ['ignore', 'ignore_ament_install']
[0.162s] Level 1:colcon.colcon_core.package_identification:_identify(src/auto_aim_interfaces) by extension 'ignore'
[0.162s] Level 1:colcon.colcon_core.package_identification:_identify(src/auto_aim_interfaces) by extension 'ignore_ament_install'
[0.162s] Level 1:colcon.colcon_core.package_identification:_identify(src/auto_aim_interfaces) by extensions ['colcon_pkg']
[0.162s] Level 1:colcon.colcon_core.package_identification:_identify(src/auto_aim_interfaces) by extension 'colcon_pkg'
[0.162s] Level 1:colcon.colcon_core.package_identification:_identify(src/auto_aim_interfaces) by extensions ['colcon_meta']
[0.162s] Level 1:colcon.colcon_core.package_identification:_identify(src/auto_aim_interfaces) by extension 'colcon_meta'
[0.162s] Level 1:colcon.colcon_core.package_identification:_identify(src/auto_aim_interfaces) by extensions ['ros']
[0.162s] Level 1:colcon.colcon_core.package_identification:_identify(src/auto_aim_interfaces) by extension 'ros'
[0.163s] DEBUG:colcon.colcon_core.package_identification:Package 'src/auto_aim_interfaces' with type 'ros.ament_cmake' and name 'auto_aim_interfaces'
[0.163s] Level 1:colcon.colcon_core.package_discovery:discover_packages(recursive) using defaults
[0.163s] Level 1:colcon.colcon_core.package_discovery:discover_packages(ignore) discover
[0.163s] Level 1:colcon.colcon_core.package_discovery:discover_packages(ignore) using defaults
[0.163s] Level 1:colcon.colcon_core.package_discovery:discover_packages(path) discover
[0.163s] Level 1:colcon.colcon_core.package_discovery:discover_packages(path) using defaults
[0.181s] Level 1:colcon.colcon_core.package_discovery:discover_packages(prefix_path) check parameters
[0.181s] Level 1:colcon.colcon_core.package_discovery:discover_packages(prefix_path) discover
[0.182s] WARNING:colcon.colcon_ros.prefix_path.ament:The path '/home/auauau/RM_Auto_Aim/install/armor_detector' in the environment variable AMENT_PREFIX_PATH doesn't exist
[0.182s] WARNING:colcon.colcon_ros.prefix_path.ament:The path '/home/auauau/RM_Auto_Aim/install/auto_aim_interfaces' in the environment variable AMENT_PREFIX_PATH doesn't exist
[0.182s] WARNING:colcon.colcon_ros.prefix_path.catkin:The path '/home/auauau/RM_Auto_Aim/install/armor_detector' in the environment variable CMAKE_PREFIX_PATH doesn't exist
[0.182s] WARNING:colcon.colcon_ros.prefix_path.catkin:The path '/home/auauau/RM_Auto_Aim/install/auto_aim_interfaces' in the environment variable CMAKE_PREFIX_PATH doesn't exist
[0.182s] DEBUG:colcon.colcon_installed_package_information.package_discovery:Found 0 installed packages in /home/auauau/RM_Auto_Aim/install
[0.183s] DEBUG:colcon.colcon_installed_package_information.package_discovery:Found 288 installed packages in /opt/ros/humble
[0.184s] Level 1:colcon.colcon_core.package_discovery:discover_packages(prefix_path) using defaults
[0.208s] Level 5:colcon.colcon_core.verb:set package 'auto_aim_interfaces' build argument 'cmake_args' from command line to 'None'
[0.208s] Level 5:colcon.colcon_core.verb:set package 'auto_aim_interfaces' build argument 'cmake_target' from command line to 'None'
[0.208s] Level 5:colcon.colcon_core.verb:set package 'auto_aim_interfaces' build argument 'cmake_target_skip_unavailable' from command line to 'False'
[0.208s] Level 5:colcon.colcon_core.verb:set package 'auto_aim_interfaces' build argument 'cmake_clean_cache' from command line to 'False'
[0.208s] Level 5:colcon.colcon_core.verb:set package 'auto_aim_interfaces' build argument 'cmake_clean_first' from command line to 'False'
[0.208s] Level 5:colcon.colcon_core.verb:set package 'auto_aim_interfaces' build argument 'cmake_force_configure' from command line to 'False'
[0.208s] Level 5:colcon.colcon_core.verb:set package 'auto_aim_interfaces' build argument 'ament_cmake_args' from command line to 'None'
[0.208s] Level 5:colcon.colcon_core.verb:set package 'auto_aim_interfaces' build argument 'catkin_cmake_args' from command line to 'None'
[0.208s] Level 5:colcon.colcon_core.verb:set package 'auto_aim_interfaces' build argument 'catkin_skip_building_tests' from command line to 'False'
[0.208s] DEBUG:colcon.colcon_core.verb:Building package 'auto_aim_interfaces' with the following arguments: {'ament_cmake_args': None, 'build_base': '/home/auauau/RM_Auto_Aim/build/auto_aim_interfaces', 'catkin_cmake_args': None, 'catkin_skip_building_tests': False, 'cmake_args': None, 'cmake_clean_cache': False, 'cmake_clean_first': False, 'cmake_force_configure': False, 'cmake_target': None, 'cmake_target_skip_unavailable': False, 'install_base': '/home/auauau/RM_Auto_Aim/install/auto_aim_interfaces', 'merge_install': False, 'path': '/home/auauau/RM_Auto_Aim/src/auto_aim_interfaces', 'symlink_install': False, 'test_result_base': None}
[0.209s] Level 5:colcon.colcon_core.verb:set package 'armor_detector' build argument 'cmake_args' from command line to 'None'
[0.209s] Level 5:colcon.colcon_core.verb:set package 'armor_detector' build argument 'cmake_target' from command line to 'None'
[0.209s] Level 5:colcon.colcon_core.verb:set package 'armor_detector' build argument 'cmake_target_skip_unavailable' from command line to 'False'
[0.209s] Level 5:colcon.colcon_core.verb:set package 'armor_detector' build argument 'cmake_clean_cache' from command line to 'False'
[0.209s] Level 5:colcon.colcon_core.verb:set package 'armor_detector' build argument 'cmake_clean_first' from command line to 'False'
[0.209s] Level 5:colcon.colcon_core.verb:set package 'armor_detector' build argument 'cmake_force_configure' from command line to 'False'
[0.209s] Level 5:colcon.colcon_core.verb:set package 'armor_detector' build argument 'ament_cmake_args' from command line to 'None'
[0.209s] Level 5:colcon.colcon_core.verb:set package 'armor_detector' build argument 'catkin_cmake_args' from command line to 'None'
[0.209s] Level 5:colcon.colcon_core.verb:set package 'armor_detector' build argument 'catkin_skip_building_tests' from command line to 'False'
[0.209s] DEBUG:colcon.colcon_core.verb:Building package 'armor_detector' with the following arguments: {'ament_cmake_args': None, 'build_base': '/home/auauau/RM_Auto_Aim/build/armor_detector', 'catkin_cmake_args': None, 'catkin_skip_building_tests': False, 'cmake_args': None, 'cmake_clean_cache': False, 'cmake_clean_first': False, 'cmake_force_configure': False, 'cmake_target': None, 'cmake_target_skip_unavailable': False, 'install_base': '/home/auauau/RM_Auto_Aim/install/armor_detector', 'merge_install': False, 'path': '/home/auauau/RM_Auto_Aim/src/armor_detector', 'symlink_install': False, 'test_result_base': None}
[0.209s] INFO:colcon.colcon_core.executor:Executing jobs using 'parallel' executor
[0.210s] DEBUG:colcon.colcon_parallel_executor.executor.parallel:run_until_complete
[0.210s] INFO:colcon.colcon_ros.task.ament_cmake.build:Building ROS package in '/home/auauau/RM_Auto_Aim/src/auto_aim_interfaces' with build type 'ament_cmake'
[0.210s] INFO:colcon.colcon_cmake.task.cmake.build:Building CMake package in '/home/auauau/RM_Auto_Aim/src/auto_aim_interfaces'
[0.212s] INFO:colcon.colcon_core.plugin_system:Skipping extension 'colcon_core.shell.bat': Not used on non-Windows systems
[0.212s] INFO:colcon.colcon_core.shell:Skip shell extension 'powershell' for command environment: Not usable outside of PowerShell
[0.212s] DEBUG:colcon.colcon_core.shell:Skip shell extension 'dsv' for command environment
[0.217s] DEBUG:colcon.colcon_core.event_handler.log_command:Invoking command in '/home/auauau/RM_Auto_Aim/build/auto_aim_interfaces': CMAKE_PREFIX_PATH=${CMAKE_PREFIX_PATH}:/opt/ros/humble /usr/bin/cmake /home/auauau/RM_Auto_Aim/src/auto_aim_interfaces -DCMAKE_INSTALL_PREFIX=/home/auauau/RM_Auto_Aim/install/auto_aim_interfaces
[1.511s] DEBUG:colcon.colcon_core.event_handler.log_command:Invoked command in '/home/auauau/RM_Auto_Aim/build/auto_aim_interfaces' returned '0': CMAKE_PREFIX_PATH=${CMAKE_PREFIX_PATH}:/opt/ros/humble /usr/bin/cmake /home/auauau/RM_Auto_Aim/src/auto_aim_interfaces -DCMAKE_INSTALL_PREFIX=/home/auauau/RM_Auto_Aim/install/auto_aim_interfaces
[1.512s] DEBUG:colcon.colcon_core.event_handler.log_command:Invoking command in '/home/auauau/RM_Auto_Aim/build/auto_aim_interfaces': CMAKE_PREFIX_PATH=${CMAKE_PREFIX_PATH}:/opt/ros/humble /usr/bin/cmake --build /home/auauau/RM_Auto_Aim/build/auto_aim_interfaces -- -j24 -l24
[4.060s] DEBUG:colcon.colcon_core.event_handler.log_command:Invoked command in '/home/auauau/RM_Auto_Aim/build/auto_aim_interfaces' returned '0': CMAKE_PREFIX_PATH=${CMAKE_PREFIX_PATH}:/opt/ros/humble /usr/bin/cmake --build /home/auauau/RM_Auto_Aim/build/auto_aim_interfaces -- -j24 -l24
[4.067s] DEBUG:colcon.colcon_core.event_handler.log_command:Invoking command in '/home/auauau/RM_Auto_Aim/build/auto_aim_interfaces': CMAKE_PREFIX_PATH=${CMAKE_PREFIX_PATH}:/opt/ros/humble /usr/bin/cmake --install /home/auauau/RM_Auto_Aim/build/auto_aim_interfaces
[4.124s] Level 1:colcon.colcon_core.environment:create_environment_scripts_only(auto_aim_interfaces)
[4.124s] DEBUG:colcon.colcon_core.event_handler.log_command:Invoked command in '/home/auauau/RM_Auto_Aim/build/auto_aim_interfaces' returned '0': CMAKE_PREFIX_PATH=${CMAKE_PREFIX_PATH}:/opt/ros/humble /usr/bin/cmake --install /home/auauau/RM_Auto_Aim/build/auto_aim_interfaces
[4.126s] Level 1:colcon.colcon_core.environment:checking '/home/auauau/RM_Auto_Aim/install/auto_aim_interfaces' for CMake module files
[4.126s] Level 1:colcon.colcon_core.environment:checking '/home/auauau/RM_Auto_Aim/install/auto_aim_interfaces' for CMake config files
[4.126s] Level 1:colcon.colcon_core.shell:create_environment_hook('auto_aim_interfaces', 'cmake_prefix_path')
[4.126s] INFO:colcon.colcon_core.shell:Creating environment hook '/home/auauau/RM_Auto_Aim/install/auto_aim_interfaces/share/auto_aim_interfaces/hook/cmake_prefix_path.ps1'
[4.127s] INFO:colcon.colcon_core.shell:Creating environment descriptor '/home/auauau/RM_Auto_Aim/install/auto_aim_interfaces/share/auto_aim_interfaces/hook/cmake_prefix_path.dsv'
[4.127s] INFO:colcon.colcon_core.shell:Creating environment hook '/home/auauau/RM_Auto_Aim/install/auto_aim_interfaces/share/auto_aim_interfaces/hook/cmake_prefix_path.sh'
[4.128s] Level 1:colcon.colcon_core.environment:checking '/home/auauau/RM_Auto_Aim/install/auto_aim_interfaces/lib'
[4.128s] Level 1:colcon.colcon_core.shell:create_environment_hook('auto_aim_interfaces', 'ld_library_path_lib')
[4.128s] INFO:colcon.colcon_core.shell:Creating environment hook '/home/auauau/RM_Auto_Aim/install/auto_aim_interfaces/share/auto_aim_interfaces/hook/ld_library_path_lib.ps1'
[4.128s] INFO:colcon.colcon_core.shell:Creating environment descriptor '/home/auauau/RM_Auto_Aim/install/auto_aim_interfaces/share/auto_aim_interfaces/hook/ld_library_path_lib.dsv'
[4.128s] INFO:colcon.colcon_core.shell:Creating environment hook '/home/auauau/RM_Auto_Aim/install/auto_aim_interfaces/share/auto_aim_interfaces/hook/ld_library_path_lib.sh'
[4.128s] Level 1:colcon.colcon_core.environment:checking '/home/auauau/RM_Auto_Aim/install/auto_aim_interfaces/bin'
[4.128s] Level 1:colcon.colcon_core.environment:checking '/home/auauau/RM_Auto_Aim/install/auto_aim_interfaces/lib/pkgconfig/auto_aim_interfaces.pc'
[4.129s] Level 1:colcon.colcon_core.environment:checking '/home/auauau/RM_Auto_Aim/install/auto_aim_interfaces/lib/python3.10/site-packages'
[4.129s] Level 1:colcon.colcon_core.environment:checking '/home/auauau/RM_Auto_Aim/install/auto_aim_interfaces/bin'
[4.129s] INFO:colcon.colcon_core.shell:Creating package script '/home/auauau/RM_Auto_Aim/install/auto_aim_interfaces/share/auto_aim_interfaces/package.ps1'
[4.129s] INFO:colcon.colcon_core.shell:Creating package descriptor '/home/auauau/RM_Auto_Aim/install/auto_aim_interfaces/share/auto_aim_interfaces/package.dsv'
[4.130s] INFO:colcon.colcon_core.shell:Creating package script '/home/auauau/RM_Auto_Aim/install/auto_aim_interfaces/share/auto_aim_interfaces/package.sh'
[4.130s] INFO:colcon.colcon_core.shell:Creating package script '/home/auauau/RM_Auto_Aim/install/auto_aim_interfaces/share/auto_aim_interfaces/package.bash'
[4.131s] INFO:colcon.colcon_core.shell:Creating package script '/home/auauau/RM_Auto_Aim/install/auto_aim_interfaces/share/auto_aim_interfaces/package.zsh'
[4.131s] Level 1:colcon.colcon_core.environment:create_file_with_runtime_dependencies(/home/auauau/RM_Auto_Aim/install/auto_aim_interfaces/share/colcon-core/packages/auto_aim_interfaces)
[4.131s] Level 1:colcon.colcon_core.environment:create_environment_scripts_only(auto_aim_interfaces)
[4.131s] Level 1:colcon.colcon_core.environment:checking '/home/auauau/RM_Auto_Aim/install/auto_aim_interfaces' for CMake module files
[4.132s] Level 1:colcon.colcon_core.environment:checking '/home/auauau/RM_Auto_Aim/install/auto_aim_interfaces' for CMake config files
[4.132s] Level 1:colcon.colcon_core.shell:create_environment_hook('auto_aim_interfaces', 'cmake_prefix_path')
[4.132s] INFO:colcon.colcon_core.shell:Creating environment hook '/home/auauau/RM_Auto_Aim/install/auto_aim_interfaces/share/auto_aim_interfaces/hook/cmake_prefix_path.ps1'
[4.132s] INFO:colcon.colcon_core.shell:Creating environment descriptor '/home/auauau/RM_Auto_Aim/install/auto_aim_interfaces/share/auto_aim_interfaces/hook/cmake_prefix_path.dsv'
[4.132s] INFO:colcon.colcon_core.shell:Creating environment hook '/home/auauau/RM_Auto_Aim/install/auto_aim_interfaces/share/auto_aim_interfaces/hook/cmake_prefix_path.sh'
[4.133s] Level 1:colcon.colcon_core.environment:checking '/home/auauau/RM_Auto_Aim/install/auto_aim_interfaces/lib'
[4.133s] Level 1:colcon.colcon_core.shell:create_environment_hook('auto_aim_interfaces', 'ld_library_path_lib')
[4.133s] INFO:colcon.colcon_core.shell:Creating environment hook '/home/auauau/RM_Auto_Aim/install/auto_aim_interfaces/share/auto_aim_interfaces/hook/ld_library_path_lib.ps1'
[4.133s] INFO:colcon.colcon_core.shell:Creating environment descriptor '/home/auauau/RM_Auto_Aim/install/auto_aim_interfaces/share/auto_aim_interfaces/hook/ld_library_path_lib.dsv'
[4.133s] INFO:colcon.colcon_core.shell:Creating environment hook '/home/auauau/RM_Auto_Aim/install/auto_aim_interfaces/share/auto_aim_interfaces/hook/ld_library_path_lib.sh'
[4.134s] Level 1:colcon.colcon_core.environment:checking '/home/auauau/RM_Auto_Aim/install/auto_aim_interfaces/bin'
[4.134s] Level 1:colcon.colcon_core.environment:checking '/home/auauau/RM_Auto_Aim/install/auto_aim_interfaces/lib/pkgconfig/auto_aim_interfaces.pc'
[4.134s] Level 1:colcon.colcon_core.environment:checking '/home/auauau/RM_Auto_Aim/install/auto_aim_interfaces/lib/python3.10/site-packages'
[4.134s] Level 1:colcon.colcon_core.environment:checking '/home/auauau/RM_Auto_Aim/install/auto_aim_interfaces/bin'
[4.134s] INFO:colcon.colcon_core.shell:Creating package script '/home/auauau/RM_Auto_Aim/install/auto_aim_interfaces/share/auto_aim_interfaces/package.ps1'
[4.134s] INFO:colcon.colcon_core.shell:Creating package descriptor '/home/auauau/RM_Auto_Aim/install/auto_aim_interfaces/share/auto_aim_interfaces/package.dsv'
[4.135s] INFO:colcon.colcon_core.shell:Creating package script '/home/auauau/RM_Auto_Aim/install/auto_aim_interfaces/share/auto_aim_interfaces/package.sh'
[4.135s] INFO:colcon.colcon_core.shell:Creating package script '/home/auauau/RM_Auto_Aim/install/auto_aim_interfaces/share/auto_aim_interfaces/package.bash'
[4.135s] INFO:colcon.colcon_core.shell:Creating package script '/home/auauau/RM_Auto_Aim/install/auto_aim_interfaces/share/auto_aim_interfaces/package.zsh'
[4.135s] Level 1:colcon.colcon_core.environment:create_file_with_runtime_dependencies(/home/auauau/RM_Auto_Aim/install/auto_aim_interfaces/share/colcon-core/packages/auto_aim_interfaces)
[4.135s] INFO:colcon.colcon_ros.task.ament_cmake.build:Building ROS package in '/home/auauau/RM_Auto_Aim/src/armor_detector' with build type 'ament_cmake'
[4.135s] INFO:colcon.colcon_cmake.task.cmake.build:Building CMake package in '/home/auauau/RM_Auto_Aim/src/armor_detector'
[4.136s] INFO:colcon.colcon_core.shell:Skip shell extension 'powershell' for command environment: Not usable outside of PowerShell
[4.136s] DEBUG:colcon.colcon_core.shell:Skip shell extension 'dsv' for command environment
[4.143s] DEBUG:colcon.colcon_core.event_handler.log_command:Invoking command in '/home/auauau/RM_Auto_Aim/build/armor_detector': CMAKE_PREFIX_PATH=/home/auauau/RM_Auto_Aim/install/auto_aim_interfaces:/home/auauau/RM_Auto_Aim/install/armor_detector:/opt/ros/humble LD_LIBRARY_PATH=/home/auauau/RM_Auto_Aim/install/auto_aim_interfaces/lib:/home/auauau/RM_Auto_Aim/install/armor_detector/lib:/opt/ros/humble/opt/rviz_ogre_vendor/lib:/opt/ros/humble/lib/x86_64-linux-gnu:/opt/ros/humble/lib /usr/bin/cmake /home/auauau/RM_Auto_Aim/src/armor_detector -DCMAKE_INSTALL_PREFIX=/home/auauau/RM_Auto_Aim/install/armor_detector
[5.149s] DEBUG:colcon.colcon_core.event_handler.log_command:Invoked command in '/home/auauau/RM_Auto_Aim/build/armor_detector' returned '0': CMAKE_PREFIX_PATH=/home/auauau/RM_Auto_Aim/install/auto_aim_interfaces:/home/auauau/RM_Auto_Aim/install/armor_detector:/opt/ros/humble LD_LIBRARY_PATH=/home/auauau/RM_Auto_Aim/install/auto_aim_interfaces/lib:/home/auauau/RM_Auto_Aim/install/armor_detector/lib:/opt/ros/humble/opt/rviz_ogre_vendor/lib:/opt/ros/humble/lib/x86_64-linux-gnu:/opt/ros/humble/lib /usr/bin/cmake /home/auauau/RM_Auto_Aim/src/armor_detector -DCMAKE_INSTALL_PREFIX=/home/auauau/RM_Auto_Aim/install/armor_detector
[5.150s] DEBUG:colcon.colcon_core.event_handler.log_command:Invoking command in '/home/auauau/RM_Auto_Aim/build/armor_detector': CMAKE_PREFIX_PATH=/home/auauau/RM_Auto_Aim/install/auto_aim_interfaces:/home/auauau/RM_Auto_Aim/install/armor_detector:/opt/ros/humble LD_LIBRARY_PATH=/home/auauau/RM_Auto_Aim/install/auto_aim_interfaces/lib:/home/auauau/RM_Auto_Aim/install/armor_detector/lib:/opt/ros/humble/opt/rviz_ogre_vendor/lib:/opt/ros/humble/lib/x86_64-linux-gnu:/opt/ros/humble/lib /usr/bin/cmake --build /home/auauau/RM_Auto_Aim/build/armor_detector -- -j24 -l24
[9.884s] DEBUG:colcon.colcon_core.event_handler.log_command:Invoked command in '/home/auauau/RM_Auto_Aim/build/armor_detector' returned '0': CMAKE_PREFIX_PATH=/home/auauau/RM_Auto_Aim/install/auto_aim_interfaces:/home/auauau/RM_Auto_Aim/install/armor_detector:/opt/ros/humble LD_LIBRARY_PATH=/home/auauau/RM_Auto_Aim/install/auto_aim_interfaces/lib:/home/auauau/RM_Auto_Aim/install/armor_detector/lib:/opt/ros/humble/opt/rviz_ogre_vendor/lib:/opt/ros/humble/lib/x86_64-linux-gnu:/opt/ros/humble/lib /usr/bin/cmake --build /home/auauau/RM_Auto_Aim/build/armor_detector -- -j24 -l24
[9.885s] DEBUG:colcon.colcon_core.event_handler.log_command:Invoking command in '/home/auauau/RM_Auto_Aim/build/armor_detector': CMAKE_PREFIX_PATH=/home/auauau/RM_Auto_Aim/install/auto_aim_interfaces:/home/auauau/RM_Auto_Aim/install/armor_detector:/opt/ros/humble LD_LIBRARY_PATH=/home/auauau/RM_Auto_Aim/install/auto_aim_interfaces/lib:/home/auauau/RM_Auto_Aim/install/armor_detector/lib:/opt/ros/humble/opt/rviz_ogre_vendor/lib:/opt/ros/humble/lib/x86_64-linux-gnu:/opt/ros/humble/lib /usr/bin/cmake --install /home/auauau/RM_Auto_Aim/build/armor_detector
[9.897s] Level 1:colcon.colcon_core.environment:create_environment_scripts_only(armor_detector)
[9.897s] DEBUG:colcon.colcon_core.event_handler.log_command:Invoked command in '/home/auauau/RM_Auto_Aim/build/armor_detector' returned '0': CMAKE_PREFIX_PATH=/home/auauau/RM_Auto_Aim/install/auto_aim_interfaces:/home/auauau/RM_Auto_Aim/install/armor_detector:/opt/ros/humble LD_LIBRARY_PATH=/home/auauau/RM_Auto_Aim/install/auto_aim_interfaces/lib:/home/auauau/RM_Auto_Aim/install/armor_detector/lib:/opt/ros/humble/opt/rviz_ogre_vendor/lib:/opt/ros/humble/lib/x86_64-linux-gnu:/opt/ros/humble/lib /usr/bin/cmake --install /home/auauau/RM_Auto_Aim/build/armor_detector
[9.898s] Level 1:colcon.colcon_core.environment:checking '/home/auauau/RM_Auto_Aim/install/armor_detector' for CMake module files
[9.898s] Level 1:colcon.colcon_core.environment:checking '/home/auauau/RM_Auto_Aim/install/armor_detector' for CMake config files
[9.898s] Level 1:colcon.colcon_core.shell:create_environment_hook('armor_detector', 'cmake_prefix_path')
[9.898s] INFO:colcon.colcon_core.shell:Creating environment hook '/home/auauau/RM_Auto_Aim/install/armor_detector/share/armor_detector/hook/cmake_prefix_path.ps1'
[9.898s] INFO:colcon.colcon_core.shell:Creating environment descriptor '/home/auauau/RM_Auto_Aim/install/armor_detector/share/armor_detector/hook/cmake_prefix_path.dsv'
[9.899s] INFO:colcon.colcon_core.shell:Creating environment hook '/home/auauau/RM_Auto_Aim/install/armor_detector/share/armor_detector/hook/cmake_prefix_path.sh'
[9.899s] Level 1:colcon.colcon_core.environment:checking '/home/auauau/RM_Auto_Aim/install/armor_detector/lib'
[9.899s] Level 1:colcon.colcon_core.shell:create_environment_hook('armor_detector', 'ld_library_path_lib')
[9.899s] INFO:colcon.colcon_core.shell:Creating environment hook '/home/auauau/RM_Auto_Aim/install/armor_detector/share/armor_detector/hook/ld_library_path_lib.ps1'
[9.899s] INFO:colcon.colcon_core.shell:Creating environment descriptor '/home/auauau/RM_Auto_Aim/install/armor_detector/share/armor_detector/hook/ld_library_path_lib.dsv'
[9.900s] INFO:colcon.colcon_core.shell:Creating environment hook '/home/auauau/RM_Auto_Aim/install/armor_detector/share/armor_detector/hook/ld_library_path_lib.sh'
[9.900s] Level 1:colcon.colcon_core.environment:checking '/home/auauau/RM_Auto_Aim/install/armor_detector/bin'
[9.900s] Level 1:colcon.colcon_core.environment:checking '/home/auauau/RM_Auto_Aim/install/armor_detector/lib/pkgconfig/armor_detector.pc'
[9.900s] Level 1:colcon.colcon_core.environment:checking '/home/auauau/RM_Auto_Aim/install/armor_detector/lib/python3.10/site-packages'
[9.900s] Level 1:colcon.colcon_core.environment:checking '/home/auauau/RM_Auto_Aim/install/armor_detector/bin'
[9.900s] INFO:colcon.colcon_core.shell:Creating package script '/home/auauau/RM_Auto_Aim/install/armor_detector/share/armor_detector/package.ps1'
[9.900s] INFO:colcon.colcon_core.shell:Creating package descriptor '/home/auauau/RM_Auto_Aim/install/armor_detector/share/armor_detector/package.dsv'
[9.901s] INFO:colcon.colcon_core.shell:Creating package script '/home/auauau/RM_Auto_Aim/install/armor_detector/share/armor_detector/package.sh'
[9.901s] INFO:colcon.colcon_core.shell:Creating package script '/home/auauau/RM_Auto_Aim/install/armor_detector/share/armor_detector/package.bash'
[9.901s] INFO:colcon.colcon_core.shell:Creating package script '/home/auauau/RM_Auto_Aim/install/armor_detector/share/armor_detector/package.zsh'
[9.901s] Level 1:colcon.colcon_core.environment:create_file_with_runtime_dependencies(/home/auauau/RM_Auto_Aim/install/armor_detector/share/colcon-core/packages/armor_detector)
[9.902s] Level 1:colcon.colcon_core.environment:create_environment_scripts_only(armor_detector)
[9.902s] Level 1:colcon.colcon_core.environment:checking '/home/auauau/RM_Auto_Aim/install/armor_detector' for CMake module files
[9.902s] Level 1:colcon.colcon_core.environment:checking '/home/auauau/RM_Auto_Aim/install/armor_detector' for CMake config files
[9.902s] Level 1:colcon.colcon_core.shell:create_environment_hook('armor_detector', 'cmake_prefix_path')
[9.902s] INFO:colcon.colcon_core.shell:Creating environment hook '/home/auauau/RM_Auto_Aim/install/armor_detector/share/armor_detector/hook/cmake_prefix_path.ps1'
[9.902s] INFO:colcon.colcon_core.shell:Creating environment descriptor '/home/auauau/RM_Auto_Aim/install/armor_detector/share/armor_detector/hook/cmake_prefix_path.dsv'
[9.902s] INFO:colcon.colcon_core.shell:Creating environment hook '/home/auauau/RM_Auto_Aim/install/armor_detector/share/armor_detector/hook/cmake_prefix_path.sh'
[9.903s] Level 1:colcon.colcon_core.environment:checking '/home/auauau/RM_Auto_Aim/install/armor_detector/lib'
[9.903s] Level 1:colcon.colcon_core.shell:create_environment_hook('armor_detector', 'ld_library_path_lib')
[9.903s] INFO:colcon.colcon_core.shell:Creating environment hook '/home/auauau/RM_Auto_Aim/install/armor_detector/share/armor_detector/hook/ld_library_path_lib.ps1'
[9.903s] INFO:colcon.colcon_core.shell:Creating environment descriptor '/home/auauau/RM_Auto_Aim/install/armor_detector/share/armor_detector/hook/ld_library_path_lib.dsv'
[9.903s] INFO:colcon.colcon_core.shell:Creating environment hook '/home/auauau/RM_Auto_Aim/install/armor_detector/share/armor_detector/hook/ld_library_path_lib.sh'
[9.904s] Level 1:colcon.colcon_core.environment:checking '/home/auauau/RM_Auto_Aim/install/armor_detector/bin'
[9.904s] Level 1:colcon.colcon_core.environment:checking '/home/auauau/RM_Auto_Aim/install/armor_detector/lib/pkgconfig/armor_detector.pc'
[9.904s] Level 1:colcon.colcon_core.environment:checking '/home/auauau/RM_Auto_Aim/install/armor_detector/lib/python3.10/site-packages'
[9.904s] Level 1:colcon.colcon_core.environment:checking '/home/auauau/RM_Auto_Aim/install/armor_detector/bin'
[9.904s] INFO:colcon.colcon_core.shell:Creating package script '/home/auauau/RM_Auto_Aim/install/armor_detector/share/armor_detector/package.ps1'
[9.904s] INFO:colcon.colcon_core.shell:Creating package descriptor '/home/auauau/RM_Auto_Aim/install/armor_detector/share/armor_detector/package.dsv'
[9.904s] INFO:colcon.colcon_core.shell:Creating package script '/home/auauau/RM_Auto_Aim/install/armor_detector/share/armor_detector/package.sh'
[9.905s] INFO:colcon.colcon_core.shell:Creating package script '/home/auauau/RM_Auto_Aim/install/armor_detector/share/armor_detector/package.bash'
[9.905s] INFO:colcon.colcon_core.shell:Creating package script '/home/auauau/RM_Auto_Aim/install/armor_detector/share/armor_detector/package.zsh'
[9.905s] Level 1:colcon.colcon_core.environment:create_file_with_runtime_dependencies(/home/auauau/RM_Auto_Aim/install/armor_detector/share/colcon-core/packages/armor_detector)
[9.905s] DEBUG:colcon.colcon_parallel_executor.executor.parallel:closing loop
[9.905s] DEBUG:colcon.colcon_parallel_executor.executor.parallel:loop closed
[9.905s] DEBUG:colcon.colcon_parallel_executor.executor.parallel:run_until_complete finished with '0'
[9.905s] DEBUG:colcon.colcon_core.event_reactor:joining thread
[9.908s] INFO:colcon.colcon_core.plugin_system:Skipping extension 'colcon_notification.desktop_notification.terminal_notifier': Not used on non-Darwin systems
[9.908s] INFO:colcon.colcon_core.plugin_system:Skipping extension 'colcon_notification.desktop_notification.win32': Not used on non-Windows systems
[9.908s] INFO:colcon.colcon_notification.desktop_notification:Sending desktop notification using 'notify2'
[9.917s] DEBUG:colcon.colcon_core.event_reactor:joined thread
[9.918s] INFO:colcon.colcon_core.shell:Creating prefix script '/home/auauau/RM_Auto_Aim/install/local_setup.ps1'
[9.918s] INFO:colcon.colcon_core.shell:Creating prefix util module '/home/auauau/RM_Auto_Aim/install/_local_setup_util_ps1.py'
[9.919s] INFO:colcon.colcon_core.shell:Creating prefix chain script '/home/auauau/RM_Auto_Aim/install/setup.ps1'
[9.920s] INFO:colcon.colcon_core.shell:Creating prefix script '/home/auauau/RM_Auto_Aim/install/local_setup.sh'
[9.921s] INFO:colcon.colcon_core.shell:Creating prefix util module '/home/auauau/RM_Auto_Aim/install/_local_setup_util_sh.py'
[9.921s] INFO:colcon.colcon_core.shell:Creating prefix chain script '/home/auauau/RM_Auto_Aim/install/setup.sh'
[9.922s] INFO:colcon.colcon_core.shell:Creating prefix script '/home/auauau/RM_Auto_Aim/install/local_setup.bash'
[9.922s] INFO:colcon.colcon_core.shell:Creating prefix chain script '/home/auauau/RM_Auto_Aim/install/setup.bash'
[9.923s] INFO:colcon.colcon_core.shell:Creating prefix script '/home/auauau/RM_Auto_Aim/install/local_setup.zsh'
[9.923s] INFO:colcon.colcon_core.shell:Creating prefix chain script '/home/auauau/RM_Auto_Aim/install/setup.zsh'
