[0.007s] Invoking command in '/home/auauau/RM_Auto_Aim/build/auto_aim_interfaces': CMAKE_PREFIX_PATH=${CMAKE_PREFIX_PATH}:/opt/ros/humble /usr/bin/cmake /home/auauau/RM_Auto_Aim/src/auto_aim_interfaces -DCMAKE_INSTALL_PREFIX=/home/auauau/RM_Auto_Aim/install/auto_aim_interfaces
[0.048s] -- The C compiler identification is GNU 11.4.0
[0.096s] -- The CXX compiler identification is GNU 11.4.0
[0.101s] -- Detecting C compiler ABI info
[0.153s] -- Detecting C compiler ABI info - done
[0.158s] -- Check for working C compiler: /usr/bin/cc - skipped
[0.159s] -- Detecting C compile features
[0.159s] -- Detecting C compile features - done
[0.161s] -- Detecting CXX compiler ABI info
[0.248s] -- Detecting CXX compiler ABI info - done
[0.256s] -- Check for working CXX compiler: /usr/bin/c++ - skipped
[0.256s] -- Detecting CXX compile features
[0.256s] -- Detecting CXX compile features - done
[0.257s] -- Found ament_cmake: 1.3.11 (/opt/ros/humble/share/ament_cmake/cmake)
[0.377s] -- Found Python3: /usr/bin/python3 (found version "3.10.12") found components: Interpreter 
[0.440s] -- Found rosidl_default_generators: 1.2.0 (/opt/ros/humble/share/rosidl_default_generators/cmake)
[0.442s] -- Using all available rosidl_typesupport_c: rosidl_typesupport_fastrtps_c;rosidl_typesupport_introspection_c
[0.446s] -- Found rosidl_adapter: 3.1.6 (/opt/ros/humble/share/rosidl_adapter/cmake)
[0.470s] -- Using all available rosidl_typesupport_cpp: rosidl_typesupport_fastrtps_cpp;rosidl_typesupport_introspection_cpp
[0.490s] -- Found geometry_msgs: 4.2.4 (/opt/ros/humble/share/geometry_msgs/cmake)
[0.726s] -- Found ament_cmake_ros: 0.10.0 (/opt/ros/humble/share/ament_cmake_ros/cmake)
[0.913s] -- Using all available rosidl_typesupport_c: rosidl_typesupport_fastrtps_c;rosidl_typesupport_introspection_c
[1.156s] -- Using all available rosidl_typesupport_cpp: rosidl_typesupport_fastrtps_cpp;rosidl_typesupport_introspection_cpp
[1.172s] -- Found PythonInterp: /usr/bin/python3 (found suitable version "3.10.12", minimum required is "3.6") 
[1.173s] -- Found python_cmake_module: 0.10.0 (/opt/ros/humble/share/python_cmake_module/cmake)
[1.192s] -- Found PythonLibs: /usr/lib/x86_64-linux-gnu/libpython3.10.so (found suitable version "3.10.12", minimum required is "3.5") 
[1.192s] -- Using PYTHON_EXECUTABLE: /usr/bin/python3
[1.192s] -- Using PYTHON_INCLUDE_DIRS: /usr/include/python3.10
[1.192s] -- Using PYTHON_LIBRARIES: /usr/lib/x86_64-linux-gnu/libpython3.10.so
[1.206s] -- Found PythonExtra: .so  
[1.246s] -- Found ament_lint_auto: 0.12.11 (/opt/ros/humble/share/ament_lint_auto/cmake)
[1.256s] -- Added test 'lint_cmake' to check CMake code style
[1.257s] -- Added test 'xmllint' to check XML markup files
[1.258s] -- Configuring done
[1.286s] -- Generating done
[1.294s] -- Build files have been written to: /home/auauau/RM_Auto_Aim/build/auto_aim_interfaces
[1.301s] Invoked command in '/home/auauau/RM_Auto_Aim/build/auto_aim_interfaces' returned '0': CMAKE_PREFIX_PATH=${CMAKE_PREFIX_PATH}:/opt/ros/humble /usr/bin/cmake /home/auauau/RM_Auto_Aim/src/auto_aim_interfaces -DCMAKE_INSTALL_PREFIX=/home/auauau/RM_Auto_Aim/install/auto_aim_interfaces
[1.301s] Invoking command in '/home/auauau/RM_Auto_Aim/build/auto_aim_interfaces': CMAKE_PREFIX_PATH=${CMAKE_PREFIX_PATH}:/opt/ros/humble /usr/bin/cmake --build /home/auauau/RM_Auto_Aim/build/auto_aim_interfaces -- -j24 -l24
[1.344s] [  1%] [34m[1mGenerating C code for ROS interfaces[0m
[1.354s] [  2%] [34m[1mGenerating C++ code for ROS interfaces[0m
[1.359s] [  2%] Built target ament_cmake_python_copy_auto_aim_interfaces
[1.509s] running egg_info
[1.510s] creating auto_aim_interfaces.egg-info
[1.510s] writing auto_aim_interfaces.egg-info/PKG-INFO
[1.510s] writing dependency_links to auto_aim_interfaces.egg-info/dependency_links.txt
[1.510s] writing top-level names to auto_aim_interfaces.egg-info/top_level.txt
[1.510s] writing manifest file 'auto_aim_interfaces.egg-info/SOURCES.txt'
[1.512s] reading manifest file 'auto_aim_interfaces.egg-info/SOURCES.txt'
[1.512s] writing manifest file 'auto_aim_interfaces.egg-info/SOURCES.txt'
[1.532s] [  2%] Built target ament_cmake_python_build_auto_aim_interfaces_egg
[1.735s] [  2%] Built target auto_aim_interfaces__cpp
[1.744s] [  4%] [34m[1mGenerating C++ type support for eProsima Fast-RTPS[0m
[1.744s] [  4%] [34m[1mGenerating C++ introspection for ROS interfaces[0m
[1.744s] [  5%] [34m[1mGenerating C++ type support dispatch for ROS interfaces[0m
[1.754s] [  6%] [32mBuilding C object CMakeFiles/auto_aim_interfaces__rosidl_generator_c.dir/rosidl_generator_c/auto_aim_interfaces/msg/detail/target__functions.c.o[0m
[1.754s] [  8%] [32mBuilding C object CMakeFiles/auto_aim_interfaces__rosidl_generator_c.dir/rosidl_generator_c/auto_aim_interfaces/msg/detail/debug_armors__functions.c.o[0m
[1.755s] [ 10%] [32mBuilding C object CMakeFiles/auto_aim_interfaces__rosidl_generator_c.dir/rosidl_generator_c/auto_aim_interfaces/msg/detail/debug_light__functions.c.o[0m
[1.755s] [ 10%] [32mBuilding C object CMakeFiles/auto_aim_interfaces__rosidl_generator_c.dir/rosidl_generator_c/auto_aim_interfaces/msg/detail/tracker_info__functions.c.o[0m
[1.756s] [ 11%] [32mBuilding C object CMakeFiles/auto_aim_interfaces__rosidl_generator_c.dir/rosidl_generator_c/auto_aim_interfaces/msg/detail/armors__functions.c.o[0m
[1.756s] [ 12%] [32mBuilding C object CMakeFiles/auto_aim_interfaces__rosidl_generator_c.dir/rosidl_generator_c/auto_aim_interfaces/msg/detail/armor__functions.c.o[0m
[1.756s] [ 13%] [32mBuilding C object CMakeFiles/auto_aim_interfaces__rosidl_generator_c.dir/rosidl_generator_c/auto_aim_interfaces/msg/detail/debug_lights__functions.c.o[0m
[1.756s] [ 14%] [32mBuilding C object CMakeFiles/auto_aim_interfaces__rosidl_generator_c.dir/rosidl_generator_c/auto_aim_interfaces/msg/detail/debug_armor__functions.c.o[0m
[1.805s] [ 16%] [32m[1mLinking C shared library libauto_aim_interfaces__rosidl_generator_c.so[0m
[1.835s] [ 16%] Built target auto_aim_interfaces__rosidl_generator_c
[1.844s] [ 17%] [34m[1mGenerating C introspection for ROS interfaces[0m
[1.844s] [ 18%] [34m[1mGenerating C type support for eProsima Fast-RTPS[0m
[1.844s] [ 19%] [34m[1mGenerating C type support dispatch for ROS interfaces[0m
[2.026s] [ 20%] [32mBuilding CXX object CMakeFiles/auto_aim_interfaces__rosidl_typesupport_cpp.dir/rosidl_typesupport_cpp/auto_aim_interfaces/msg/target__type_support.cpp.o[0m
[2.027s] [ 21%] [32mBuilding CXX object CMakeFiles/auto_aim_interfaces__rosidl_typesupport_cpp.dir/rosidl_typesupport_cpp/auto_aim_interfaces/msg/debug_light__type_support.cpp.o[0m
[2.027s] [ 22%] [32mBuilding CXX object CMakeFiles/auto_aim_interfaces__rosidl_typesupport_cpp.dir/rosidl_typesupport_cpp/auto_aim_interfaces/msg/debug_lights__type_support.cpp.o[0m
[2.028s] [ 24%] [32mBuilding CXX object CMakeFiles/auto_aim_interfaces__rosidl_typesupport_cpp.dir/rosidl_typesupport_cpp/auto_aim_interfaces/msg/armor__type_support.cpp.o[0m
[2.028s] [ 25%] [32mBuilding CXX object CMakeFiles/auto_aim_interfaces__rosidl_typesupport_cpp.dir/rosidl_typesupport_cpp/auto_aim_interfaces/msg/armors__type_support.cpp.o[0m
[2.029s] [ 26%] [32mBuilding CXX object CMakeFiles/auto_aim_interfaces__rosidl_typesupport_cpp.dir/rosidl_typesupport_cpp/auto_aim_interfaces/msg/debug_armor__type_support.cpp.o[0m
[2.030s] [ 27%] [32mBuilding CXX object CMakeFiles/auto_aim_interfaces__rosidl_typesupport_cpp.dir/rosidl_typesupport_cpp/auto_aim_interfaces/msg/debug_armors__type_support.cpp.o[0m
[2.030s] [ 28%] [32mBuilding CXX object CMakeFiles/auto_aim_interfaces__rosidl_typesupport_cpp.dir/rosidl_typesupport_cpp/auto_aim_interfaces/msg/tracker_info__type_support.cpp.o[0m
[2.129s] [ 29%] [32mBuilding CXX object CMakeFiles/auto_aim_interfaces__rosidl_typesupport_introspection_cpp.dir/rosidl_typesupport_introspection_cpp/auto_aim_interfaces/msg/detail/debug_light__type_support.cpp.o[0m
[2.130s] [ 31%] [32mBuilding CXX object CMakeFiles/auto_aim_interfaces__rosidl_typesupport_introspection_cpp.dir/rosidl_typesupport_introspection_cpp/auto_aim_interfaces/msg/detail/debug_armors__type_support.cpp.o[0m
[2.130s] [ 32%] [32mBuilding CXX object CMakeFiles/auto_aim_interfaces__rosidl_typesupport_introspection_cpp.dir/rosidl_typesupport_introspection_cpp/auto_aim_interfaces/msg/detail/debug_lights__type_support.cpp.o[0m
[2.130s] [ 33%] [32mBuilding CXX object CMakeFiles/auto_aim_interfaces__rosidl_typesupport_introspection_cpp.dir/rosidl_typesupport_introspection_cpp/auto_aim_interfaces/msg/detail/armor__type_support.cpp.o[0m
[2.130s] [ 34%] [32mBuilding CXX object CMakeFiles/auto_aim_interfaces__rosidl_typesupport_introspection_cpp.dir/rosidl_typesupport_introspection_cpp/auto_aim_interfaces/msg/detail/armors__type_support.cpp.o[0m
[2.130s] [ 35%] [32mBuilding CXX object CMakeFiles/auto_aim_interfaces__rosidl_typesupport_introspection_cpp.dir/rosidl_typesupport_introspection_cpp/auto_aim_interfaces/msg/detail/target__type_support.cpp.o[0m
[2.130s] [ 36%] [32mBuilding CXX object CMakeFiles/auto_aim_interfaces__rosidl_typesupport_introspection_cpp.dir/rosidl_typesupport_introspection_cpp/auto_aim_interfaces/msg/detail/debug_armor__type_support.cpp.o[0m
[2.130s] [ 37%] [32mBuilding CXX object CMakeFiles/auto_aim_interfaces__rosidl_typesupport_introspection_cpp.dir/rosidl_typesupport_introspection_cpp/auto_aim_interfaces/msg/detail/tracker_info__type_support.cpp.o[0m
[2.136s] [ 39%] [32mBuilding CXX object CMakeFiles/auto_aim_interfaces__rosidl_typesupport_c.dir/rosidl_typesupport_c/auto_aim_interfaces/msg/armor__type_support.cpp.o[0m
[2.137s] [ 40%] [32mBuilding CXX object CMakeFiles/auto_aim_interfaces__rosidl_typesupport_c.dir/rosidl_typesupport_c/auto_aim_interfaces/msg/armors__type_support.cpp.o[0m
[2.153s] [ 41%] [32mBuilding CXX object CMakeFiles/auto_aim_interfaces__rosidl_typesupport_c.dir/rosidl_typesupport_c/auto_aim_interfaces/msg/target__type_support.cpp.o[0m
[2.154s] [ 42%] [32mBuilding CXX object CMakeFiles/auto_aim_interfaces__rosidl_typesupport_c.dir/rosidl_typesupport_c/auto_aim_interfaces/msg/debug_light__type_support.cpp.o[0m
[2.164s] [ 43%] [32mBuilding CXX object CMakeFiles/auto_aim_interfaces__rosidl_typesupport_c.dir/rosidl_typesupport_c/auto_aim_interfaces/msg/debug_lights__type_support.cpp.o[0m
[2.181s] [ 44%] [32mBuilding CXX object CMakeFiles/auto_aim_interfaces__rosidl_typesupport_c.dir/rosidl_typesupport_c/auto_aim_interfaces/msg/debug_armor__type_support.cpp.o[0m
[2.193s] [ 45%] [32mBuilding CXX object CMakeFiles/auto_aim_interfaces__rosidl_typesupport_c.dir/rosidl_typesupport_c/auto_aim_interfaces/msg/debug_armors__type_support.cpp.o[0m
[2.200s] [ 47%] [32mBuilding CXX object CMakeFiles/auto_aim_interfaces__rosidl_typesupport_c.dir/rosidl_typesupport_c/auto_aim_interfaces/msg/tracker_info__type_support.cpp.o[0m
[2.237s] [ 48%] [32mBuilding CXX object CMakeFiles/auto_aim_interfaces__rosidl_typesupport_fastrtps_cpp.dir/rosidl_typesupport_fastrtps_cpp/auto_aim_interfaces/msg/detail/dds_fastrtps/armor__type_support.cpp.o[0m
[2.237s] [ 50%] [32m[1mLinking CXX shared library libauto_aim_interfaces__rosidl_typesupport_c.so[0m
[2.237s] [ 50%] [32mBuilding CXX object CMakeFiles/auto_aim_interfaces__rosidl_typesupport_fastrtps_cpp.dir/rosidl_typesupport_fastrtps_cpp/auto_aim_interfaces/msg/detail/dds_fastrtps/armors__type_support.cpp.o[0m
[2.237s] [ 51%] [32mBuilding CXX object CMakeFiles/auto_aim_interfaces__rosidl_typesupport_fastrtps_cpp.dir/rosidl_typesupport_fastrtps_cpp/auto_aim_interfaces/msg/detail/dds_fastrtps/target__type_support.cpp.o[0m
[2.238s] [ 52%] [32mBuilding CXX object CMakeFiles/auto_aim_interfaces__rosidl_typesupport_fastrtps_cpp.dir/rosidl_typesupport_fastrtps_cpp/auto_aim_interfaces/msg/detail/dds_fastrtps/debug_lights__type_support.cpp.o[0m
[2.245s] [ 54%] [32mBuilding CXX object CMakeFiles/auto_aim_interfaces__rosidl_typesupport_fastrtps_cpp.dir/rosidl_typesupport_fastrtps_cpp/auto_aim_interfaces/msg/detail/dds_fastrtps/debug_light__type_support.cpp.o[0m
[2.300s] [ 55%] [32mBuilding CXX object CMakeFiles/auto_aim_interfaces__rosidl_typesupport_fastrtps_cpp.dir/rosidl_typesupport_fastrtps_cpp/auto_aim_interfaces/msg/detail/dds_fastrtps/debug_armor__type_support.cpp.o[0m
[2.302s] [ 56%] [32mBuilding CXX object CMakeFiles/auto_aim_interfaces__rosidl_typesupport_fastrtps_cpp.dir/rosidl_typesupport_fastrtps_cpp/auto_aim_interfaces/msg/detail/dds_fastrtps/debug_armors__type_support.cpp.o[0m
[2.303s] [ 56%] Built target auto_aim_interfaces__rosidl_typesupport_c
[2.327s] [ 57%] [32mBuilding CXX object CMakeFiles/auto_aim_interfaces__rosidl_typesupport_fastrtps_cpp.dir/rosidl_typesupport_fastrtps_cpp/auto_aim_interfaces/msg/detail/dds_fastrtps/tracker_info__type_support.cpp.o[0m
[2.391s] [ 58%] [32mBuilding C object CMakeFiles/auto_aim_interfaces__rosidl_typesupport_introspection_c.dir/rosidl_typesupport_introspection_c/auto_aim_interfaces/msg/detail/armors__type_support.c.o[0m
[2.392s] [ 60%] [32mBuilding C object CMakeFiles/auto_aim_interfaces__rosidl_typesupport_introspection_c.dir/rosidl_typesupport_introspection_c/auto_aim_interfaces/msg/detail/target__type_support.c.o[0m
[2.393s] [ 60%] [32mBuilding C object CMakeFiles/auto_aim_interfaces__rosidl_typesupport_introspection_c.dir/rosidl_typesupport_introspection_c/auto_aim_interfaces/msg/detail/armor__type_support.c.o[0m
[2.393s] [ 62%] [32mBuilding C object CMakeFiles/auto_aim_interfaces__rosidl_typesupport_introspection_c.dir/rosidl_typesupport_introspection_c/auto_aim_interfaces/msg/detail/debug_light__type_support.c.o[0m
[2.394s] [ 63%] [32m[1mLinking CXX shared library libauto_aim_interfaces__rosidl_typesupport_cpp.so[0m
[2.395s] [ 64%] [32mBuilding C object CMakeFiles/auto_aim_interfaces__rosidl_typesupport_introspection_c.dir/rosidl_typesupport_introspection_c/auto_aim_interfaces/msg/detail/debug_lights__type_support.c.o[0m
[2.395s] [ 65%] [32mBuilding C object CMakeFiles/auto_aim_interfaces__rosidl_typesupport_introspection_c.dir/rosidl_typesupport_introspection_c/auto_aim_interfaces/msg/detail/debug_armor__type_support.c.o[0m
[2.400s] [ 66%] [32mBuilding CXX object CMakeFiles/auto_aim_interfaces__rosidl_typesupport_fastrtps_c.dir/rosidl_typesupport_fastrtps_c/auto_aim_interfaces/msg/detail/armor__type_support_c.cpp.o[0m
[2.442s] [ 68%] [32mBuilding C object CMakeFiles/auto_aim_interfaces__rosidl_typesupport_introspection_c.dir/rosidl_typesupport_introspection_c/auto_aim_interfaces/msg/detail/tracker_info__type_support.c.o[0m
[2.443s] [ 68%] [32mBuilding CXX object CMakeFiles/auto_aim_interfaces__rosidl_typesupport_fastrtps_c.dir/rosidl_typesupport_fastrtps_c/auto_aim_interfaces/msg/detail/armors__type_support_c.cpp.o[0m
[2.444s] [ 70%] [32mBuilding C object CMakeFiles/auto_aim_interfaces__rosidl_typesupport_introspection_c.dir/rosidl_typesupport_introspection_c/auto_aim_interfaces/msg/detail/debug_armors__type_support.c.o[0m
[2.445s] [ 71%] [32mBuilding CXX object CMakeFiles/auto_aim_interfaces__rosidl_typesupport_fastrtps_c.dir/rosidl_typesupport_fastrtps_c/auto_aim_interfaces/msg/detail/target__type_support_c.cpp.o[0m
[2.458s] [ 72%] [32mBuilding CXX object CMakeFiles/auto_aim_interfaces__rosidl_typesupport_fastrtps_c.dir/rosidl_typesupport_fastrtps_c/auto_aim_interfaces/msg/detail/debug_lights__type_support_c.cpp.o[0m
[2.458s] [ 73%] [32mBuilding CXX object CMakeFiles/auto_aim_interfaces__rosidl_typesupport_fastrtps_c.dir/rosidl_typesupport_fastrtps_c/auto_aim_interfaces/msg/detail/debug_light__type_support_c.cpp.o[0m
[2.470s] [ 73%] Built target auto_aim_interfaces__rosidl_typesupport_cpp
[2.482s] [ 74%] [32mBuilding CXX object CMakeFiles/auto_aim_interfaces__rosidl_typesupport_fastrtps_c.dir/rosidl_typesupport_fastrtps_c/auto_aim_interfaces/msg/detail/debug_armor__type_support_c.cpp.o[0m
[2.510s] [ 75%] [32mBuilding CXX object CMakeFiles/auto_aim_interfaces__rosidl_typesupport_fastrtps_c.dir/rosidl_typesupport_fastrtps_c/auto_aim_interfaces/msg/detail/debug_armors__type_support_c.cpp.o[0m
[2.558s] [ 77%] [32m[1mLinking C shared library libauto_aim_interfaces__rosidl_typesupport_introspection_c.so[0m
[2.597s] [ 78%] [32mBuilding CXX object CMakeFiles/auto_aim_interfaces__rosidl_typesupport_fastrtps_c.dir/rosidl_typesupport_fastrtps_c/auto_aim_interfaces/msg/detail/tracker_info__type_support_c.cpp.o[0m
[2.615s] [ 78%] Built target auto_aim_interfaces__rosidl_typesupport_introspection_c
[2.670s] [ 79%] [32m[1mLinking CXX shared library libauto_aim_interfaces__rosidl_typesupport_introspection_cpp.so[0m
[2.764s] [ 79%] Built target auto_aim_interfaces__rosidl_typesupport_introspection_cpp
[2.849s] [ 80%] [32m[1mLinking CXX shared library libauto_aim_interfaces__rosidl_typesupport_fastrtps_cpp.so[0m
[2.902s] [ 81%] [32m[1mLinking CXX shared library libauto_aim_interfaces__rosidl_typesupport_fastrtps_c.so[0m
[2.911s] [ 81%] Built target auto_aim_interfaces__rosidl_typesupport_fastrtps_cpp
[2.961s] [ 81%] Built target auto_aim_interfaces__rosidl_typesupport_fastrtps_c
[2.976s] [ 81%] Built target auto_aim_interfaces
[2.993s] [ 82%] [34m[1mGenerating Python code for ROS interfaces[0m
[3.551s] [ 82%] Built target auto_aim_interfaces__py
[3.568s] [ 83%] [32mBuilding C object CMakeFiles/auto_aim_interfaces__rosidl_generator_py.dir/rosidl_generator_py/auto_aim_interfaces/msg/_armors_s.c.o[0m
[3.570s] [ 85%] [32mBuilding C object CMakeFiles/auto_aim_interfaces__rosidl_generator_py.dir/rosidl_generator_py/auto_aim_interfaces/msg/_debug_lights_s.c.o[0m
[3.570s] [ 86%] [32mBuilding C object CMakeFiles/auto_aim_interfaces__rosidl_generator_py.dir/rosidl_generator_py/auto_aim_interfaces/msg/_debug_armor_s.c.o[0m
[3.571s] [ 87%] [32mBuilding C object CMakeFiles/auto_aim_interfaces__rosidl_generator_py.dir/rosidl_generator_py/auto_aim_interfaces/msg/_debug_armors_s.c.o[0m
[3.571s] [ 88%] [32mBuilding C object CMakeFiles/auto_aim_interfaces__rosidl_generator_py.dir/rosidl_generator_py/auto_aim_interfaces/msg/_target_s.c.o[0m
[3.571s] [ 89%] [32mBuilding C object CMakeFiles/auto_aim_interfaces__rosidl_generator_py.dir/rosidl_generator_py/auto_aim_interfaces/msg/_armor_s.c.o[0m
[3.572s] [ 90%] [32mBuilding C object CMakeFiles/auto_aim_interfaces__rosidl_generator_py.dir/rosidl_generator_py/auto_aim_interfaces/msg/_tracker_info_s.c.o[0m
[3.572s] [ 91%] [32mBuilding C object CMakeFiles/auto_aim_interfaces__rosidl_generator_py.dir/rosidl_generator_py/auto_aim_interfaces/msg/_debug_light_s.c.o[0m
[3.680s] [ 93%] [32m[1mLinking C shared library rosidl_generator_py/auto_aim_interfaces/libauto_aim_interfaces__rosidl_generator_py.so[0m
[3.711s] [ 93%] Built target auto_aim_interfaces__rosidl_generator_py
[3.726s] [ 94%] [32mBuilding C object CMakeFiles/auto_aim_interfaces__rosidl_typesupport_introspection_c__pyext.dir/rosidl_generator_py/auto_aim_interfaces/_auto_aim_interfaces_s.ep.rosidl_typesupport_introspection_c.c.o[0m
[3.728s] [ 95%] [32mBuilding C object CMakeFiles/auto_aim_interfaces__rosidl_typesupport_fastrtps_c__pyext.dir/rosidl_generator_py/auto_aim_interfaces/_auto_aim_interfaces_s.ep.rosidl_typesupport_fastrtps_c.c.o[0m
[3.729s] [ 96%] [32mBuilding C object CMakeFiles/auto_aim_interfaces__rosidl_typesupport_c__pyext.dir/rosidl_generator_py/auto_aim_interfaces/_auto_aim_interfaces_s.ep.rosidl_typesupport_c.c.o[0m
[3.803s] [ 97%] [32m[1mLinking C shared library rosidl_generator_py/auto_aim_interfaces/auto_aim_interfaces_s__rosidl_typesupport_introspection_c.cpython-310-x86_64-linux-gnu.so[0m
[3.804s] [ 98%] [32m[1mLinking C shared library rosidl_generator_py/auto_aim_interfaces/auto_aim_interfaces_s__rosidl_typesupport_c.cpython-310-x86_64-linux-gnu.so[0m
[3.810s] [100%] [32m[1mLinking C shared library rosidl_generator_py/auto_aim_interfaces/auto_aim_interfaces_s__rosidl_typesupport_fastrtps_c.cpython-310-x86_64-linux-gnu.so[0m
[3.834s] [100%] Built target auto_aim_interfaces__rosidl_typesupport_c__pyext
[3.834s] [100%] Built target auto_aim_interfaces__rosidl_typesupport_introspection_c__pyext
[3.841s] [100%] Built target auto_aim_interfaces__rosidl_typesupport_fastrtps_c__pyext
[3.850s] Invoked command in '/home/auauau/RM_Auto_Aim/build/auto_aim_interfaces' returned '0': CMAKE_PREFIX_PATH=${CMAKE_PREFIX_PATH}:/opt/ros/humble /usr/bin/cmake --build /home/auauau/RM_Auto_Aim/build/auto_aim_interfaces -- -j24 -l24
[3.856s] Invoking command in '/home/auauau/RM_Auto_Aim/build/auto_aim_interfaces': CMAKE_PREFIX_PATH=${CMAKE_PREFIX_PATH}:/opt/ros/humble /usr/bin/cmake --install /home/auauau/RM_Auto_Aim/build/auto_aim_interfaces
[3.864s] -- Install configuration: ""
[3.864s] -- Installing: /home/auauau/RM_Auto_Aim/install/auto_aim_interfaces/share/ament_index/resource_index/rosidl_interfaces/auto_aim_interfaces
[3.864s] -- Installing: /home/auauau/RM_Auto_Aim/install/auto_aim_interfaces/include/auto_aim_interfaces/auto_aim_interfaces
[3.864s] -- Installing: /home/auauau/RM_Auto_Aim/install/auto_aim_interfaces/include/auto_aim_interfaces/auto_aim_interfaces/msg
[3.865s] -- Installing: /home/auauau/RM_Auto_Aim/install/auto_aim_interfaces/include/auto_aim_interfaces/auto_aim_interfaces/msg/debug_lights.h
[3.865s] -- Installing: /home/auauau/RM_Auto_Aim/install/auto_aim_interfaces/include/auto_aim_interfaces/auto_aim_interfaces/msg/armor.h
[3.865s] -- Installing: /home/auauau/RM_Auto_Aim/install/auto_aim_interfaces/include/auto_aim_interfaces/auto_aim_interfaces/msg/rosidl_generator_c__visibility_control.h
[3.865s] -- Installing: /home/auauau/RM_Auto_Aim/install/auto_aim_interfaces/include/auto_aim_interfaces/auto_aim_interfaces/msg/debug_armors.h
[3.865s] -- Installing: /home/auauau/RM_Auto_Aim/install/auto_aim_interfaces/include/auto_aim_interfaces/auto_aim_interfaces/msg/debug_light.h
[3.865s] -- Installing: /home/auauau/RM_Auto_Aim/install/auto_aim_interfaces/include/auto_aim_interfaces/auto_aim_interfaces/msg/armors.h
[3.865s] -- Installing: /home/auauau/RM_Auto_Aim/install/auto_aim_interfaces/include/auto_aim_interfaces/auto_aim_interfaces/msg/tracker_info.h
[3.865s] -- Installing: /home/auauau/RM_Auto_Aim/install/auto_aim_interfaces/include/auto_aim_interfaces/auto_aim_interfaces/msg/detail
[3.865s] -- Installing: /home/auauau/RM_Auto_Aim/install/auto_aim_interfaces/include/auto_aim_interfaces/auto_aim_interfaces/msg/detail/debug_armor__functions.h
[3.865s] -- Installing: /home/auauau/RM_Auto_Aim/install/auto_aim_interfaces/include/auto_aim_interfaces/auto_aim_interfaces/msg/detail/target__struct.h
[3.865s] -- Installing: /home/auauau/RM_Auto_Aim/install/auto_aim_interfaces/include/auto_aim_interfaces/auto_aim_interfaces/msg/detail/debug_light__struct.h
[3.865s] -- Installing: /home/auauau/RM_Auto_Aim/install/auto_aim_interfaces/include/auto_aim_interfaces/auto_aim_interfaces/msg/detail/debug_armors__functions.h
[3.865s] -- Installing: /home/auauau/RM_Auto_Aim/install/auto_aim_interfaces/include/auto_aim_interfaces/auto_aim_interfaces/msg/detail/armor__struct.h
[3.865s] -- Installing: /home/auauau/RM_Auto_Aim/install/auto_aim_interfaces/include/auto_aim_interfaces/auto_aim_interfaces/msg/detail/debug_armors__type_support.h
[3.865s] -- Installing: /home/auauau/RM_Auto_Aim/install/auto_aim_interfaces/include/auto_aim_interfaces/auto_aim_interfaces/msg/detail/debug_armor__type_support.h
[3.865s] -- Installing: /home/auauau/RM_Auto_Aim/install/auto_aim_interfaces/include/auto_aim_interfaces/auto_aim_interfaces/msg/detail/target__functions.c
[3.865s] -- Installing: /home/auauau/RM_Auto_Aim/install/auto_aim_interfaces/include/auto_aim_interfaces/auto_aim_interfaces/msg/detail/armor__functions.c
[3.865s] -- Installing: /home/auauau/RM_Auto_Aim/install/auto_aim_interfaces/include/auto_aim_interfaces/auto_aim_interfaces/msg/detail/armors__functions.h
[3.865s] -- Installing: /home/auauau/RM_Auto_Aim/install/auto_aim_interfaces/include/auto_aim_interfaces/auto_aim_interfaces/msg/detail/debug_armor__functions.c
[3.865s] -- Installing: /home/auauau/RM_Auto_Aim/install/auto_aim_interfaces/include/auto_aim_interfaces/auto_aim_interfaces/msg/detail/armor__functions.h
[3.865s] -- Installing: /home/auauau/RM_Auto_Aim/install/auto_aim_interfaces/include/auto_aim_interfaces/auto_aim_interfaces/msg/detail/armors__struct.h
[3.865s] -- Installing: /home/auauau/RM_Auto_Aim/install/auto_aim_interfaces/include/auto_aim_interfaces/auto_aim_interfaces/msg/detail/debug_light__functions.c
[3.865s] -- Installing: /home/auauau/RM_Auto_Aim/install/auto_aim_interfaces/include/auto_aim_interfaces/auto_aim_interfaces/msg/detail/debug_lights__type_support.h
[3.866s] -- Installing: /home/auauau/RM_Auto_Aim/install/auto_aim_interfaces/include/auto_aim_interfaces/auto_aim_interfaces/msg/detail/tracker_info__functions.h
[3.866s] -- Installing: /home/auauau/RM_Auto_Aim/install/auto_aim_interfaces/include/auto_aim_interfaces/auto_aim_interfaces/msg/detail/debug_armor__struct.h
[3.866s] -- Installing: /home/auauau/RM_Auto_Aim/install/auto_aim_interfaces/include/auto_aim_interfaces/auto_aim_interfaces/msg/detail/tracker_info__struct.h
[3.866s] -- Installing: /home/auauau/RM_Auto_Aim/install/auto_aim_interfaces/include/auto_aim_interfaces/auto_aim_interfaces/msg/detail/debug_lights__struct.h
[3.866s] -- Installing: /home/auauau/RM_Auto_Aim/install/auto_aim_interfaces/include/auto_aim_interfaces/auto_aim_interfaces/msg/detail/debug_light__functions.h
[3.866s] -- Installing: /home/auauau/RM_Auto_Aim/install/auto_aim_interfaces/include/auto_aim_interfaces/auto_aim_interfaces/msg/detail/armors__type_support.h
[3.866s] -- Installing: /home/auauau/RM_Auto_Aim/install/auto_aim_interfaces/include/auto_aim_interfaces/auto_aim_interfaces/msg/detail/armors__functions.c
[3.866s] -- Installing: /home/auauau/RM_Auto_Aim/install/auto_aim_interfaces/include/auto_aim_interfaces/auto_aim_interfaces/msg/detail/armor__type_support.h
[3.866s] -- Installing: /home/auauau/RM_Auto_Aim/install/auto_aim_interfaces/include/auto_aim_interfaces/auto_aim_interfaces/msg/detail/debug_lights__functions.c
[3.866s] -- Installing: /home/auauau/RM_Auto_Aim/install/auto_aim_interfaces/include/auto_aim_interfaces/auto_aim_interfaces/msg/detail/debug_armors__struct.h
[3.866s] -- Installing: /home/auauau/RM_Auto_Aim/install/auto_aim_interfaces/include/auto_aim_interfaces/auto_aim_interfaces/msg/detail/debug_armors__functions.c
[3.866s] -- Installing: /home/auauau/RM_Auto_Aim/install/auto_aim_interfaces/include/auto_aim_interfaces/auto_aim_interfaces/msg/detail/debug_lights__functions.h
[3.866s] -- Installing: /home/auauau/RM_Auto_Aim/install/auto_aim_interfaces/include/auto_aim_interfaces/auto_aim_interfaces/msg/detail/tracker_info__functions.c
[3.866s] -- Installing: /home/auauau/RM_Auto_Aim/install/auto_aim_interfaces/include/auto_aim_interfaces/auto_aim_interfaces/msg/detail/target__functions.h
[3.866s] -- Installing: /home/auauau/RM_Auto_Aim/install/auto_aim_interfaces/include/auto_aim_interfaces/auto_aim_interfaces/msg/detail/tracker_info__type_support.h
[3.866s] -- Installing: /home/auauau/RM_Auto_Aim/install/auto_aim_interfaces/include/auto_aim_interfaces/auto_aim_interfaces/msg/detail/debug_light__type_support.h
[3.866s] -- Installing: /home/auauau/RM_Auto_Aim/install/auto_aim_interfaces/include/auto_aim_interfaces/auto_aim_interfaces/msg/detail/target__type_support.h
[3.866s] -- Installing: /home/auauau/RM_Auto_Aim/install/auto_aim_interfaces/include/auto_aim_interfaces/auto_aim_interfaces/msg/debug_armor.h
[3.866s] -- Installing: /home/auauau/RM_Auto_Aim/install/auto_aim_interfaces/include/auto_aim_interfaces/auto_aim_interfaces/msg/target.h
[3.866s] -- Installing: /home/auauau/RM_Auto_Aim/install/auto_aim_interfaces/share/auto_aim_interfaces/environment/library_path.sh
[3.866s] -- Installing: /home/auauau/RM_Auto_Aim/install/auto_aim_interfaces/share/auto_aim_interfaces/environment/library_path.dsv
[3.866s] -- Installing: /home/auauau/RM_Auto_Aim/install/auto_aim_interfaces/lib/libauto_aim_interfaces__rosidl_generator_c.so
[3.867s] -- Set runtime path of "/home/auauau/RM_Auto_Aim/install/auto_aim_interfaces/lib/libauto_aim_interfaces__rosidl_generator_c.so" to ""
[3.867s] -- Up-to-date: /home/auauau/RM_Auto_Aim/install/auto_aim_interfaces/include/auto_aim_interfaces/auto_aim_interfaces
[3.867s] -- Up-to-date: /home/auauau/RM_Auto_Aim/install/auto_aim_interfaces/include/auto_aim_interfaces/auto_aim_interfaces/msg
[3.867s] -- Installing: /home/auauau/RM_Auto_Aim/install/auto_aim_interfaces/include/auto_aim_interfaces/auto_aim_interfaces/msg/rosidl_typesupport_fastrtps_c__visibility_control.h
[3.867s] -- Up-to-date: /home/auauau/RM_Auto_Aim/install/auto_aim_interfaces/include/auto_aim_interfaces/auto_aim_interfaces/msg/detail
[3.867s] -- Installing: /home/auauau/RM_Auto_Aim/install/auto_aim_interfaces/include/auto_aim_interfaces/auto_aim_interfaces/msg/detail/debug_light__rosidl_typesupport_fastrtps_c.h
[3.867s] -- Installing: /home/auauau/RM_Auto_Aim/install/auto_aim_interfaces/include/auto_aim_interfaces/auto_aim_interfaces/msg/detail/debug_lights__rosidl_typesupport_fastrtps_c.h
[3.867s] -- Installing: /home/auauau/RM_Auto_Aim/install/auto_aim_interfaces/include/auto_aim_interfaces/auto_aim_interfaces/msg/detail/debug_armor__rosidl_typesupport_fastrtps_c.h
[3.867s] -- Installing: /home/auauau/RM_Auto_Aim/install/auto_aim_interfaces/include/auto_aim_interfaces/auto_aim_interfaces/msg/detail/armor__rosidl_typesupport_fastrtps_c.h
[3.867s] -- Installing: /home/auauau/RM_Auto_Aim/install/auto_aim_interfaces/include/auto_aim_interfaces/auto_aim_interfaces/msg/detail/debug_armors__rosidl_typesupport_fastrtps_c.h
[3.867s] -- Installing: /home/auauau/RM_Auto_Aim/install/auto_aim_interfaces/include/auto_aim_interfaces/auto_aim_interfaces/msg/detail/target__rosidl_typesupport_fastrtps_c.h
[3.867s] -- Installing: /home/auauau/RM_Auto_Aim/install/auto_aim_interfaces/include/auto_aim_interfaces/auto_aim_interfaces/msg/detail/armors__rosidl_typesupport_fastrtps_c.h
[3.867s] -- Installing: /home/auauau/RM_Auto_Aim/install/auto_aim_interfaces/include/auto_aim_interfaces/auto_aim_interfaces/msg/detail/tracker_info__rosidl_typesupport_fastrtps_c.h
[3.867s] -- Installing: /home/auauau/RM_Auto_Aim/install/auto_aim_interfaces/lib/libauto_aim_interfaces__rosidl_typesupport_fastrtps_c.so
[3.867s] -- Set runtime path of "/home/auauau/RM_Auto_Aim/install/auto_aim_interfaces/lib/libauto_aim_interfaces__rosidl_typesupport_fastrtps_c.so" to ""
[3.867s] -- Up-to-date: /home/auauau/RM_Auto_Aim/install/auto_aim_interfaces/include/auto_aim_interfaces/auto_aim_interfaces
[3.867s] -- Up-to-date: /home/auauau/RM_Auto_Aim/install/auto_aim_interfaces/include/auto_aim_interfaces/auto_aim_interfaces/msg
[3.867s] -- Installing: /home/auauau/RM_Auto_Aim/install/auto_aim_interfaces/include/auto_aim_interfaces/auto_aim_interfaces/msg/rosidl_typesupport_introspection_c__visibility_control.h
[3.867s] -- Up-to-date: /home/auauau/RM_Auto_Aim/install/auto_aim_interfaces/include/auto_aim_interfaces/auto_aim_interfaces/msg/detail
[3.868s] -- Installing: /home/auauau/RM_Auto_Aim/install/auto_aim_interfaces/include/auto_aim_interfaces/auto_aim_interfaces/msg/detail/tracker_info__rosidl_typesupport_introspection_c.h
[3.868s] -- Installing: /home/auauau/RM_Auto_Aim/install/auto_aim_interfaces/include/auto_aim_interfaces/auto_aim_interfaces/msg/detail/armors__rosidl_typesupport_introspection_c.h
[3.868s] -- Installing: /home/auauau/RM_Auto_Aim/install/auto_aim_interfaces/include/auto_aim_interfaces/auto_aim_interfaces/msg/detail/armors__type_support.c
[3.868s] -- Installing: /home/auauau/RM_Auto_Aim/install/auto_aim_interfaces/include/auto_aim_interfaces/auto_aim_interfaces/msg/detail/debug_light__type_support.c
[3.868s] -- Installing: /home/auauau/RM_Auto_Aim/install/auto_aim_interfaces/include/auto_aim_interfaces/auto_aim_interfaces/msg/detail/tracker_info__type_support.c
[3.868s] -- Installing: /home/auauau/RM_Auto_Aim/install/auto_aim_interfaces/include/auto_aim_interfaces/auto_aim_interfaces/msg/detail/target__type_support.c
[3.868s] -- Installing: /home/auauau/RM_Auto_Aim/install/auto_aim_interfaces/include/auto_aim_interfaces/auto_aim_interfaces/msg/detail/debug_light__rosidl_typesupport_introspection_c.h
[3.868s] -- Installing: /home/auauau/RM_Auto_Aim/install/auto_aim_interfaces/include/auto_aim_interfaces/auto_aim_interfaces/msg/detail/debug_armor__type_support.c
[3.868s] -- Installing: /home/auauau/RM_Auto_Aim/install/auto_aim_interfaces/include/auto_aim_interfaces/auto_aim_interfaces/msg/detail/debug_lights__rosidl_typesupport_introspection_c.h
[3.868s] -- Installing: /home/auauau/RM_Auto_Aim/install/auto_aim_interfaces/include/auto_aim_interfaces/auto_aim_interfaces/msg/detail/debug_armor__rosidl_typesupport_introspection_c.h
[3.868s] -- Installing: /home/auauau/RM_Auto_Aim/install/auto_aim_interfaces/include/auto_aim_interfaces/auto_aim_interfaces/msg/detail/armor__rosidl_typesupport_introspection_c.h
[3.868s] -- Installing: /home/auauau/RM_Auto_Aim/install/auto_aim_interfaces/include/auto_aim_interfaces/auto_aim_interfaces/msg/detail/target__rosidl_typesupport_introspection_c.h
[3.868s] -- Installing: /home/auauau/RM_Auto_Aim/install/auto_aim_interfaces/include/auto_aim_interfaces/auto_aim_interfaces/msg/detail/debug_lights__type_support.c
[3.868s] -- Installing: /home/auauau/RM_Auto_Aim/install/auto_aim_interfaces/include/auto_aim_interfaces/auto_aim_interfaces/msg/detail/debug_armors__rosidl_typesupport_introspection_c.h
[3.868s] -- Installing: /home/auauau/RM_Auto_Aim/install/auto_aim_interfaces/include/auto_aim_interfaces/auto_aim_interfaces/msg/detail/debug_armors__type_support.c
[3.868s] -- Installing: /home/auauau/RM_Auto_Aim/install/auto_aim_interfaces/include/auto_aim_interfaces/auto_aim_interfaces/msg/detail/armor__type_support.c
[3.868s] -- Installing: /home/auauau/RM_Auto_Aim/install/auto_aim_interfaces/lib/libauto_aim_interfaces__rosidl_typesupport_introspection_c.so
[3.868s] -- Set runtime path of "/home/auauau/RM_Auto_Aim/install/auto_aim_interfaces/lib/libauto_aim_interfaces__rosidl_typesupport_introspection_c.so" to ""
[3.868s] -- Installing: /home/auauau/RM_Auto_Aim/install/auto_aim_interfaces/lib/libauto_aim_interfaces__rosidl_typesupport_c.so
[3.869s] -- Set runtime path of "/home/auauau/RM_Auto_Aim/install/auto_aim_interfaces/lib/libauto_aim_interfaces__rosidl_typesupport_c.so" to ""
[3.869s] -- Up-to-date: /home/auauau/RM_Auto_Aim/install/auto_aim_interfaces/include/auto_aim_interfaces/auto_aim_interfaces
[3.869s] -- Up-to-date: /home/auauau/RM_Auto_Aim/install/auto_aim_interfaces/include/auto_aim_interfaces/auto_aim_interfaces/msg
[3.869s] -- Installing: /home/auauau/RM_Auto_Aim/install/auto_aim_interfaces/include/auto_aim_interfaces/auto_aim_interfaces/msg/tracker_info.hpp
[3.869s] -- Installing: /home/auauau/RM_Auto_Aim/install/auto_aim_interfaces/include/auto_aim_interfaces/auto_aim_interfaces/msg/target.hpp
[3.869s] -- Installing: /home/auauau/RM_Auto_Aim/install/auto_aim_interfaces/include/auto_aim_interfaces/auto_aim_interfaces/msg/armors.hpp
[3.869s] -- Installing: /home/auauau/RM_Auto_Aim/install/auto_aim_interfaces/include/auto_aim_interfaces/auto_aim_interfaces/msg/debug_armors.hpp
[3.869s] -- Installing: /home/auauau/RM_Auto_Aim/install/auto_aim_interfaces/include/auto_aim_interfaces/auto_aim_interfaces/msg/debug_light.hpp
[3.869s] -- Installing: /home/auauau/RM_Auto_Aim/install/auto_aim_interfaces/include/auto_aim_interfaces/auto_aim_interfaces/msg/armor.hpp
[3.869s] -- Installing: /home/auauau/RM_Auto_Aim/install/auto_aim_interfaces/include/auto_aim_interfaces/auto_aim_interfaces/msg/rosidl_generator_cpp__visibility_control.hpp
[3.869s] -- Up-to-date: /home/auauau/RM_Auto_Aim/install/auto_aim_interfaces/include/auto_aim_interfaces/auto_aim_interfaces/msg/detail
[3.869s] -- Installing: /home/auauau/RM_Auto_Aim/install/auto_aim_interfaces/include/auto_aim_interfaces/auto_aim_interfaces/msg/detail/target__traits.hpp
[3.869s] -- Installing: /home/auauau/RM_Auto_Aim/install/auto_aim_interfaces/include/auto_aim_interfaces/auto_aim_interfaces/msg/detail/armors__traits.hpp
[3.869s] -- Installing: /home/auauau/RM_Auto_Aim/install/auto_aim_interfaces/include/auto_aim_interfaces/auto_aim_interfaces/msg/detail/target__builder.hpp
[3.869s] -- Installing: /home/auauau/RM_Auto_Aim/install/auto_aim_interfaces/include/auto_aim_interfaces/auto_aim_interfaces/msg/detail/debug_lights__type_support.hpp
[3.869s] -- Installing: /home/auauau/RM_Auto_Aim/install/auto_aim_interfaces/include/auto_aim_interfaces/auto_aim_interfaces/msg/detail/armors__struct.hpp
[3.869s] -- Installing: /home/auauau/RM_Auto_Aim/install/auto_aim_interfaces/include/auto_aim_interfaces/auto_aim_interfaces/msg/detail/debug_lights__traits.hpp
[3.869s] -- Installing: /home/auauau/RM_Auto_Aim/install/auto_aim_interfaces/include/auto_aim_interfaces/auto_aim_interfaces/msg/detail/debug_light__builder.hpp
[3.869s] -- Installing: /home/auauau/RM_Auto_Aim/install/auto_aim_interfaces/include/auto_aim_interfaces/auto_aim_interfaces/msg/detail/armor__type_support.hpp
[3.870s] -- Installing: /home/auauau/RM_Auto_Aim/install/auto_aim_interfaces/include/auto_aim_interfaces/auto_aim_interfaces/msg/detail/debug_armors__traits.hpp
[3.870s] -- Installing: /home/auauau/RM_Auto_Aim/install/auto_aim_interfaces/include/auto_aim_interfaces/auto_aim_interfaces/msg/detail/debug_armor__type_support.hpp
[3.870s] -- Installing: /home/auauau/RM_Auto_Aim/install/auto_aim_interfaces/include/auto_aim_interfaces/auto_aim_interfaces/msg/detail/debug_armors__struct.hpp
[3.870s] -- Installing: /home/auauau/RM_Auto_Aim/install/auto_aim_interfaces/include/auto_aim_interfaces/auto_aim_interfaces/msg/detail/armor__traits.hpp
[3.870s] -- Installing: /home/auauau/RM_Auto_Aim/install/auto_aim_interfaces/include/auto_aim_interfaces/auto_aim_interfaces/msg/detail/tracker_info__builder.hpp
[3.870s] -- Installing: /home/auauau/RM_Auto_Aim/install/auto_aim_interfaces/include/auto_aim_interfaces/auto_aim_interfaces/msg/detail/debug_armors__type_support.hpp
[3.870s] -- Installing: /home/auauau/RM_Auto_Aim/install/auto_aim_interfaces/include/auto_aim_interfaces/auto_aim_interfaces/msg/detail/debug_armor__builder.hpp
[3.870s] -- Installing: /home/auauau/RM_Auto_Aim/install/auto_aim_interfaces/include/auto_aim_interfaces/auto_aim_interfaces/msg/detail/armors__type_support.hpp
[3.870s] -- Installing: /home/auauau/RM_Auto_Aim/install/auto_aim_interfaces/include/auto_aim_interfaces/auto_aim_interfaces/msg/detail/tracker_info__struct.hpp
[3.870s] -- Installing: /home/auauau/RM_Auto_Aim/install/auto_aim_interfaces/include/auto_aim_interfaces/auto_aim_interfaces/msg/detail/target__type_support.hpp
[3.870s] -- Installing: /home/auauau/RM_Auto_Aim/install/auto_aim_interfaces/include/auto_aim_interfaces/auto_aim_interfaces/msg/detail/debug_armor__struct.hpp
[3.870s] -- Installing: /home/auauau/RM_Auto_Aim/install/auto_aim_interfaces/include/auto_aim_interfaces/auto_aim_interfaces/msg/detail/debug_lights__struct.hpp
[3.870s] -- Installing: /home/auauau/RM_Auto_Aim/install/auto_aim_interfaces/include/auto_aim_interfaces/auto_aim_interfaces/msg/detail/armor__struct.hpp
[3.870s] -- Installing: /home/auauau/RM_Auto_Aim/install/auto_aim_interfaces/include/auto_aim_interfaces/auto_aim_interfaces/msg/detail/target__struct.hpp
[3.870s] -- Installing: /home/auauau/RM_Auto_Aim/install/auto_aim_interfaces/include/auto_aim_interfaces/auto_aim_interfaces/msg/detail/debug_light__traits.hpp
[3.870s] -- Installing: /home/auauau/RM_Auto_Aim/install/auto_aim_interfaces/include/auto_aim_interfaces/auto_aim_interfaces/msg/detail/debug_light__struct.hpp
[3.870s] -- Installing: /home/auauau/RM_Auto_Aim/install/auto_aim_interfaces/include/auto_aim_interfaces/auto_aim_interfaces/msg/detail/debug_armors__builder.hpp
[3.870s] -- Installing: /home/auauau/RM_Auto_Aim/install/auto_aim_interfaces/include/auto_aim_interfaces/auto_aim_interfaces/msg/detail/debug_light__type_support.hpp
[3.870s] -- Installing: /home/auauau/RM_Auto_Aim/install/auto_aim_interfaces/include/auto_aim_interfaces/auto_aim_interfaces/msg/detail/debug_armor__traits.hpp
[3.870s] -- Installing: /home/auauau/RM_Auto_Aim/install/auto_aim_interfaces/include/auto_aim_interfaces/auto_aim_interfaces/msg/detail/tracker_info__traits.hpp
[3.870s] -- Installing: /home/auauau/RM_Auto_Aim/install/auto_aim_interfaces/include/auto_aim_interfaces/auto_aim_interfaces/msg/detail/tracker_info__type_support.hpp
[3.870s] -- Installing: /home/auauau/RM_Auto_Aim/install/auto_aim_interfaces/include/auto_aim_interfaces/auto_aim_interfaces/msg/detail/armors__builder.hpp
[3.870s] -- Installing: /home/auauau/RM_Auto_Aim/install/auto_aim_interfaces/include/auto_aim_interfaces/auto_aim_interfaces/msg/detail/armor__builder.hpp
[3.870s] -- Installing: /home/auauau/RM_Auto_Aim/install/auto_aim_interfaces/include/auto_aim_interfaces/auto_aim_interfaces/msg/detail/debug_lights__builder.hpp
[3.871s] -- Installing: /home/auauau/RM_Auto_Aim/install/auto_aim_interfaces/include/auto_aim_interfaces/auto_aim_interfaces/msg/debug_lights.hpp
[3.871s] -- Installing: /home/auauau/RM_Auto_Aim/install/auto_aim_interfaces/include/auto_aim_interfaces/auto_aim_interfaces/msg/debug_armor.hpp
[3.871s] -- Up-to-date: /home/auauau/RM_Auto_Aim/install/auto_aim_interfaces/include/auto_aim_interfaces/auto_aim_interfaces
[3.871s] -- Up-to-date: /home/auauau/RM_Auto_Aim/install/auto_aim_interfaces/include/auto_aim_interfaces/auto_aim_interfaces/msg
[3.871s] -- Installing: /home/auauau/RM_Auto_Aim/install/auto_aim_interfaces/include/auto_aim_interfaces/auto_aim_interfaces/msg/rosidl_typesupport_fastrtps_cpp__visibility_control.h
[3.871s] -- Up-to-date: /home/auauau/RM_Auto_Aim/install/auto_aim_interfaces/include/auto_aim_interfaces/auto_aim_interfaces/msg/detail
[3.871s] -- Installing: /home/auauau/RM_Auto_Aim/install/auto_aim_interfaces/include/auto_aim_interfaces/auto_aim_interfaces/msg/detail/tracker_info__rosidl_typesupport_fastrtps_cpp.hpp
[3.871s] -- Installing: /home/auauau/RM_Auto_Aim/install/auto_aim_interfaces/include/auto_aim_interfaces/auto_aim_interfaces/msg/detail/debug_armor__rosidl_typesupport_fastrtps_cpp.hpp
[3.871s] -- Installing: /home/auauau/RM_Auto_Aim/install/auto_aim_interfaces/include/auto_aim_interfaces/auto_aim_interfaces/msg/detail/debug_light__rosidl_typesupport_fastrtps_cpp.hpp
[3.871s] -- Installing: /home/auauau/RM_Auto_Aim/install/auto_aim_interfaces/include/auto_aim_interfaces/auto_aim_interfaces/msg/detail/debug_lights__rosidl_typesupport_fastrtps_cpp.hpp
[3.871s] -- Installing: /home/auauau/RM_Auto_Aim/install/auto_aim_interfaces/include/auto_aim_interfaces/auto_aim_interfaces/msg/detail/armors__rosidl_typesupport_fastrtps_cpp.hpp
[3.871s] -- Installing: /home/auauau/RM_Auto_Aim/install/auto_aim_interfaces/include/auto_aim_interfaces/auto_aim_interfaces/msg/detail/debug_armors__rosidl_typesupport_fastrtps_cpp.hpp
[3.871s] -- Installing: /home/auauau/RM_Auto_Aim/install/auto_aim_interfaces/include/auto_aim_interfaces/auto_aim_interfaces/msg/detail/armor__rosidl_typesupport_fastrtps_cpp.hpp
[3.871s] -- Installing: /home/auauau/RM_Auto_Aim/install/auto_aim_interfaces/include/auto_aim_interfaces/auto_aim_interfaces/msg/detail/dds_fastrtps
[3.871s] -- Installing: /home/auauau/RM_Auto_Aim/install/auto_aim_interfaces/include/auto_aim_interfaces/auto_aim_interfaces/msg/detail/target__rosidl_typesupport_fastrtps_cpp.hpp
[3.871s] -- Installing: /home/auauau/RM_Auto_Aim/install/auto_aim_interfaces/lib/libauto_aim_interfaces__rosidl_typesupport_fastrtps_cpp.so
[3.871s] -- Set runtime path of "/home/auauau/RM_Auto_Aim/install/auto_aim_interfaces/lib/libauto_aim_interfaces__rosidl_typesupport_fastrtps_cpp.so" to ""
[3.871s] -- Up-to-date: /home/auauau/RM_Auto_Aim/install/auto_aim_interfaces/include/auto_aim_interfaces/auto_aim_interfaces
[3.871s] -- Up-to-date: /home/auauau/RM_Auto_Aim/install/auto_aim_interfaces/include/auto_aim_interfaces/auto_aim_interfaces/msg
[3.871s] -- Up-to-date: /home/auauau/RM_Auto_Aim/install/auto_aim_interfaces/include/auto_aim_interfaces/auto_aim_interfaces/msg/detail
[3.872s] -- Installing: /home/auauau/RM_Auto_Aim/install/auto_aim_interfaces/include/auto_aim_interfaces/auto_aim_interfaces/msg/detail/debug_light__rosidl_typesupport_introspection_cpp.hpp
[3.872s] -- Installing: /home/auauau/RM_Auto_Aim/install/auto_aim_interfaces/include/auto_aim_interfaces/auto_aim_interfaces/msg/detail/target__rosidl_typesupport_introspection_cpp.hpp
[3.872s] -- Installing: /home/auauau/RM_Auto_Aim/install/auto_aim_interfaces/include/auto_aim_interfaces/auto_aim_interfaces/msg/detail/debug_lights__rosidl_typesupport_introspection_cpp.hpp
[3.872s] -- Installing: /home/auauau/RM_Auto_Aim/install/auto_aim_interfaces/include/auto_aim_interfaces/auto_aim_interfaces/msg/detail/debug_armors__type_support.cpp
[3.872s] -- Installing: /home/auauau/RM_Auto_Aim/install/auto_aim_interfaces/include/auto_aim_interfaces/auto_aim_interfaces/msg/detail/debug_lights__type_support.cpp
[3.872s] -- Installing: /home/auauau/RM_Auto_Aim/install/auto_aim_interfaces/include/auto_aim_interfaces/auto_aim_interfaces/msg/detail/tracker_info__type_support.cpp
[3.872s] -- Installing: /home/auauau/RM_Auto_Aim/install/auto_aim_interfaces/include/auto_aim_interfaces/auto_aim_interfaces/msg/detail/debug_light__type_support.cpp
[3.872s] -- Installing: /home/auauau/RM_Auto_Aim/install/auto_aim_interfaces/include/auto_aim_interfaces/auto_aim_interfaces/msg/detail/tracker_info__rosidl_typesupport_introspection_cpp.hpp
[3.872s] -- Installing: /home/auauau/RM_Auto_Aim/install/auto_aim_interfaces/include/auto_aim_interfaces/auto_aim_interfaces/msg/detail/debug_armor__rosidl_typesupport_introspection_cpp.hpp
[3.872s] -- Installing: /home/auauau/RM_Auto_Aim/install/auto_aim_interfaces/include/auto_aim_interfaces/auto_aim_interfaces/msg/detail/debug_armors__rosidl_typesupport_introspection_cpp.hpp
[3.872s] -- Installing: /home/auauau/RM_Auto_Aim/install/auto_aim_interfaces/include/auto_aim_interfaces/auto_aim_interfaces/msg/detail/debug_armor__type_support.cpp
[3.872s] -- Installing: /home/auauau/RM_Auto_Aim/install/auto_aim_interfaces/include/auto_aim_interfaces/auto_aim_interfaces/msg/detail/target__type_support.cpp
[3.872s] -- Installing: /home/auauau/RM_Auto_Aim/install/auto_aim_interfaces/include/auto_aim_interfaces/auto_aim_interfaces/msg/detail/armor__rosidl_typesupport_introspection_cpp.hpp
[3.872s] -- Installing: /home/auauau/RM_Auto_Aim/install/auto_aim_interfaces/include/auto_aim_interfaces/auto_aim_interfaces/msg/detail/armors__type_support.cpp
[3.872s] -- Installing: /home/auauau/RM_Auto_Aim/install/auto_aim_interfaces/include/auto_aim_interfaces/auto_aim_interfaces/msg/detail/armor__type_support.cpp
[3.872s] -- Installing: /home/auauau/RM_Auto_Aim/install/auto_aim_interfaces/include/auto_aim_interfaces/auto_aim_interfaces/msg/detail/armors__rosidl_typesupport_introspection_cpp.hpp
[3.872s] -- Installing: /home/auauau/RM_Auto_Aim/install/auto_aim_interfaces/lib/libauto_aim_interfaces__rosidl_typesupport_introspection_cpp.so
[3.873s] -- Set runtime path of "/home/auauau/RM_Auto_Aim/install/auto_aim_interfaces/lib/libauto_aim_interfaces__rosidl_typesupport_introspection_cpp.so" to ""
[3.873s] -- Installing: /home/auauau/RM_Auto_Aim/install/auto_aim_interfaces/lib/libauto_aim_interfaces__rosidl_typesupport_cpp.so
[3.873s] -- Set runtime path of "/home/auauau/RM_Auto_Aim/install/auto_aim_interfaces/lib/libauto_aim_interfaces__rosidl_typesupport_cpp.so" to ""
[3.873s] -- Installing: /home/auauau/RM_Auto_Aim/install/auto_aim_interfaces/share/auto_aim_interfaces/environment/pythonpath.sh
[3.873s] -- Installing: /home/auauau/RM_Auto_Aim/install/auto_aim_interfaces/share/auto_aim_interfaces/environment/pythonpath.dsv
[3.873s] -- Installing: /home/auauau/RM_Auto_Aim/install/auto_aim_interfaces/local/lib/python3.10/dist-packages/auto_aim_interfaces-0.0.0-py3.10.egg-info
[3.873s] -- Installing: /home/auauau/RM_Auto_Aim/install/auto_aim_interfaces/local/lib/python3.10/dist-packages/auto_aim_interfaces-0.0.0-py3.10.egg-info/dependency_links.txt
[3.873s] -- Installing: /home/auauau/RM_Auto_Aim/install/auto_aim_interfaces/local/lib/python3.10/dist-packages/auto_aim_interfaces-0.0.0-py3.10.egg-info/top_level.txt
[3.873s] -- Installing: /home/auauau/RM_Auto_Aim/install/auto_aim_interfaces/local/lib/python3.10/dist-packages/auto_aim_interfaces-0.0.0-py3.10.egg-info/SOURCES.txt
[3.873s] -- Installing: /home/auauau/RM_Auto_Aim/install/auto_aim_interfaces/local/lib/python3.10/dist-packages/auto_aim_interfaces-0.0.0-py3.10.egg-info/PKG-INFO
[3.873s] -- Installing: /home/auauau/RM_Auto_Aim/install/auto_aim_interfaces/local/lib/python3.10/dist-packages/auto_aim_interfaces
[3.873s] -- Installing: /home/auauau/RM_Auto_Aim/install/auto_aim_interfaces/local/lib/python3.10/dist-packages/auto_aim_interfaces/auto_aim_interfaces_s__rosidl_typesupport_introspection_c.cpython-310-x86_64-linux-gnu.so
[3.873s] -- Installing: /home/auauau/RM_Auto_Aim/install/auto_aim_interfaces/local/lib/python3.10/dist-packages/auto_aim_interfaces/_auto_aim_interfaces_s.ep.rosidl_typesupport_introspection_c.c
[3.873s] -- Installing: /home/auauau/RM_Auto_Aim/install/auto_aim_interfaces/local/lib/python3.10/dist-packages/auto_aim_interfaces/libauto_aim_interfaces__rosidl_generator_py.so
[3.873s] -- Installing: /home/auauau/RM_Auto_Aim/install/auto_aim_interfaces/local/lib/python3.10/dist-packages/auto_aim_interfaces/msg
[3.873s] -- Installing: /home/auauau/RM_Auto_Aim/install/auto_aim_interfaces/local/lib/python3.10/dist-packages/auto_aim_interfaces/msg/_tracker_info.py
[3.874s] -- Installing: /home/auauau/RM_Auto_Aim/install/auto_aim_interfaces/local/lib/python3.10/dist-packages/auto_aim_interfaces/msg/_debug_armor.py
[3.874s] -- Installing: /home/auauau/RM_Auto_Aim/install/auto_aim_interfaces/local/lib/python3.10/dist-packages/auto_aim_interfaces/msg/_armor_s.c
[3.874s] -- Installing: /home/auauau/RM_Auto_Aim/install/auto_aim_interfaces/local/lib/python3.10/dist-packages/auto_aim_interfaces/msg/_tracker_info_s.c
[3.874s] -- Installing: /home/auauau/RM_Auto_Aim/install/auto_aim_interfaces/local/lib/python3.10/dist-packages/auto_aim_interfaces/msg/_debug_armors.py
[3.874s] -- Installing: /home/auauau/RM_Auto_Aim/install/auto_aim_interfaces/local/lib/python3.10/dist-packages/auto_aim_interfaces/msg/_armor.py
[3.874s] -- Installing: /home/auauau/RM_Auto_Aim/install/auto_aim_interfaces/local/lib/python3.10/dist-packages/auto_aim_interfaces/msg/_debug_armor_s.c
[3.874s] -- Installing: /home/auauau/RM_Auto_Aim/install/auto_aim_interfaces/local/lib/python3.10/dist-packages/auto_aim_interfaces/msg/_target_s.c
[3.874s] -- Installing: /home/auauau/RM_Auto_Aim/install/auto_aim_interfaces/local/lib/python3.10/dist-packages/auto_aim_interfaces/msg/__init__.py
[3.874s] -- Installing: /home/auauau/RM_Auto_Aim/install/auto_aim_interfaces/local/lib/python3.10/dist-packages/auto_aim_interfaces/msg/_debug_light.py
[3.874s] -- Installing: /home/auauau/RM_Auto_Aim/install/auto_aim_interfaces/local/lib/python3.10/dist-packages/auto_aim_interfaces/msg/_debug_lights.py
[3.874s] -- Installing: /home/auauau/RM_Auto_Aim/install/auto_aim_interfaces/local/lib/python3.10/dist-packages/auto_aim_interfaces/msg/_armors.py
[3.874s] -- Installing: /home/auauau/RM_Auto_Aim/install/auto_aim_interfaces/local/lib/python3.10/dist-packages/auto_aim_interfaces/msg/_debug_lights_s.c
[3.874s] -- Installing: /home/auauau/RM_Auto_Aim/install/auto_aim_interfaces/local/lib/python3.10/dist-packages/auto_aim_interfaces/msg/_armors_s.c
[3.874s] -- Installing: /home/auauau/RM_Auto_Aim/install/auto_aim_interfaces/local/lib/python3.10/dist-packages/auto_aim_interfaces/msg/_target.py
[3.874s] -- Installing: /home/auauau/RM_Auto_Aim/install/auto_aim_interfaces/local/lib/python3.10/dist-packages/auto_aim_interfaces/msg/_debug_armors_s.c
[3.874s] -- Installing: /home/auauau/RM_Auto_Aim/install/auto_aim_interfaces/local/lib/python3.10/dist-packages/auto_aim_interfaces/msg/_debug_light_s.c
[3.874s] -- Installing: /home/auauau/RM_Auto_Aim/install/auto_aim_interfaces/local/lib/python3.10/dist-packages/auto_aim_interfaces/auto_aim_interfaces_s__rosidl_typesupport_c.cpython-310-x86_64-linux-gnu.so
[3.874s] -- Installing: /home/auauau/RM_Auto_Aim/install/auto_aim_interfaces/local/lib/python3.10/dist-packages/auto_aim_interfaces/__init__.py
[3.874s] -- Installing: /home/auauau/RM_Auto_Aim/install/auto_aim_interfaces/local/lib/python3.10/dist-packages/auto_aim_interfaces/_auto_aim_interfaces_s.ep.rosidl_typesupport_fastrtps_c.c
[3.874s] -- Installing: /home/auauau/RM_Auto_Aim/install/auto_aim_interfaces/local/lib/python3.10/dist-packages/auto_aim_interfaces/_auto_aim_interfaces_s.ep.rosidl_typesupport_c.c
[3.875s] -- Installing: /home/auauau/RM_Auto_Aim/install/auto_aim_interfaces/local/lib/python3.10/dist-packages/auto_aim_interfaces/auto_aim_interfaces_s__rosidl_typesupport_fastrtps_c.cpython-310-x86_64-linux-gnu.so
[3.905s] Listing '/home/auauau/RM_Auto_Aim/install/auto_aim_interfaces/local/lib/python3.10/dist-packages/auto_aim_interfaces'...
[3.905s] Compiling '/home/auauau/RM_Auto_Aim/install/auto_aim_interfaces/local/lib/python3.10/dist-packages/auto_aim_interfaces/__init__.py'...
[3.905s] Listing '/home/auauau/RM_Auto_Aim/install/auto_aim_interfaces/local/lib/python3.10/dist-packages/auto_aim_interfaces/msg'...
[3.905s] Compiling '/home/auauau/RM_Auto_Aim/install/auto_aim_interfaces/local/lib/python3.10/dist-packages/auto_aim_interfaces/msg/__init__.py'...
[3.905s] Compiling '/home/auauau/RM_Auto_Aim/install/auto_aim_interfaces/local/lib/python3.10/dist-packages/auto_aim_interfaces/msg/_armor.py'...
[3.905s] Compiling '/home/auauau/RM_Auto_Aim/install/auto_aim_interfaces/local/lib/python3.10/dist-packages/auto_aim_interfaces/msg/_armors.py'...
[3.905s] Compiling '/home/auauau/RM_Auto_Aim/install/auto_aim_interfaces/local/lib/python3.10/dist-packages/auto_aim_interfaces/msg/_debug_armor.py'...
[3.905s] Compiling '/home/auauau/RM_Auto_Aim/install/auto_aim_interfaces/local/lib/python3.10/dist-packages/auto_aim_interfaces/msg/_debug_armors.py'...
[3.905s] Compiling '/home/auauau/RM_Auto_Aim/install/auto_aim_interfaces/local/lib/python3.10/dist-packages/auto_aim_interfaces/msg/_debug_light.py'...
[3.905s] Compiling '/home/auauau/RM_Auto_Aim/install/auto_aim_interfaces/local/lib/python3.10/dist-packages/auto_aim_interfaces/msg/_debug_lights.py'...
[3.905s] Compiling '/home/auauau/RM_Auto_Aim/install/auto_aim_interfaces/local/lib/python3.10/dist-packages/auto_aim_interfaces/msg/_target.py'...
[3.905s] Compiling '/home/auauau/RM_Auto_Aim/install/auto_aim_interfaces/local/lib/python3.10/dist-packages/auto_aim_interfaces/msg/_tracker_info.py'...
[3.908s] -- Installing: /home/auauau/RM_Auto_Aim/install/auto_aim_interfaces/local/lib/python3.10/dist-packages/auto_aim_interfaces/auto_aim_interfaces_s__rosidl_typesupport_fastrtps_c.cpython-310-x86_64-linux-gnu.so
[3.908s] -- Set runtime path of "/home/auauau/RM_Auto_Aim/install/auto_aim_interfaces/local/lib/python3.10/dist-packages/auto_aim_interfaces/auto_aim_interfaces_s__rosidl_typesupport_fastrtps_c.cpython-310-x86_64-linux-gnu.so" to ""
[3.908s] -- Installing: /home/auauau/RM_Auto_Aim/install/auto_aim_interfaces/local/lib/python3.10/dist-packages/auto_aim_interfaces/auto_aim_interfaces_s__rosidl_typesupport_introspection_c.cpython-310-x86_64-linux-gnu.so
[3.908s] -- Set runtime path of "/home/auauau/RM_Auto_Aim/install/auto_aim_interfaces/local/lib/python3.10/dist-packages/auto_aim_interfaces/auto_aim_interfaces_s__rosidl_typesupport_introspection_c.cpython-310-x86_64-linux-gnu.so" to ""
[3.909s] -- Installing: /home/auauau/RM_Auto_Aim/install/auto_aim_interfaces/local/lib/python3.10/dist-packages/auto_aim_interfaces/auto_aim_interfaces_s__rosidl_typesupport_c.cpython-310-x86_64-linux-gnu.so
[3.909s] -- Set runtime path of "/home/auauau/RM_Auto_Aim/install/auto_aim_interfaces/local/lib/python3.10/dist-packages/auto_aim_interfaces/auto_aim_interfaces_s__rosidl_typesupport_c.cpython-310-x86_64-linux-gnu.so" to ""
[3.909s] -- Installing: /home/auauau/RM_Auto_Aim/install/auto_aim_interfaces/lib/libauto_aim_interfaces__rosidl_generator_py.so
[3.909s] -- Set runtime path of "/home/auauau/RM_Auto_Aim/install/auto_aim_interfaces/lib/libauto_aim_interfaces__rosidl_generator_py.so" to ""
[3.909s] -- Installing: /home/auauau/RM_Auto_Aim/install/auto_aim_interfaces/share/auto_aim_interfaces/msg/Armor.idl
[3.909s] -- Installing: /home/auauau/RM_Auto_Aim/install/auto_aim_interfaces/share/auto_aim_interfaces/msg/Armors.idl
[3.909s] -- Installing: /home/auauau/RM_Auto_Aim/install/auto_aim_interfaces/share/auto_aim_interfaces/msg/Target.idl
[3.909s] -- Installing: /home/auauau/RM_Auto_Aim/install/auto_aim_interfaces/share/auto_aim_interfaces/msg/DebugLight.idl
[3.909s] -- Installing: /home/auauau/RM_Auto_Aim/install/auto_aim_interfaces/share/auto_aim_interfaces/msg/DebugLights.idl
[3.909s] -- Installing: /home/auauau/RM_Auto_Aim/install/auto_aim_interfaces/share/auto_aim_interfaces/msg/DebugArmor.idl
[3.909s] -- Installing: /home/auauau/RM_Auto_Aim/install/auto_aim_interfaces/share/auto_aim_interfaces/msg/DebugArmors.idl
[3.909s] -- Installing: /home/auauau/RM_Auto_Aim/install/auto_aim_interfaces/share/auto_aim_interfaces/msg/TrackerInfo.idl
[3.909s] -- Installing: /home/auauau/RM_Auto_Aim/install/auto_aim_interfaces/share/auto_aim_interfaces/msg/Armor.msg
[3.909s] -- Installing: /home/auauau/RM_Auto_Aim/install/auto_aim_interfaces/share/auto_aim_interfaces/msg/Armors.msg
[3.909s] -- Installing: /home/auauau/RM_Auto_Aim/install/auto_aim_interfaces/share/auto_aim_interfaces/msg/Target.msg
[3.909s] -- Installing: /home/auauau/RM_Auto_Aim/install/auto_aim_interfaces/share/auto_aim_interfaces/msg/DebugLight.msg
[3.909s] -- Installing: /home/auauau/RM_Auto_Aim/install/auto_aim_interfaces/share/auto_aim_interfaces/msg/DebugLights.msg
[3.910s] -- Installing: /home/auauau/RM_Auto_Aim/install/auto_aim_interfaces/share/auto_aim_interfaces/msg/DebugArmor.msg
[3.910s] -- Installing: /home/auauau/RM_Auto_Aim/install/auto_aim_interfaces/share/auto_aim_interfaces/msg/DebugArmors.msg
[3.910s] -- Installing: /home/auauau/RM_Auto_Aim/install/auto_aim_interfaces/share/auto_aim_interfaces/msg/TrackerInfo.msg
[3.910s] -- Installing: /home/auauau/RM_Auto_Aim/install/auto_aim_interfaces/share/ament_index/resource_index/package_run_dependencies/auto_aim_interfaces
[3.910s] -- Installing: /home/auauau/RM_Auto_Aim/install/auto_aim_interfaces/share/ament_index/resource_index/parent_prefix_path/auto_aim_interfaces
[3.910s] -- Installing: /home/auauau/RM_Auto_Aim/install/auto_aim_interfaces/share/auto_aim_interfaces/environment/ament_prefix_path.sh
[3.910s] -- Installing: /home/auauau/RM_Auto_Aim/install/auto_aim_interfaces/share/auto_aim_interfaces/environment/ament_prefix_path.dsv
[3.910s] -- Installing: /home/auauau/RM_Auto_Aim/install/auto_aim_interfaces/share/auto_aim_interfaces/environment/path.sh
[3.910s] -- Installing: /home/auauau/RM_Auto_Aim/install/auto_aim_interfaces/share/auto_aim_interfaces/environment/path.dsv
[3.910s] -- Installing: /home/auauau/RM_Auto_Aim/install/auto_aim_interfaces/share/auto_aim_interfaces/local_setup.bash
[3.911s] -- Installing: /home/auauau/RM_Auto_Aim/install/auto_aim_interfaces/share/auto_aim_interfaces/local_setup.sh
[3.911s] -- Installing: /home/auauau/RM_Auto_Aim/install/auto_aim_interfaces/share/auto_aim_interfaces/local_setup.zsh
[3.911s] -- Installing: /home/auauau/RM_Auto_Aim/install/auto_aim_interfaces/share/auto_aim_interfaces/local_setup.dsv
[3.911s] -- Installing: /home/auauau/RM_Auto_Aim/install/auto_aim_interfaces/share/auto_aim_interfaces/package.dsv
[3.911s] -- Installing: /home/auauau/RM_Auto_Aim/install/auto_aim_interfaces/share/ament_index/resource_index/packages/auto_aim_interfaces
[3.911s] -- Installing: /home/auauau/RM_Auto_Aim/install/auto_aim_interfaces/share/auto_aim_interfaces/cmake/export_auto_aim_interfaces__rosidl_generator_cExport.cmake
[3.911s] -- Installing: /home/auauau/RM_Auto_Aim/install/auto_aim_interfaces/share/auto_aim_interfaces/cmake/export_auto_aim_interfaces__rosidl_generator_cExport-noconfig.cmake
[3.911s] -- Installing: /home/auauau/RM_Auto_Aim/install/auto_aim_interfaces/share/auto_aim_interfaces/cmake/export_auto_aim_interfaces__rosidl_typesupport_fastrtps_cExport.cmake
[3.911s] -- Installing: /home/auauau/RM_Auto_Aim/install/auto_aim_interfaces/share/auto_aim_interfaces/cmake/export_auto_aim_interfaces__rosidl_typesupport_fastrtps_cExport-noconfig.cmake
[3.911s] -- Installing: /home/auauau/RM_Auto_Aim/install/auto_aim_interfaces/share/auto_aim_interfaces/cmake/auto_aim_interfaces__rosidl_typesupport_introspection_cExport.cmake
[3.911s] -- Installing: /home/auauau/RM_Auto_Aim/install/auto_aim_interfaces/share/auto_aim_interfaces/cmake/auto_aim_interfaces__rosidl_typesupport_introspection_cExport-noconfig.cmake
[3.911s] -- Installing: /home/auauau/RM_Auto_Aim/install/auto_aim_interfaces/share/auto_aim_interfaces/cmake/auto_aim_interfaces__rosidl_typesupport_cExport.cmake
[3.911s] -- Installing: /home/auauau/RM_Auto_Aim/install/auto_aim_interfaces/share/auto_aim_interfaces/cmake/auto_aim_interfaces__rosidl_typesupport_cExport-noconfig.cmake
[3.911s] -- Installing: /home/auauau/RM_Auto_Aim/install/auto_aim_interfaces/share/auto_aim_interfaces/cmake/export_auto_aim_interfaces__rosidl_generator_cppExport.cmake
[3.911s] -- Installing: /home/auauau/RM_Auto_Aim/install/auto_aim_interfaces/share/auto_aim_interfaces/cmake/export_auto_aim_interfaces__rosidl_typesupport_fastrtps_cppExport.cmake
[3.911s] -- Installing: /home/auauau/RM_Auto_Aim/install/auto_aim_interfaces/share/auto_aim_interfaces/cmake/export_auto_aim_interfaces__rosidl_typesupport_fastrtps_cppExport-noconfig.cmake
[3.911s] -- Installing: /home/auauau/RM_Auto_Aim/install/auto_aim_interfaces/share/auto_aim_interfaces/cmake/auto_aim_interfaces__rosidl_typesupport_introspection_cppExport.cmake
[3.911s] -- Installing: /home/auauau/RM_Auto_Aim/install/auto_aim_interfaces/share/auto_aim_interfaces/cmake/auto_aim_interfaces__rosidl_typesupport_introspection_cppExport-noconfig.cmake
[3.911s] -- Installing: /home/auauau/RM_Auto_Aim/install/auto_aim_interfaces/share/auto_aim_interfaces/cmake/auto_aim_interfaces__rosidl_typesupport_cppExport.cmake
[3.911s] -- Installing: /home/auauau/RM_Auto_Aim/install/auto_aim_interfaces/share/auto_aim_interfaces/cmake/auto_aim_interfaces__rosidl_typesupport_cppExport-noconfig.cmake
[3.911s] -- Installing: /home/auauau/RM_Auto_Aim/install/auto_aim_interfaces/share/auto_aim_interfaces/cmake/export_auto_aim_interfaces__rosidl_generator_pyExport.cmake
[3.911s] -- Installing: /home/auauau/RM_Auto_Aim/install/auto_aim_interfaces/share/auto_aim_interfaces/cmake/export_auto_aim_interfaces__rosidl_generator_pyExport-noconfig.cmake
[3.911s] -- Installing: /home/auauau/RM_Auto_Aim/install/auto_aim_interfaces/share/auto_aim_interfaces/cmake/rosidl_cmake-extras.cmake
[3.912s] -- Installing: /home/auauau/RM_Auto_Aim/install/auto_aim_interfaces/share/auto_aim_interfaces/cmake/ament_cmake_export_dependencies-extras.cmake
[3.912s] -- Installing: /home/auauau/RM_Auto_Aim/install/auto_aim_interfaces/share/auto_aim_interfaces/cmake/ament_cmake_export_include_directories-extras.cmake
[3.912s] -- Installing: /home/auauau/RM_Auto_Aim/install/auto_aim_interfaces/share/auto_aim_interfaces/cmake/ament_cmake_export_libraries-extras.cmake
[3.912s] -- Installing: /home/auauau/RM_Auto_Aim/install/auto_aim_interfaces/share/auto_aim_interfaces/cmake/ament_cmake_export_targets-extras.cmake
[3.912s] -- Installing: /home/auauau/RM_Auto_Aim/install/auto_aim_interfaces/share/auto_aim_interfaces/cmake/rosidl_cmake_export_typesupport_targets-extras.cmake
[3.912s] -- Installing: /home/auauau/RM_Auto_Aim/install/auto_aim_interfaces/share/auto_aim_interfaces/cmake/rosidl_cmake_export_typesupport_libraries-extras.cmake
[3.912s] -- Installing: /home/auauau/RM_Auto_Aim/install/auto_aim_interfaces/share/auto_aim_interfaces/cmake/auto_aim_interfacesConfig.cmake
[3.912s] -- Installing: /home/auauau/RM_Auto_Aim/install/auto_aim_interfaces/share/auto_aim_interfaces/cmake/auto_aim_interfacesConfig-version.cmake
[3.912s] -- Installing: /home/auauau/RM_Auto_Aim/install/auto_aim_interfaces/share/auto_aim_interfaces/package.xml
[3.914s] Invoked command in '/home/auauau/RM_Auto_Aim/build/auto_aim_interfaces' returned '0': CMAKE_PREFIX_PATH=${CMAKE_PREFIX_PATH}:/opt/ros/humble /usr/bin/cmake --install /home/auauau/RM_Auto_Aim/build/auto_aim_interfaces
