[0.009s] Invoking command in '/home/auauau/RM_Auto_Aim/build/armor_detector': CMAKE_PREFIX_PATH=/home/auauau/RM_Auto_Aim/install/auto_aim_interfaces:/home/auauau/RM_Auto_Aim/install/armor_detector:/opt/ros/humble LD_LIBRARY_PATH=/home/auauau/RM_Auto_Aim/install/auto_aim_interfaces/lib:/home/auauau/RM_Auto_Aim/install/armor_detector/lib:/opt/ros/humble/opt/rviz_ogre_vendor/lib:/opt/ros/humble/lib/x86_64-linux-gnu:/opt/ros/humble/lib /usr/bin/cmake --build /home/auauau/RM_Auto_Aim/build/armor_detector -- -j24 -l24
[0.055s] [35m[1mConsolidate compiler generated dependencies of target armor_detector[0m
[0.063s] [ 18%] Built target armor_detector_node
[0.073s] [ 81%] Built target armor_detector
[0.088s] [35m[1mConsolidate compiler generated dependencies of target armor_detector_test[0m
[0.104s] [ 90%] [32mBuilding CXX object CMakeFiles/armor_detector_test.dir/test/test.cpp.o[0m
[1.347s] [100%] [32m[1mLinking CXX executable armor_detector_test[0m
[1.567s] [100%] Built target armor_detector_test
[1.577s] Invoked command in '/home/auauau/RM_Auto_Aim/build/armor_detector' returned '0': CMAKE_PREFIX_PATH=/home/auauau/RM_Auto_Aim/install/auto_aim_interfaces:/home/auauau/RM_Auto_Aim/install/armor_detector:/opt/ros/humble LD_LIBRARY_PATH=/home/auauau/RM_Auto_Aim/install/auto_aim_interfaces/lib:/home/auauau/RM_Auto_Aim/install/armor_detector/lib:/opt/ros/humble/opt/rviz_ogre_vendor/lib:/opt/ros/humble/lib/x86_64-linux-gnu:/opt/ros/humble/lib /usr/bin/cmake --build /home/auauau/RM_Auto_Aim/build/armor_detector -- -j24 -l24
[1.584s] Invoking command in '/home/auauau/RM_Auto_Aim/build/armor_detector': CMAKE_PREFIX_PATH=/home/auauau/RM_Auto_Aim/install/auto_aim_interfaces:/home/auauau/RM_Auto_Aim/install/armor_detector:/opt/ros/humble LD_LIBRARY_PATH=/home/auauau/RM_Auto_Aim/install/auto_aim_interfaces/lib:/home/auauau/RM_Auto_Aim/install/armor_detector/lib:/opt/ros/humble/opt/rviz_ogre_vendor/lib:/opt/ros/humble/lib/x86_64-linux-gnu:/opt/ros/humble/lib /usr/bin/cmake --install /home/auauau/RM_Auto_Aim/build/armor_detector
[1.591s] -- Install configuration: ""
[1.591s] -- Up-to-date: /home/auauau/RM_Auto_Aim/install/armor_detector/lib/armor_detector/armor_detector_node
[1.591s] -- Installing: /home/auauau/RM_Auto_Aim/install/armor_detector/lib/armor_detector/armor_detector_test
[1.592s] -- Set runtime path of "/home/auauau/RM_Auto_Aim/install/armor_detector/lib/armor_detector/armor_detector_test" to ""
[1.592s] -- Up-to-date: /home/auauau/RM_Auto_Aim/install/armor_detector/include
[1.592s] -- Up-to-date: /home/auauau/RM_Auto_Aim/install/armor_detector/include/armor_detector
[1.592s] -- Up-to-date: /home/auauau/RM_Auto_Aim/install/armor_detector/include/armor_detector/number_classifier.hpp
[1.592s] -- Up-to-date: /home/auauau/RM_Auto_Aim/install/armor_detector/include/armor_detector/corner_corrector.hpp
[1.593s] -- Up-to-date: /home/auauau/RM_Auto_Aim/install/armor_detector/include/armor_detector/armor.hpp
[1.593s] -- Up-to-date: /home/auauau/RM_Auto_Aim/install/armor_detector/include/armor_detector/detector.hpp
[1.593s] -- Up-to-date: /home/auauau/RM_Auto_Aim/install/armor_detector/include/armor_detector/tools.hpp
[1.593s] -- Up-to-date: /home/auauau/RM_Auto_Aim/install/armor_detector/include/armor_detector/pnp_solver.hpp
[1.593s] -- Up-to-date: /home/auauau/RM_Auto_Aim/install/armor_detector/include/armor_detector/detector_node.hpp
[1.593s] -- Up-to-date: /home/auauau/RM_Auto_Aim/install/armor_detector/share/armor_detector/environment/library_path.sh
[1.593s] -- Up-to-date: /home/auauau/RM_Auto_Aim/install/armor_detector/share/armor_detector/environment/library_path.dsv
[1.593s] -- Up-to-date: /home/auauau/RM_Auto_Aim/install/armor_detector/lib/libarmor_detector.so
[1.593s] -- Up-to-date: /home/auauau/RM_Auto_Aim/install/armor_detector/share/ament_index/resource_index/package_run_dependencies/armor_detector
[1.593s] -- Up-to-date: /home/auauau/RM_Auto_Aim/install/armor_detector/share/ament_index/resource_index/parent_prefix_path/armor_detector
[1.593s] -- Up-to-date: /home/auauau/RM_Auto_Aim/install/armor_detector/share/armor_detector/environment/ament_prefix_path.sh
[1.593s] -- Up-to-date: /home/auauau/RM_Auto_Aim/install/armor_detector/share/armor_detector/environment/ament_prefix_path.dsv
[1.593s] -- Up-to-date: /home/auauau/RM_Auto_Aim/install/armor_detector/share/armor_detector/environment/path.sh
[1.593s] -- Up-to-date: /home/auauau/RM_Auto_Aim/install/armor_detector/share/armor_detector/environment/path.dsv
[1.593s] -- Up-to-date: /home/auauau/RM_Auto_Aim/install/armor_detector/share/armor_detector/local_setup.bash
[1.593s] -- Up-to-date: /home/auauau/RM_Auto_Aim/install/armor_detector/share/armor_detector/local_setup.sh
[1.593s] -- Up-to-date: /home/auauau/RM_Auto_Aim/install/armor_detector/share/armor_detector/local_setup.zsh
[1.594s] -- Up-to-date: /home/auauau/RM_Auto_Aim/install/armor_detector/share/armor_detector/local_setup.dsv
[1.594s] -- Installing: /home/auauau/RM_Auto_Aim/install/armor_detector/share/armor_detector/package.dsv
[1.594s] -- Up-to-date: /home/auauau/RM_Auto_Aim/install/armor_detector/share/ament_index/resource_index/packages/armor_detector
[1.594s] -- Up-to-date: /home/auauau/RM_Auto_Aim/install/armor_detector/share/ament_index/resource_index/rclcpp_components/armor_detector
[1.594s] -- Up-to-date: /home/auauau/RM_Auto_Aim/install/armor_detector/share/armor_detector/cmake/ament_cmake_export_dependencies-extras.cmake
[1.594s] -- Up-to-date: /home/auauau/RM_Auto_Aim/install/armor_detector/share/armor_detector/cmake/ament_cmake_export_include_directories-extras.cmake
[1.594s] -- Up-to-date: /home/auauau/RM_Auto_Aim/install/armor_detector/share/armor_detector/cmake/ament_cmake_export_libraries-extras.cmake
[1.594s] -- Up-to-date: /home/auauau/RM_Auto_Aim/install/armor_detector/share/armor_detector/cmake/armor_detectorConfig.cmake
[1.594s] -- Up-to-date: /home/auauau/RM_Auto_Aim/install/armor_detector/share/armor_detector/cmake/armor_detectorConfig-version.cmake
[1.594s] -- Up-to-date: /home/auauau/RM_Auto_Aim/install/armor_detector/share/armor_detector/package.xml
[1.595s] Invoked command in '/home/auauau/RM_Auto_Aim/build/armor_detector' returned '0': CMAKE_PREFIX_PATH=/home/auauau/RM_Auto_Aim/install/auto_aim_interfaces:/home/auauau/RM_Auto_Aim/install/armor_detector:/opt/ros/humble LD_LIBRARY_PATH=/home/auauau/RM_Auto_Aim/install/auto_aim_interfaces/lib:/home/auauau/RM_Auto_Aim/install/armor_detector/lib:/opt/ros/humble/opt/rviz_ogre_vendor/lib:/opt/ros/humble/lib/x86_64-linux-gnu:/opt/ros/humble/lib /usr/bin/cmake --install /home/auauau/RM_Auto_Aim/build/armor_detector
