[0.062s] DEBUG:colcon:Command line arguments: ['/usr/bin/colcon', 'build', '--packages-select', 'auto_aim_interfaces', 'armor_detector']
[0.062s] DEBUG:colcon:Parsed command line arguments: Namespace(log_base=None, log_level=None, verb_name='build', build_base='build', install_base='install', merge_install=False, symlink_install=False, test_result_base=None, continue_on_error=False, executor='parallel', parallel_workers=24, event_handlers=None, ignore_user_meta=False, metas=['./colcon.meta'], base_paths=['.'], packages_ignore=None, packages_ignore_regex=None, paths=None, packages_up_to=None, packages_up_to_regex=None, packages_above=None, packages_above_and_dependencies=None, packages_above_depth=None, packages_select_by_dep=None, packages_skip_by_dep=None, packages_skip_up_to=None, packages_select_build_failed=False, packages_skip_build_finished=False, packages_select_test_failures=False, packages_skip_test_passed=False, packages_select=['auto_aim_interfaces', 'armor_detector'], packages_skip=None, packages_select_regex=None, packages_skip_regex=None, packages_start=None, packages_end=None, allow_overriding=[], cmake_args=None, cmake_target=None, cmake_target_skip_unavailable=False, cmake_clean_cache=False, cmake_clean_first=False, cmake_force_configure=False, ament_cmake_args=None, catkin_cmake_args=None, catkin_skip_building_tests=False, verb_parser=<colcon_defaults.argument_parser.defaults.DefaultArgumentsDecorator object at 0x7bb1939eb280>, verb_extension=<colcon_core.verb.build.BuildVerb object at 0x7bb193b74730>, main=<bound method BuildVerb.main of <colcon_core.verb.build.BuildVerb object at 0x7bb193b74730>>)
[0.152s] Level 1:colcon.colcon_core.package_discovery:discover_packages(colcon_meta) check parameters
[0.152s] Level 1:colcon.colcon_core.package_discovery:discover_packages(recursive) check parameters
[0.153s] Level 1:colcon.colcon_core.package_discovery:discover_packages(ignore) check parameters
[0.153s] Level 1:colcon.colcon_core.package_discovery:discover_packages(path) check parameters
[0.153s] Level 1:colcon.colcon_core.package_discovery:discover_packages(colcon_meta) discover
[0.153s] Level 1:colcon.colcon_core.package_discovery:discover_packages(recursive) discover
[0.153s] INFO:colcon.colcon_core.package_discovery:Crawling recursively for packages in '/home/auauau/RM_Auto_Aim/armor_detector'
[0.153s] Level 1:colcon.colcon_core.package_identification:_identify(.) by extensions ['ignore', 'ignore_ament_install']
[0.153s] Level 1:colcon.colcon_core.package_identification:_identify(.) by extension 'ignore'
[0.153s] Level 1:colcon.colcon_core.package_identification:_identify(.) by extension 'ignore_ament_install'
[0.153s] Level 1:colcon.colcon_core.package_identification:_identify(.) by extensions ['colcon_pkg']
[0.153s] Level 1:colcon.colcon_core.package_identification:_identify(.) by extension 'colcon_pkg'
[0.153s] Level 1:colcon.colcon_core.package_identification:_identify(.) by extensions ['colcon_meta']
[0.153s] Level 1:colcon.colcon_core.package_identification:_identify(.) by extension 'colcon_meta'
[0.153s] Level 1:colcon.colcon_core.package_identification:_identify(.) by extensions ['ros']
[0.153s] Level 1:colcon.colcon_core.package_identification:_identify(.) by extension 'ros'
[0.162s] DEBUG:colcon.colcon_core.package_identification:Package '.' with type 'ros.ament_cmake' and name 'armor_detector'
[0.162s] Level 1:colcon.colcon_core.package_discovery:discover_packages(recursive) using defaults
[0.162s] Level 1:colcon.colcon_core.package_discovery:discover_packages(ignore) discover
[0.162s] Level 1:colcon.colcon_core.package_discovery:discover_packages(ignore) using defaults
[0.162s] Level 1:colcon.colcon_core.package_discovery:discover_packages(path) discover
[0.162s] Level 1:colcon.colcon_core.package_discovery:discover_packages(path) using defaults
[0.162s] WARNING:colcon.colcon_core.package_selection:ignoring unknown package 'auto_aim_interfaces' in --packages-select
[0.174s] Level 1:colcon.colcon_core.package_discovery:discover_packages(prefix_path) check parameters
[0.174s] Level 1:colcon.colcon_core.package_discovery:discover_packages(prefix_path) discover
[0.176s] DEBUG:colcon.colcon_installed_package_information.package_discovery:Found 288 installed packages in /opt/ros/humble
[0.182s] Level 1:colcon.colcon_core.package_discovery:discover_packages(prefix_path) using defaults
[0.204s] Level 5:colcon.colcon_core.verb:set package 'armor_detector' build argument 'cmake_args' from command line to 'None'
[0.205s] Level 5:colcon.colcon_core.verb:set package 'armor_detector' build argument 'cmake_target' from command line to 'None'
[0.205s] Level 5:colcon.colcon_core.verb:set package 'armor_detector' build argument 'cmake_target_skip_unavailable' from command line to 'False'
[0.205s] Level 5:colcon.colcon_core.verb:set package 'armor_detector' build argument 'cmake_clean_cache' from command line to 'False'
[0.205s] Level 5:colcon.colcon_core.verb:set package 'armor_detector' build argument 'cmake_clean_first' from command line to 'False'
[0.205s] Level 5:colcon.colcon_core.verb:set package 'armor_detector' build argument 'cmake_force_configure' from command line to 'False'
[0.205s] Level 5:colcon.colcon_core.verb:set package 'armor_detector' build argument 'ament_cmake_args' from command line to 'None'
[0.205s] Level 5:colcon.colcon_core.verb:set package 'armor_detector' build argument 'catkin_cmake_args' from command line to 'None'
[0.205s] Level 5:colcon.colcon_core.verb:set package 'armor_detector' build argument 'catkin_skip_building_tests' from command line to 'False'
[0.205s] DEBUG:colcon.colcon_core.verb:Building package 'armor_detector' with the following arguments: {'ament_cmake_args': None, 'build_base': '/home/auauau/RM_Auto_Aim/armor_detector/build/armor_detector', 'catkin_cmake_args': None, 'catkin_skip_building_tests': False, 'cmake_args': None, 'cmake_clean_cache': False, 'cmake_clean_first': False, 'cmake_force_configure': False, 'cmake_target': None, 'cmake_target_skip_unavailable': False, 'install_base': '/home/auauau/RM_Auto_Aim/armor_detector/install/armor_detector', 'merge_install': False, 'path': '/home/auauau/RM_Auto_Aim/armor_detector', 'symlink_install': False, 'test_result_base': None}
[0.205s] INFO:colcon.colcon_core.executor:Executing jobs using 'parallel' executor
[0.206s] DEBUG:colcon.colcon_parallel_executor.executor.parallel:run_until_complete
[0.206s] INFO:colcon.colcon_ros.task.ament_cmake.build:Building ROS package in '/home/auauau/RM_Auto_Aim/armor_detector' with build type 'ament_cmake'
[0.206s] INFO:colcon.colcon_cmake.task.cmake.build:Building CMake package in '/home/auauau/RM_Auto_Aim/armor_detector'
[0.207s] INFO:colcon.colcon_core.plugin_system:Skipping extension 'colcon_core.shell.bat': Not used on non-Windows systems
[0.208s] INFO:colcon.colcon_core.shell:Skip shell extension 'powershell' for command environment: Not usable outside of PowerShell
[0.208s] DEBUG:colcon.colcon_core.shell:Skip shell extension 'dsv' for command environment
[0.213s] DEBUG:colcon.colcon_core.event_handler.log_command:Invoking command in '/home/auauau/RM_Auto_Aim/armor_detector/build/armor_detector': CMAKE_PREFIX_PATH=/opt/ros/humble /usr/bin/cmake --build /home/auauau/RM_Auto_Aim/armor_detector/build/armor_detector -- -j24 -l24
[0.643s] DEBUG:colcon.colcon_core.event_handler.log_command:Invoked command in '/home/auauau/RM_Auto_Aim/armor_detector/build/armor_detector' returned '2': CMAKE_PREFIX_PATH=/opt/ros/humble /usr/bin/cmake --build /home/auauau/RM_Auto_Aim/armor_detector/build/armor_detector -- -j24 -l24
[0.644s] Level 1:colcon.colcon_core.environment:create_environment_scripts_only(armor_detector)
[0.645s] Level 1:colcon.colcon_core.environment:checking '/home/auauau/RM_Auto_Aim/armor_detector/install/armor_detector' for CMake module files
[0.645s] Level 1:colcon.colcon_core.environment:checking '/home/auauau/RM_Auto_Aim/armor_detector/install/armor_detector' for CMake config files
[0.646s] Level 1:colcon.colcon_core.environment:checking '/home/auauau/RM_Auto_Aim/armor_detector/install/armor_detector/bin'
[0.646s] Level 1:colcon.colcon_core.environment:checking '/home/auauau/RM_Auto_Aim/armor_detector/install/armor_detector/lib/pkgconfig/armor_detector.pc'
[0.646s] Level 1:colcon.colcon_core.environment:checking '/home/auauau/RM_Auto_Aim/armor_detector/install/armor_detector/lib/python3.10/site-packages'
[0.646s] Level 1:colcon.colcon_core.environment:checking '/home/auauau/RM_Auto_Aim/armor_detector/install/armor_detector/bin'
[0.646s] INFO:colcon.colcon_core.shell:Creating package script '/home/auauau/RM_Auto_Aim/armor_detector/install/armor_detector/share/armor_detector/package.ps1'
[0.647s] INFO:colcon.colcon_core.shell:Creating package descriptor '/home/auauau/RM_Auto_Aim/armor_detector/install/armor_detector/share/armor_detector/package.dsv'
[0.647s] INFO:colcon.colcon_core.shell:Creating package script '/home/auauau/RM_Auto_Aim/armor_detector/install/armor_detector/share/armor_detector/package.sh'
[0.647s] INFO:colcon.colcon_core.shell:Creating package script '/home/auauau/RM_Auto_Aim/armor_detector/install/armor_detector/share/armor_detector/package.bash'
[0.648s] INFO:colcon.colcon_core.shell:Creating package script '/home/auauau/RM_Auto_Aim/armor_detector/install/armor_detector/share/armor_detector/package.zsh'
[0.648s] Level 1:colcon.colcon_core.environment:create_file_with_runtime_dependencies(/home/auauau/RM_Auto_Aim/armor_detector/install/armor_detector/share/colcon-core/packages/armor_detector)
[0.658s] DEBUG:colcon.colcon_parallel_executor.executor.parallel:closing loop
[0.658s] DEBUG:colcon.colcon_parallel_executor.executor.parallel:loop closed
[0.659s] DEBUG:colcon.colcon_parallel_executor.executor.parallel:run_until_complete finished with '2'
[0.659s] DEBUG:colcon.colcon_core.event_reactor:joining thread
[0.663s] INFO:colcon.colcon_core.plugin_system:Skipping extension 'colcon_notification.desktop_notification.terminal_notifier': Not used on non-Darwin systems
[0.663s] INFO:colcon.colcon_core.plugin_system:Skipping extension 'colcon_notification.desktop_notification.win32': Not used on non-Windows systems
[0.663s] INFO:colcon.colcon_notification.desktop_notification:Sending desktop notification using 'notify2'
[0.673s] DEBUG:colcon.colcon_core.event_reactor:joined thread
[0.673s] INFO:colcon.colcon_core.shell:Creating prefix script '/home/auauau/RM_Auto_Aim/armor_detector/install/local_setup.ps1'
[0.674s] INFO:colcon.colcon_core.shell:Creating prefix util module '/home/auauau/RM_Auto_Aim/armor_detector/install/_local_setup_util_ps1.py'
[0.675s] INFO:colcon.colcon_core.shell:Creating prefix chain script '/home/auauau/RM_Auto_Aim/armor_detector/install/setup.ps1'
[0.676s] INFO:colcon.colcon_core.shell:Creating prefix script '/home/auauau/RM_Auto_Aim/armor_detector/install/local_setup.sh'
[0.676s] INFO:colcon.colcon_core.shell:Creating prefix util module '/home/auauau/RM_Auto_Aim/armor_detector/install/_local_setup_util_sh.py'
[0.677s] INFO:colcon.colcon_core.shell:Creating prefix chain script '/home/auauau/RM_Auto_Aim/armor_detector/install/setup.sh'
[0.678s] INFO:colcon.colcon_core.shell:Creating prefix script '/home/auauau/RM_Auto_Aim/armor_detector/install/local_setup.bash'
[0.678s] INFO:colcon.colcon_core.shell:Creating prefix chain script '/home/auauau/RM_Auto_Aim/armor_detector/install/setup.bash'
[0.678s] INFO:colcon.colcon_core.shell:Creating prefix script '/home/auauau/RM_Auto_Aim/armor_detector/install/local_setup.zsh'
[0.679s] INFO:colcon.colcon_core.shell:Creating prefix chain script '/home/auauau/RM_Auto_Aim/armor_detector/install/setup.zsh'
