-- Found ament_cmake_auto: 1.3.11 (/opt/ros/humble/share/ament_cmake_auto/cmake)
-- Found auto_aim_interfaces: 0.0.0 (/home/auauau/RM_Auto_Aim/install/auto_aim_interfaces/share/auto_aim_interfaces/cmake)
-- Found rosidl_generator_c: 3.1.6 (/opt/ros/humble/share/rosidl_generator_c/cmake)
-- Found rosidl_adapter: 3.1.6 (/opt/ros/humble/share/rosidl_adapter/cmake)
-- Found rosidl_generator_cpp: 3.1.6 (/opt/ros/humble/share/rosidl_generator_cpp/cmake)
-- Using all available rosidl_typesupport_c: rosidl_typesupport_fastrtps_c;rosidl_typesupport_introspection_c
-- Using all available rosidl_typesupport_cpp: rosidl_typesupport_fastrtps_cpp;rosidl_typesupport_introspection_cpp
-- Found rmw_implementation_cmake: 6.1.2 (/opt/ros/humble/share/rmw_implementation_cmake/cmake)
-- Found rmw_fastrtps_cpp: 6.2.7 (/opt/ros/humble/share/rmw_fastrtps_cpp/cmake)
-- Using RMW implementation 'rmw_fastrtps_cpp' as default
-- Found eigen3_cmake_module: 0.1.1 (/opt/ros/humble/share/eigen3_cmake_module/cmake)
-- Ensuring Eigen3 include directory is part of orocos-kdl CMake target
-- Configuring done
-- Generating done
-- Build files have been written to: /home/auauau/RM_Auto_Aim/build/armor_detector
[35m[1mConsolidate compiler generated dependencies of target armor_detector_node[0m
[35m[1mConsolidate compiler generated dependencies of target armor_detector[0m
[ 18%] Built target armor_detector_node
[ 81%] Built target armor_detector
[35m[1mConsolidate compiler generated dependencies of target armor_detector_test[0m
[100%] Built target armor_detector_test
-- Install configuration: ""
-- Up-to-date: /home/auauau/RM_Auto_Aim/install/armor_detector/lib/armor_detector/armor_detector_node
-- Up-to-date: /home/auauau/RM_Auto_Aim/install/armor_detector/lib/armor_detector/armor_detector_test
-- Up-to-date: /home/auauau/RM_Auto_Aim/install/armor_detector/share/armor_detector/model
-- Up-to-date: /home/auauau/RM_Auto_Aim/install/armor_detector/share/armor_detector/model/label.txt
-- Up-to-date: /home/auauau/RM_Auto_Aim/install/armor_detector/share/armor_detector/model/mlp.onnx
-- Installing: /home/auauau/RM_Auto_Aim/install/armor_detector/share/armor_detector/ARMORS
-- Installing: /home/auauau/RM_Auto_Aim/install/armor_detector/share/armor_detector/ARMORS/red_5_2.png
-- Installing: /home/auauau/RM_Auto_Aim/install/armor_detector/share/armor_detector/ARMORS/num_raw.png
-- Installing: /home/auauau/RM_Auto_Aim/install/armor_detector/share/armor_detector/ARMORS/car.mp4
-- Installing: /home/auauau/RM_Auto_Aim/install/armor_detector/share/armor_detector/ARMORS/red_5_3.png
-- Installing: /home/auauau/RM_Auto_Aim/install/armor_detector/share/armor_detector/ARMORS/blue_3.jpg
-- Installing: /home/auauau/RM_Auto_Aim/install/armor_detector/share/armor_detector/ARMORS/red_3.jpg
-- Installing: /home/auauau/RM_Auto_Aim/install/armor_detector/share/armor_detector/ARMORS/red_5_1.png
-- Installing: /home/auauau/RM_Auto_Aim/install/armor_detector/share/armor_detector/ARMORS/blue_5.png
-- Installing: /home/auauau/RM_Auto_Aim/install/armor_detector/share/armor_detector/ARMORS/video_red.mp4
-- Up-to-date: /home/auauau/RM_Auto_Aim/install/armor_detector/include
-- Up-to-date: /home/auauau/RM_Auto_Aim/install/armor_detector/include/armor_detector
-- Up-to-date: /home/auauau/RM_Auto_Aim/install/armor_detector/include/armor_detector/number_classifier.hpp
-- Up-to-date: /home/auauau/RM_Auto_Aim/install/armor_detector/include/armor_detector/corner_corrector.hpp
-- Up-to-date: /home/auauau/RM_Auto_Aim/install/armor_detector/include/armor_detector/armor.hpp
-- Up-to-date: /home/auauau/RM_Auto_Aim/install/armor_detector/include/armor_detector/detector.hpp
-- Up-to-date: /home/auauau/RM_Auto_Aim/install/armor_detector/include/armor_detector/tools.hpp
-- Up-to-date: /home/auauau/RM_Auto_Aim/install/armor_detector/include/armor_detector/pnp_solver.hpp
-- Up-to-date: /home/auauau/RM_Auto_Aim/install/armor_detector/include/armor_detector/detector_node.hpp
-- Up-to-date: /home/auauau/RM_Auto_Aim/install/armor_detector/share/armor_detector/environment/library_path.sh
-- Installing: /home/auauau/RM_Auto_Aim/install/armor_detector/share/armor_detector/environment/library_path.dsv
-- Up-to-date: /home/auauau/RM_Auto_Aim/install/armor_detector/lib/libarmor_detector.so
-- Up-to-date: /home/auauau/RM_Auto_Aim/install/armor_detector/share/ament_index/resource_index/package_run_dependencies/armor_detector
-- Up-to-date: /home/auauau/RM_Auto_Aim/install/armor_detector/share/ament_index/resource_index/parent_prefix_path/armor_detector
-- Up-to-date: /home/auauau/RM_Auto_Aim/install/armor_detector/share/armor_detector/environment/ament_prefix_path.sh
-- Installing: /home/auauau/RM_Auto_Aim/install/armor_detector/share/armor_detector/environment/ament_prefix_path.dsv
-- Up-to-date: /home/auauau/RM_Auto_Aim/install/armor_detector/share/armor_detector/environment/path.sh
-- Installing: /home/auauau/RM_Auto_Aim/install/armor_detector/share/armor_detector/environment/path.dsv
-- Up-to-date: /home/auauau/RM_Auto_Aim/install/armor_detector/share/armor_detector/local_setup.bash
-- Up-to-date: /home/auauau/RM_Auto_Aim/install/armor_detector/share/armor_detector/local_setup.sh
-- Up-to-date: /home/auauau/RM_Auto_Aim/install/armor_detector/share/armor_detector/local_setup.zsh
-- Installing: /home/auauau/RM_Auto_Aim/install/armor_detector/share/armor_detector/local_setup.dsv
-- Installing: /home/auauau/RM_Auto_Aim/install/armor_detector/share/armor_detector/package.dsv
-- Up-to-date: /home/auauau/RM_Auto_Aim/install/armor_detector/share/ament_index/resource_index/packages/armor_detector
-- Up-to-date: /home/auauau/RM_Auto_Aim/install/armor_detector/share/ament_index/resource_index/rclcpp_components/armor_detector
-- Up-to-date: /home/auauau/RM_Auto_Aim/install/armor_detector/share/armor_detector/cmake/ament_cmake_export_dependencies-extras.cmake
-- Up-to-date: /home/auauau/RM_Auto_Aim/install/armor_detector/share/armor_detector/cmake/ament_cmake_export_include_directories-extras.cmake
-- Up-to-date: /home/auauau/RM_Auto_Aim/install/armor_detector/share/armor_detector/cmake/ament_cmake_export_libraries-extras.cmake
-- Up-to-date: /home/auauau/RM_Auto_Aim/install/armor_detector/share/armor_detector/cmake/armor_detectorConfig.cmake
-- Up-to-date: /home/auauau/RM_Auto_Aim/install/armor_detector/share/armor_detector/cmake/armor_detectorConfig-version.cmake
-- Up-to-date: /home/auauau/RM_Auto_Aim/install/armor_detector/share/armor_detector/package.xml
