[0.007s] Invoking command in '/home/auauau/RM_Auto_Aim/build/armor_detector': CMAKE_PREFIX_PATH=/home/auauau/RM_Auto_Aim/install/auto_aim_interfaces:/home/auauau/RM_Auto_Aim/install/armor_detector:/opt/ros/humble LD_LIBRARY_PATH=/home/auauau/RM_Auto_Aim/install/auto_aim_interfaces/lib:/home/auauau/RM_Auto_Aim/install/armor_detector/lib:/opt/ros/humble/opt/rviz_ogre_vendor/lib:/opt/ros/humble/lib/x86_64-linux-gnu:/opt/ros/humble/lib /usr/bin/cmake --build /home/auauau/RM_Auto_Aim/build/armor_detector -- -j24 -l24
[0.030s] -- Found ament_cmake_auto: 1.3.11 (/opt/ros/humble/share/ament_cmake_auto/cmake)
[0.114s] -- Found auto_aim_interfaces: 0.0.0 (/home/auauau/RM_Auto_Aim/install/auto_aim_interfaces/share/auto_aim_interfaces/cmake)
[0.130s] -- Found rosidl_generator_c: 3.1.6 (/opt/ros/humble/share/rosidl_generator_c/cmake)
[0.131s] -- Found rosidl_adapter: 3.1.6 (/opt/ros/humble/share/rosidl_adapter/cmake)
[0.135s] -- Found rosidl_generator_cpp: 3.1.6 (/opt/ros/humble/share/rosidl_generator_cpp/cmake)
[0.141s] -- Using all available rosidl_typesupport_c: rosidl_typesupport_fastrtps_c;rosidl_typesupport_introspection_c
[0.148s] -- Using all available rosidl_typesupport_cpp: rosidl_typesupport_fastrtps_cpp;rosidl_typesupport_introspection_cpp
[0.238s] -- Found rmw_implementation_cmake: 6.1.2 (/opt/ros/humble/share/rmw_implementation_cmake/cmake)
[0.239s] -- Found rmw_fastrtps_cpp: 6.2.7 (/opt/ros/humble/share/rmw_fastrtps_cpp/cmake)
[0.304s] -- Using RMW implementation 'rmw_fastrtps_cpp' as default
[0.379s] -- Found eigen3_cmake_module: 0.1.1 (/opt/ros/humble/share/eigen3_cmake_module/cmake)
[0.380s] -- Ensuring Eigen3 include directory is part of orocos-kdl CMake target
[0.428s] -- Configuring done
[0.442s] -- Generating done
[0.447s] -- Build files have been written to: /home/auauau/RM_Auto_Aim/build/armor_detector
[0.468s] [35m[1mConsolidate compiler generated dependencies of target armor_detector_node[0m
[0.468s] [35m[1mConsolidate compiler generated dependencies of target armor_detector[0m
[0.480s] [ 18%] Built target armor_detector_node
[0.487s] [ 81%] Built target armor_detector
[0.496s] [35m[1mConsolidate compiler generated dependencies of target armor_detector_test[0m
[0.507s] [100%] Built target armor_detector_test
[0.515s] Invoked command in '/home/auauau/RM_Auto_Aim/build/armor_detector' returned '0': CMAKE_PREFIX_PATH=/home/auauau/RM_Auto_Aim/install/auto_aim_interfaces:/home/auauau/RM_Auto_Aim/install/armor_detector:/opt/ros/humble LD_LIBRARY_PATH=/home/auauau/RM_Auto_Aim/install/auto_aim_interfaces/lib:/home/auauau/RM_Auto_Aim/install/armor_detector/lib:/opt/ros/humble/opt/rviz_ogre_vendor/lib:/opt/ros/humble/lib/x86_64-linux-gnu:/opt/ros/humble/lib /usr/bin/cmake --build /home/auauau/RM_Auto_Aim/build/armor_detector -- -j24 -l24
[0.516s] Invoking command in '/home/auauau/RM_Auto_Aim/build/armor_detector': CMAKE_PREFIX_PATH=/home/auauau/RM_Auto_Aim/install/auto_aim_interfaces:/home/auauau/RM_Auto_Aim/install/armor_detector:/opt/ros/humble LD_LIBRARY_PATH=/home/auauau/RM_Auto_Aim/install/auto_aim_interfaces/lib:/home/auauau/RM_Auto_Aim/install/armor_detector/lib:/opt/ros/humble/opt/rviz_ogre_vendor/lib:/opt/ros/humble/lib/x86_64-linux-gnu:/opt/ros/humble/lib /usr/bin/cmake --install /home/auauau/RM_Auto_Aim/build/armor_detector
[0.521s] -- Install configuration: ""
[0.521s] -- Up-to-date: /home/auauau/RM_Auto_Aim/install/armor_detector/lib/armor_detector/armor_detector_node
[0.521s] -- Up-to-date: /home/auauau/RM_Auto_Aim/install/armor_detector/lib/armor_detector/armor_detector_test
[0.521s] -- Up-to-date: /home/auauau/RM_Auto_Aim/install/armor_detector/share/armor_detector/model
[0.521s] -- Up-to-date: /home/auauau/RM_Auto_Aim/install/armor_detector/share/armor_detector/model/label.txt
[0.521s] -- Up-to-date: /home/auauau/RM_Auto_Aim/install/armor_detector/share/armor_detector/model/mlp.onnx
[0.521s] -- Installing: /home/auauau/RM_Auto_Aim/install/armor_detector/share/armor_detector/ARMORS
[0.521s] -- Installing: /home/auauau/RM_Auto_Aim/install/armor_detector/share/armor_detector/ARMORS/red_5_2.png
[0.521s] -- Installing: /home/auauau/RM_Auto_Aim/install/armor_detector/share/armor_detector/ARMORS/num_raw.png
[0.522s] -- Installing: /home/auauau/RM_Auto_Aim/install/armor_detector/share/armor_detector/ARMORS/car.mp4
[0.524s] -- Installing: /home/auauau/RM_Auto_Aim/install/armor_detector/share/armor_detector/ARMORS/red_5_3.png
[0.524s] -- Installing: /home/auauau/RM_Auto_Aim/install/armor_detector/share/armor_detector/ARMORS/blue_3.jpg
[0.525s] -- Installing: /home/auauau/RM_Auto_Aim/install/armor_detector/share/armor_detector/ARMORS/red_3.jpg
[0.525s] -- Installing: /home/auauau/RM_Auto_Aim/install/armor_detector/share/armor_detector/ARMORS/red_5_1.png
[0.525s] -- Installing: /home/auauau/RM_Auto_Aim/install/armor_detector/share/armor_detector/ARMORS/blue_5.png
[0.525s] -- Installing: /home/auauau/RM_Auto_Aim/install/armor_detector/share/armor_detector/ARMORS/video_red.mp4
[0.528s] -- Up-to-date: /home/auauau/RM_Auto_Aim/install/armor_detector/include
[0.528s] -- Up-to-date: /home/auauau/RM_Auto_Aim/install/armor_detector/include/armor_detector
[0.528s] -- Up-to-date: /home/auauau/RM_Auto_Aim/install/armor_detector/include/armor_detector/number_classifier.hpp
[0.528s] -- Up-to-date: /home/auauau/RM_Auto_Aim/install/armor_detector/include/armor_detector/corner_corrector.hpp
[0.528s] -- Up-to-date: /home/auauau/RM_Auto_Aim/install/armor_detector/include/armor_detector/armor.hpp
[0.528s] -- Up-to-date: /home/auauau/RM_Auto_Aim/install/armor_detector/include/armor_detector/detector.hpp
[0.528s] -- Up-to-date: /home/auauau/RM_Auto_Aim/install/armor_detector/include/armor_detector/tools.hpp
[0.528s] -- Up-to-date: /home/auauau/RM_Auto_Aim/install/armor_detector/include/armor_detector/pnp_solver.hpp
[0.528s] -- Up-to-date: /home/auauau/RM_Auto_Aim/install/armor_detector/include/armor_detector/detector_node.hpp
[0.528s] -- Up-to-date: /home/auauau/RM_Auto_Aim/install/armor_detector/share/armor_detector/environment/library_path.sh
[0.528s] -- Installing: /home/auauau/RM_Auto_Aim/install/armor_detector/share/armor_detector/environment/library_path.dsv
[0.528s] -- Up-to-date: /home/auauau/RM_Auto_Aim/install/armor_detector/lib/libarmor_detector.so
[0.528s] -- Up-to-date: /home/auauau/RM_Auto_Aim/install/armor_detector/share/ament_index/resource_index/package_run_dependencies/armor_detector
[0.528s] -- Up-to-date: /home/auauau/RM_Auto_Aim/install/armor_detector/share/ament_index/resource_index/parent_prefix_path/armor_detector
[0.528s] -- Up-to-date: /home/auauau/RM_Auto_Aim/install/armor_detector/share/armor_detector/environment/ament_prefix_path.sh
[0.528s] -- Installing: /home/auauau/RM_Auto_Aim/install/armor_detector/share/armor_detector/environment/ament_prefix_path.dsv
[0.528s] -- Up-to-date: /home/auauau/RM_Auto_Aim/install/armor_detector/share/armor_detector/environment/path.sh
[0.528s] -- Installing: /home/auauau/RM_Auto_Aim/install/armor_detector/share/armor_detector/environment/path.dsv
[0.528s] -- Up-to-date: /home/auauau/RM_Auto_Aim/install/armor_detector/share/armor_detector/local_setup.bash
[0.528s] -- Up-to-date: /home/auauau/RM_Auto_Aim/install/armor_detector/share/armor_detector/local_setup.sh
[0.528s] -- Up-to-date: /home/auauau/RM_Auto_Aim/install/armor_detector/share/armor_detector/local_setup.zsh
[0.528s] -- Installing: /home/auauau/RM_Auto_Aim/install/armor_detector/share/armor_detector/local_setup.dsv
[0.529s] -- Installing: /home/auauau/RM_Auto_Aim/install/armor_detector/share/armor_detector/package.dsv
[0.529s] -- Up-to-date: /home/auauau/RM_Auto_Aim/install/armor_detector/share/ament_index/resource_index/packages/armor_detector
[0.529s] -- Up-to-date: /home/auauau/RM_Auto_Aim/install/armor_detector/share/ament_index/resource_index/rclcpp_components/armor_detector
[0.529s] -- Up-to-date: /home/auauau/RM_Auto_Aim/install/armor_detector/share/armor_detector/cmake/ament_cmake_export_dependencies-extras.cmake
[0.529s] -- Up-to-date: /home/auauau/RM_Auto_Aim/install/armor_detector/share/armor_detector/cmake/ament_cmake_export_include_directories-extras.cmake
[0.529s] -- Up-to-date: /home/auauau/RM_Auto_Aim/install/armor_detector/share/armor_detector/cmake/ament_cmake_export_libraries-extras.cmake
[0.529s] -- Up-to-date: /home/auauau/RM_Auto_Aim/install/armor_detector/share/armor_detector/cmake/armor_detectorConfig.cmake
[0.529s] -- Up-to-date: /home/auauau/RM_Auto_Aim/install/armor_detector/share/armor_detector/cmake/armor_detectorConfig-version.cmake
[0.529s] -- Up-to-date: /home/auauau/RM_Auto_Aim/install/armor_detector/share/armor_detector/package.xml
[0.531s] Invoked command in '/home/auauau/RM_Auto_Aim/build/armor_detector' returned '0': CMAKE_PREFIX_PATH=/home/auauau/RM_Auto_Aim/install/auto_aim_interfaces:/home/auauau/RM_Auto_Aim/install/armor_detector:/opt/ros/humble LD_LIBRARY_PATH=/home/auauau/RM_Auto_Aim/install/auto_aim_interfaces/lib:/home/auauau/RM_Auto_Aim/install/armor_detector/lib:/opt/ros/humble/opt/rviz_ogre_vendor/lib:/opt/ros/humble/lib/x86_64-linux-gnu:/opt/ros/humble/lib /usr/bin/cmake --install /home/auauau/RM_Auto_Aim/build/armor_detector
