-- Found ament_cmake_auto: 1.3.11 (/opt/ros/humble/share/ament_cmake_auto/cmake)
-- Found auto_aim_interfaces: 0.0.0 (/home/auauau/RM_Auto_Aim/install/auto_aim_interfaces/share/auto_aim_interfaces/cmake)
-- Found rosidl_generator_c: 3.1.6 (/opt/ros/humble/share/rosidl_generator_c/cmake)
-- Found rosidl_adapter: 3.1.6 (/opt/ros/humble/share/rosidl_adapter/cmake)
-- Found rosidl_generator_cpp: 3.1.6 (/opt/ros/humble/share/rosidl_generator_cpp/cmake)
-- Using all available rosidl_typesupport_c: rosidl_typesupport_fastrtps_c;rosidl_typesupport_introspection_c
-- Using all available rosidl_typesupport_cpp: rosidl_typesupport_fastrtps_cpp;rosidl_typesupport_introspection_cpp
-- Found rmw_implementation_cmake: 6.1.2 (/opt/ros/humble/share/rmw_implementation_cmake/cmake)
-- Found rmw_fastrtps_cpp: 6.2.7 (/opt/ros/humble/share/rmw_fastrtps_cpp/cmake)
-- Using RMW implementation 'rmw_fastrtps_cpp' as default
-- Found eigen3_cmake_module: 0.1.1 (/opt/ros/humble/share/eigen3_cmake_module/cmake)
-- Ensuring Eigen3 include directory is part of orocos-kdl CMake target
-- Configuring done
-- Generating done
-- Build files have been written to: /home/auauau/RM_Auto_Aim/build/armor_detector
[35m[1mConsolidate compiler generated dependencies of target armor_detector_node[0m
[35m[1mConsolidate compiler generated dependencies of target armor_detector[0m
[ 18%] Built target armor_detector_node
[ 81%] Built target armor_detector
[35m[1mConsolidate compiler generated dependencies of target armor_detector_test[0m
[100%] Built target armor_detector_test
-- Install configuration: ""
-- Up-to-date: /home/auauau/RM_Auto_Aim/install/armor_detector/lib/armor_detector/armor_detector_node
-- Up-to-date: /home/auauau/RM_Auto_Aim/install/armor_detector/lib/armor_detector/armor_detector_test
[31mCMake Error at cmake_install.cmake:86 (file):
  file INSTALL cannot find
  "/home/auauau/RM_Auto_Aim/src/armor_detector/model": No such file or
  directory.

[0m
