[0.008s] Invoking command in '/home/auauau/RM_Auto_Aim/build/armor_detector': CMAKE_PREFIX_PATH=/home/auauau/RM_Auto_Aim/install/auto_aim_interfaces:/home/auauau/RM_Auto_Aim/install/armor_detector:/opt/ros/humble LD_LIBRARY_PATH=/home/auauau/RM_Auto_Aim/install/auto_aim_interfaces/lib:/home/auauau/RM_Auto_Aim/install/armor_detector/lib:/opt/ros/humble/opt/rviz_ogre_vendor/lib:/opt/ros/humble/lib/x86_64-linux-gnu:/opt/ros/humble/lib /usr/bin/cmake --build /home/auauau/RM_Auto_Aim/build/armor_detector -- -j24 -l24
[0.030s] -- Found ament_cmake_auto: 1.3.11 (/opt/ros/humble/share/ament_cmake_auto/cmake)
[0.130s] -- Found auto_aim_interfaces: 0.0.0 (/home/auauau/RM_Auto_Aim/install/auto_aim_interfaces/share/auto_aim_interfaces/cmake)
[0.147s] -- Found rosidl_generator_c: 3.1.6 (/opt/ros/humble/share/rosidl_generator_c/cmake)
[0.148s] -- Found rosidl_adapter: 3.1.6 (/opt/ros/humble/share/rosidl_adapter/cmake)
[0.152s] -- Found rosidl_generator_cpp: 3.1.6 (/opt/ros/humble/share/rosidl_generator_cpp/cmake)
[0.159s] -- Using all available rosidl_typesupport_c: rosidl_typesupport_fastrtps_c;rosidl_typesupport_introspection_c
[0.167s] -- Using all available rosidl_typesupport_cpp: rosidl_typesupport_fastrtps_cpp;rosidl_typesupport_introspection_cpp
[0.265s] -- Found rmw_implementation_cmake: 6.1.2 (/opt/ros/humble/share/rmw_implementation_cmake/cmake)
[0.266s] -- Found rmw_fastrtps_cpp: 6.2.7 (/opt/ros/humble/share/rmw_fastrtps_cpp/cmake)
[0.335s] -- Using RMW implementation 'rmw_fastrtps_cpp' as default
[0.413s] -- Found eigen3_cmake_module: 0.1.1 (/opt/ros/humble/share/eigen3_cmake_module/cmake)
[0.414s] -- Ensuring Eigen3 include directory is part of orocos-kdl CMake target
[0.467s] -- Configuring done
[0.486s] -- Generating done
[0.492s] -- Build files have been written to: /home/auauau/RM_Auto_Aim/build/armor_detector
[0.512s] [35m[1mConsolidate compiler generated dependencies of target armor_detector_node[0m
[0.514s] [35m[1mConsolidate compiler generated dependencies of target armor_detector[0m
[0.526s] [ 18%] Built target armor_detector_node
[0.531s] [ 27%] [32mBuilding CXX object CMakeFiles/armor_detector.dir/src/corner_corrector.cpp.o[0m
[0.533s] [ 45%] [32mBuilding CXX object CMakeFiles/armor_detector.dir/src/detector.cpp.o[0m
[0.533s] [ 45%] [32mBuilding CXX object CMakeFiles/armor_detector.dir/src/number_classifier.cpp.o[0m
[0.534s] [ 54%] [32mBuilding CXX object CMakeFiles/armor_detector.dir/src/tool.cpp.o[0m
[0.534s] [ 63%] [32mBuilding CXX object CMakeFiles/armor_detector.dir/src/detector_node.cpp.o[0m
[0.535s] [ 72%] [32mBuilding CXX object CMakeFiles/armor_detector.dir/src/pnp_solver.cpp.o[0m
[3.604s] [ 81%] [32m[1mLinking CXX shared library libarmor_detector.so[0m
[3.738s] [ 81%] Built target armor_detector
[3.747s] [35m[1mConsolidate compiler generated dependencies of target armor_detector_test[0m
[3.759s] [ 90%] [32mBuilding CXX object CMakeFiles/armor_detector_test.dir/test/test.cpp.o[0m
[4.948s] [100%] [32m[1mLinking CXX executable armor_detector_test[0m
[5.155s] [100%] Built target armor_detector_test
[5.165s] Invoked command in '/home/auauau/RM_Auto_Aim/build/armor_detector' returned '0': CMAKE_PREFIX_PATH=/home/auauau/RM_Auto_Aim/install/auto_aim_interfaces:/home/auauau/RM_Auto_Aim/install/armor_detector:/opt/ros/humble LD_LIBRARY_PATH=/home/auauau/RM_Auto_Aim/install/auto_aim_interfaces/lib:/home/auauau/RM_Auto_Aim/install/armor_detector/lib:/opt/ros/humble/opt/rviz_ogre_vendor/lib:/opt/ros/humble/lib/x86_64-linux-gnu:/opt/ros/humble/lib /usr/bin/cmake --build /home/auauau/RM_Auto_Aim/build/armor_detector -- -j24 -l24
[5.166s] Invoking command in '/home/auauau/RM_Auto_Aim/build/armor_detector': CMAKE_PREFIX_PATH=/home/auauau/RM_Auto_Aim/install/auto_aim_interfaces:/home/auauau/RM_Auto_Aim/install/armor_detector:/opt/ros/humble LD_LIBRARY_PATH=/home/auauau/RM_Auto_Aim/install/auto_aim_interfaces/lib:/home/auauau/RM_Auto_Aim/install/armor_detector/lib:/opt/ros/humble/opt/rviz_ogre_vendor/lib:/opt/ros/humble/lib/x86_64-linux-gnu:/opt/ros/humble/lib /usr/bin/cmake --install /home/auauau/RM_Auto_Aim/build/armor_detector
[5.175s] -- Install configuration: ""
[5.176s] -- Up-to-date: /home/auauau/RM_Auto_Aim/install/armor_detector/lib/armor_detector/armor_detector_node
[5.178s] -- Installing: /home/auauau/RM_Auto_Aim/install/armor_detector/lib/armor_detector/armor_detector_test
[5.178s] -- Set runtime path of "/home/auauau/RM_Auto_Aim/install/armor_detector/lib/armor_detector/armor_detector_test" to ""
[5.178s] -- Up-to-date: /home/auauau/RM_Auto_Aim/install/armor_detector/include
[5.178s] -- Up-to-date: /home/auauau/RM_Auto_Aim/install/armor_detector/include/armor_detector
[5.178s] -- Up-to-date: /home/auauau/RM_Auto_Aim/install/armor_detector/include/armor_detector/number_classifier.hpp
[5.178s] -- Up-to-date: /home/auauau/RM_Auto_Aim/install/armor_detector/include/armor_detector/corner_corrector.hpp
[5.178s] -- Installing: /home/auauau/RM_Auto_Aim/install/armor_detector/include/armor_detector/armor.hpp
[5.178s] -- Installing: /home/auauau/RM_Auto_Aim/install/armor_detector/include/armor_detector/detector.hpp
[5.178s] -- Up-to-date: /home/auauau/RM_Auto_Aim/install/armor_detector/include/armor_detector/tools.hpp
[5.179s] -- Up-to-date: /home/auauau/RM_Auto_Aim/install/armor_detector/include/armor_detector/pnp_solver.hpp
[5.179s] -- Up-to-date: /home/auauau/RM_Auto_Aim/install/armor_detector/include/armor_detector/detector_node.hpp
[5.179s] -- Up-to-date: /home/auauau/RM_Auto_Aim/install/armor_detector/share/armor_detector/environment/library_path.sh
[5.179s] -- Installing: /home/auauau/RM_Auto_Aim/install/armor_detector/share/armor_detector/environment/library_path.dsv
[5.180s] -- Installing: /home/auauau/RM_Auto_Aim/install/armor_detector/lib/libarmor_detector.so
[5.180s] -- Set runtime path of "/home/auauau/RM_Auto_Aim/install/armor_detector/lib/libarmor_detector.so" to ""
[5.180s] -- Up-to-date: /home/auauau/RM_Auto_Aim/install/armor_detector/share/ament_index/resource_index/package_run_dependencies/armor_detector
[5.181s] -- Up-to-date: /home/auauau/RM_Auto_Aim/install/armor_detector/share/ament_index/resource_index/parent_prefix_path/armor_detector
[5.181s] -- Up-to-date: /home/auauau/RM_Auto_Aim/install/armor_detector/share/armor_detector/environment/ament_prefix_path.sh
[5.181s] -- Installing: /home/auauau/RM_Auto_Aim/install/armor_detector/share/armor_detector/environment/ament_prefix_path.dsv
[5.181s] -- Up-to-date: /home/auauau/RM_Auto_Aim/install/armor_detector/share/armor_detector/environment/path.sh
[5.181s] -- Installing: /home/auauau/RM_Auto_Aim/install/armor_detector/share/armor_detector/environment/path.dsv
[5.181s] -- Up-to-date: /home/auauau/RM_Auto_Aim/install/armor_detector/share/armor_detector/local_setup.bash
[5.181s] -- Up-to-date: /home/auauau/RM_Auto_Aim/install/armor_detector/share/armor_detector/local_setup.sh
[5.181s] -- Up-to-date: /home/auauau/RM_Auto_Aim/install/armor_detector/share/armor_detector/local_setup.zsh
[5.181s] -- Installing: /home/auauau/RM_Auto_Aim/install/armor_detector/share/armor_detector/local_setup.dsv
[5.181s] -- Installing: /home/auauau/RM_Auto_Aim/install/armor_detector/share/armor_detector/package.dsv
[5.181s] -- Up-to-date: /home/auauau/RM_Auto_Aim/install/armor_detector/share/ament_index/resource_index/packages/armor_detector
[5.181s] -- Up-to-date: /home/auauau/RM_Auto_Aim/install/armor_detector/share/ament_index/resource_index/rclcpp_components/armor_detector
[5.181s] -- Up-to-date: /home/auauau/RM_Auto_Aim/install/armor_detector/share/armor_detector/cmake/ament_cmake_export_dependencies-extras.cmake
[5.181s] -- Up-to-date: /home/auauau/RM_Auto_Aim/install/armor_detector/share/armor_detector/cmake/ament_cmake_export_include_directories-extras.cmake
[5.181s] -- Up-to-date: /home/auauau/RM_Auto_Aim/install/armor_detector/share/armor_detector/cmake/ament_cmake_export_libraries-extras.cmake
[5.181s] -- Up-to-date: /home/auauau/RM_Auto_Aim/install/armor_detector/share/armor_detector/cmake/armor_detectorConfig.cmake
[5.181s] -- Up-to-date: /home/auauau/RM_Auto_Aim/install/armor_detector/share/armor_detector/cmake/armor_detectorConfig-version.cmake
[5.181s] -- Up-to-date: /home/auauau/RM_Auto_Aim/install/armor_detector/share/armor_detector/package.xml
[5.183s] Invoked command in '/home/auauau/RM_Auto_Aim/build/armor_detector' returned '0': CMAKE_PREFIX_PATH=/home/auauau/RM_Auto_Aim/install/auto_aim_interfaces:/home/auauau/RM_Auto_Aim/install/armor_detector:/opt/ros/humble LD_LIBRARY_PATH=/home/auauau/RM_Auto_Aim/install/auto_aim_interfaces/lib:/home/auauau/RM_Auto_Aim/install/armor_detector/lib:/opt/ros/humble/opt/rviz_ogre_vendor/lib:/opt/ros/humble/lib/x86_64-linux-gnu:/opt/ros/humble/lib /usr/bin/cmake --install /home/auauau/RM_Auto_Aim/build/armor_detector
