[0.062s] DEBUG:colcon:Command line arguments: ['/usr/bin/colcon', 'build']
[0.062s] DEBUG:colcon:Parsed command line arguments: Namespace(log_base=None, log_level=None, verb_name='build', build_base='build', install_base='install', merge_install=False, symlink_install=False, test_result_base=None, continue_on_error=False, executor='parallel', parallel_workers=24, event_handlers=None, ignore_user_meta=False, metas=['./colcon.meta'], base_paths=['.'], packages_ignore=None, packages_ignore_regex=None, paths=None, packages_up_to=None, packages_up_to_regex=None, packages_above=None, packages_above_and_dependencies=None, packages_above_depth=None, packages_select_by_dep=None, packages_skip_by_dep=None, packages_skip_up_to=None, packages_select_build_failed=False, packages_skip_build_finished=False, packages_select_test_failures=False, packages_skip_test_passed=False, packages_select=None, packages_skip=None, packages_select_regex=None, packages_skip_regex=None, packages_start=None, packages_end=None, allow_overriding=[], cmake_args=None, cmake_target=None, cmake_target_skip_unavailable=False, cmake_clean_cache=False, cmake_clean_first=False, cmake_force_configure=False, ament_cmake_args=None, catkin_cmake_args=None, catkin_skip_building_tests=False, verb_parser=<colcon_defaults.argument_parser.defaults.DefaultArgumentsDecorator object at 0x7f3c342cf460>, verb_extension=<colcon_core.verb.build.BuildVerb object at 0x7f3c34470910>, main=<bound method BuildVerb.main of <colcon_core.verb.build.BuildVerb object at 0x7f3c34470910>>)
[0.154s] Level 1:colcon.colcon_core.package_discovery:discover_packages(colcon_meta) check parameters
[0.154s] Level 1:colcon.colcon_core.package_discovery:discover_packages(recursive) check parameters
[0.154s] Level 1:colcon.colcon_core.package_discovery:discover_packages(ignore) check parameters
[0.154s] Level 1:colcon.colcon_core.package_discovery:discover_packages(path) check parameters
[0.154s] Level 1:colcon.colcon_core.package_discovery:discover_packages(colcon_meta) discover
[0.154s] Level 1:colcon.colcon_core.package_discovery:discover_packages(recursive) discover
[0.154s] INFO:colcon.colcon_core.package_discovery:Crawling recursively for packages in '/home/auauau/RM_Auto_Aim'
[0.154s] Level 1:colcon.colcon_core.package_identification:_identify(.) by extensions ['ignore', 'ignore_ament_install']
[0.155s] Level 1:colcon.colcon_core.package_identification:_identify(.) by extension 'ignore'
[0.155s] Level 1:colcon.colcon_core.package_identification:_identify(.) by extension 'ignore_ament_install'
[0.155s] Level 1:colcon.colcon_core.package_identification:_identify(.) by extensions ['colcon_pkg']
[0.155s] Level 1:colcon.colcon_core.package_identification:_identify(.) by extension 'colcon_pkg'
[0.155s] Level 1:colcon.colcon_core.package_identification:_identify(.) by extensions ['colcon_meta']
[0.155s] Level 1:colcon.colcon_core.package_identification:_identify(.) by extension 'colcon_meta'
[0.155s] Level 1:colcon.colcon_core.package_identification:_identify(.) by extensions ['ros']
[0.155s] Level 1:colcon.colcon_core.package_identification:_identify(.) by extension 'ros'
[0.162s] Level 1:colcon.colcon_core.package_identification:_identify(.) by extensions ['cmake', 'python']
[0.162s] Level 1:colcon.colcon_core.package_identification:_identify(.) by extension 'cmake'
[0.162s] Level 1:colcon.colcon_core.package_identification:_identify(.) by extension 'python'
[0.162s] Level 1:colcon.colcon_core.package_identification:_identify(.) by extensions ['python_setup_py']
[0.162s] Level 1:colcon.colcon_core.package_identification:_identify(.) by extension 'python_setup_py'
[0.162s] Level 1:colcon.colcon_core.package_identification:_identify(build) by extensions ['ignore', 'ignore_ament_install']
[0.162s] Level 1:colcon.colcon_core.package_identification:_identify(build) by extension 'ignore'
[0.162s] Level 1:colcon.colcon_core.package_identification:_identify(build) ignored
[0.163s] Level 1:colcon.colcon_core.package_identification:_identify(install) by extensions ['ignore', 'ignore_ament_install']
[0.163s] Level 1:colcon.colcon_core.package_identification:_identify(install) by extension 'ignore'
[0.163s] Level 1:colcon.colcon_core.package_identification:_identify(install) ignored
[0.163s] Level 1:colcon.colcon_core.package_identification:_identify(log) by extensions ['ignore', 'ignore_ament_install']
[0.163s] Level 1:colcon.colcon_core.package_identification:_identify(log) by extension 'ignore'
[0.163s] Level 1:colcon.colcon_core.package_identification:_identify(log) ignored
[0.163s] Level 1:colcon.colcon_core.package_identification:_identify(src) by extensions ['ignore', 'ignore_ament_install']
[0.163s] Level 1:colcon.colcon_core.package_identification:_identify(src) by extension 'ignore'
[0.163s] Level 1:colcon.colcon_core.package_identification:_identify(src) by extension 'ignore_ament_install'
[0.163s] Level 1:colcon.colcon_core.package_identification:_identify(src) by extensions ['colcon_pkg']
[0.163s] Level 1:colcon.colcon_core.package_identification:_identify(src) by extension 'colcon_pkg'
[0.163s] Level 1:colcon.colcon_core.package_identification:_identify(src) by extensions ['colcon_meta']
[0.163s] Level 1:colcon.colcon_core.package_identification:_identify(src) by extension 'colcon_meta'
[0.163s] Level 1:colcon.colcon_core.package_identification:_identify(src) by extensions ['ros']
[0.163s] Level 1:colcon.colcon_core.package_identification:_identify(src) by extension 'ros'
[0.163s] Level 1:colcon.colcon_core.package_identification:_identify(src) by extensions ['cmake', 'python']
[0.163s] Level 1:colcon.colcon_core.package_identification:_identify(src) by extension 'cmake'
[0.163s] Level 1:colcon.colcon_core.package_identification:_identify(src) by extension 'python'
[0.163s] Level 1:colcon.colcon_core.package_identification:_identify(src) by extensions ['python_setup_py']
[0.163s] Level 1:colcon.colcon_core.package_identification:_identify(src) by extension 'python_setup_py'
[0.163s] Level 1:colcon.colcon_core.package_identification:_identify(src/armor_detector) by extensions ['ignore', 'ignore_ament_install']
[0.163s] Level 1:colcon.colcon_core.package_identification:_identify(src/armor_detector) by extension 'ignore'
[0.163s] Level 1:colcon.colcon_core.package_identification:_identify(src/armor_detector) by extension 'ignore_ament_install'
[0.163s] Level 1:colcon.colcon_core.package_identification:_identify(src/armor_detector) by extensions ['colcon_pkg']
[0.163s] Level 1:colcon.colcon_core.package_identification:_identify(src/armor_detector) by extension 'colcon_pkg'
[0.163s] Level 1:colcon.colcon_core.package_identification:_identify(src/armor_detector) by extensions ['colcon_meta']
[0.163s] Level 1:colcon.colcon_core.package_identification:_identify(src/armor_detector) by extension 'colcon_meta'
[0.163s] Level 1:colcon.colcon_core.package_identification:_identify(src/armor_detector) by extensions ['ros']
[0.163s] Level 1:colcon.colcon_core.package_identification:_identify(src/armor_detector) by extension 'ros'
[0.166s] DEBUG:colcon.colcon_core.package_identification:Package 'src/armor_detector' with type 'ros.ament_cmake' and name 'armor_detector'
[0.166s] Level 1:colcon.colcon_core.package_identification:_identify(src/auto_aim_interfaces) by extensions ['ignore', 'ignore_ament_install']
[0.166s] Level 1:colcon.colcon_core.package_identification:_identify(src/auto_aim_interfaces) by extension 'ignore'
[0.166s] Level 1:colcon.colcon_core.package_identification:_identify(src/auto_aim_interfaces) by extension 'ignore_ament_install'
[0.166s] Level 1:colcon.colcon_core.package_identification:_identify(src/auto_aim_interfaces) by extensions ['colcon_pkg']
[0.166s] Level 1:colcon.colcon_core.package_identification:_identify(src/auto_aim_interfaces) by extension 'colcon_pkg'
[0.166s] Level 1:colcon.colcon_core.package_identification:_identify(src/auto_aim_interfaces) by extensions ['colcon_meta']
[0.166s] Level 1:colcon.colcon_core.package_identification:_identify(src/auto_aim_interfaces) by extension 'colcon_meta'
[0.166s] Level 1:colcon.colcon_core.package_identification:_identify(src/auto_aim_interfaces) by extensions ['ros']
[0.166s] Level 1:colcon.colcon_core.package_identification:_identify(src/auto_aim_interfaces) by extension 'ros'
[0.166s] DEBUG:colcon.colcon_core.package_identification:Package 'src/auto_aim_interfaces' with type 'ros.ament_cmake' and name 'auto_aim_interfaces'
[0.166s] Level 1:colcon.colcon_core.package_discovery:discover_packages(recursive) using defaults
[0.166s] Level 1:colcon.colcon_core.package_discovery:discover_packages(ignore) discover
[0.166s] Level 1:colcon.colcon_core.package_discovery:discover_packages(ignore) using defaults
[0.166s] Level 1:colcon.colcon_core.package_discovery:discover_packages(path) discover
[0.166s] Level 1:colcon.colcon_core.package_discovery:discover_packages(path) using defaults
[0.179s] Level 1:colcon.colcon_core.package_discovery:discover_packages(prefix_path) check parameters
[0.179s] Level 1:colcon.colcon_core.package_discovery:discover_packages(prefix_path) discover
[0.180s] DEBUG:colcon.colcon_installed_package_information.package_discovery:Found 2 installed packages in /home/auauau/RM_Auto_Aim/install
[0.181s] DEBUG:colcon.colcon_installed_package_information.package_discovery:Found 288 installed packages in /opt/ros/humble
[0.188s] Level 1:colcon.colcon_core.package_discovery:discover_packages(prefix_path) using defaults
[0.209s] Level 5:colcon.colcon_core.verb:set package 'auto_aim_interfaces' build argument 'cmake_args' from command line to 'None'
[0.209s] Level 5:colcon.colcon_core.verb:set package 'auto_aim_interfaces' build argument 'cmake_target' from command line to 'None'
[0.209s] Level 5:colcon.colcon_core.verb:set package 'auto_aim_interfaces' build argument 'cmake_target_skip_unavailable' from command line to 'False'
[0.209s] Level 5:colcon.colcon_core.verb:set package 'auto_aim_interfaces' build argument 'cmake_clean_cache' from command line to 'False'
[0.209s] Level 5:colcon.colcon_core.verb:set package 'auto_aim_interfaces' build argument 'cmake_clean_first' from command line to 'False'
[0.210s] Level 5:colcon.colcon_core.verb:set package 'auto_aim_interfaces' build argument 'cmake_force_configure' from command line to 'False'
[0.210s] Level 5:colcon.colcon_core.verb:set package 'auto_aim_interfaces' build argument 'ament_cmake_args' from command line to 'None'
[0.210s] Level 5:colcon.colcon_core.verb:set package 'auto_aim_interfaces' build argument 'catkin_cmake_args' from command line to 'None'
[0.210s] Level 5:colcon.colcon_core.verb:set package 'auto_aim_interfaces' build argument 'catkin_skip_building_tests' from command line to 'False'
[0.210s] DEBUG:colcon.colcon_core.verb:Building package 'auto_aim_interfaces' with the following arguments: {'ament_cmake_args': None, 'build_base': '/home/auauau/RM_Auto_Aim/build/auto_aim_interfaces', 'catkin_cmake_args': None, 'catkin_skip_building_tests': False, 'cmake_args': None, 'cmake_clean_cache': False, 'cmake_clean_first': False, 'cmake_force_configure': False, 'cmake_target': None, 'cmake_target_skip_unavailable': False, 'install_base': '/home/auauau/RM_Auto_Aim/install/auto_aim_interfaces', 'merge_install': False, 'path': '/home/auauau/RM_Auto_Aim/src/auto_aim_interfaces', 'symlink_install': False, 'test_result_base': None}
[0.210s] Level 5:colcon.colcon_core.verb:set package 'armor_detector' build argument 'cmake_args' from command line to 'None'
[0.210s] Level 5:colcon.colcon_core.verb:set package 'armor_detector' build argument 'cmake_target' from command line to 'None'
[0.210s] Level 5:colcon.colcon_core.verb:set package 'armor_detector' build argument 'cmake_target_skip_unavailable' from command line to 'False'
[0.210s] Level 5:colcon.colcon_core.verb:set package 'armor_detector' build argument 'cmake_clean_cache' from command line to 'False'
[0.210s] Level 5:colcon.colcon_core.verb:set package 'armor_detector' build argument 'cmake_clean_first' from command line to 'False'
[0.210s] Level 5:colcon.colcon_core.verb:set package 'armor_detector' build argument 'cmake_force_configure' from command line to 'False'
[0.210s] Level 5:colcon.colcon_core.verb:set package 'armor_detector' build argument 'ament_cmake_args' from command line to 'None'
[0.210s] Level 5:colcon.colcon_core.verb:set package 'armor_detector' build argument 'catkin_cmake_args' from command line to 'None'
[0.210s] Level 5:colcon.colcon_core.verb:set package 'armor_detector' build argument 'catkin_skip_building_tests' from command line to 'False'
[0.210s] DEBUG:colcon.colcon_core.verb:Building package 'armor_detector' with the following arguments: {'ament_cmake_args': None, 'build_base': '/home/auauau/RM_Auto_Aim/build/armor_detector', 'catkin_cmake_args': None, 'catkin_skip_building_tests': False, 'cmake_args': None, 'cmake_clean_cache': False, 'cmake_clean_first': False, 'cmake_force_configure': False, 'cmake_target': None, 'cmake_target_skip_unavailable': False, 'install_base': '/home/auauau/RM_Auto_Aim/install/armor_detector', 'merge_install': False, 'path': '/home/auauau/RM_Auto_Aim/src/armor_detector', 'symlink_install': False, 'test_result_base': None}
[0.210s] INFO:colcon.colcon_core.executor:Executing jobs using 'parallel' executor
[0.211s] DEBUG:colcon.colcon_parallel_executor.executor.parallel:run_until_complete
[0.211s] INFO:colcon.colcon_ros.task.ament_cmake.build:Building ROS package in '/home/auauau/RM_Auto_Aim/src/auto_aim_interfaces' with build type 'ament_cmake'
[0.211s] INFO:colcon.colcon_cmake.task.cmake.build:Building CMake package in '/home/auauau/RM_Auto_Aim/src/auto_aim_interfaces'
[0.212s] INFO:colcon.colcon_core.plugin_system:Skipping extension 'colcon_core.shell.bat': Not used on non-Windows systems
[0.212s] INFO:colcon.colcon_core.shell:Skip shell extension 'powershell' for command environment: Not usable outside of PowerShell
[0.212s] DEBUG:colcon.colcon_core.shell:Skip shell extension 'dsv' for command environment
[0.219s] DEBUG:colcon.colcon_core.event_handler.log_command:Invoking command in '/home/auauau/RM_Auto_Aim/build/auto_aim_interfaces': CMAKE_PREFIX_PATH=${CMAKE_PREFIX_PATH}:/opt/ros/humble /usr/bin/cmake --build /home/auauau/RM_Auto_Aim/build/auto_aim_interfaces -- -j24 -l24
[0.454s] DEBUG:colcon.colcon_core.event_handler.log_command:Invoked command in '/home/auauau/RM_Auto_Aim/build/auto_aim_interfaces' returned '0': CMAKE_PREFIX_PATH=${CMAKE_PREFIX_PATH}:/opt/ros/humble /usr/bin/cmake --build /home/auauau/RM_Auto_Aim/build/auto_aim_interfaces -- -j24 -l24
[0.459s] DEBUG:colcon.colcon_core.event_handler.log_command:Invoking command in '/home/auauau/RM_Auto_Aim/build/auto_aim_interfaces': CMAKE_PREFIX_PATH=${CMAKE_PREFIX_PATH}:/opt/ros/humble /usr/bin/cmake --install /home/auauau/RM_Auto_Aim/build/auto_aim_interfaces
[0.498s] Level 1:colcon.colcon_core.environment:create_environment_scripts_only(auto_aim_interfaces)
[0.498s] DEBUG:colcon.colcon_core.event_handler.log_command:Invoked command in '/home/auauau/RM_Auto_Aim/build/auto_aim_interfaces' returned '0': CMAKE_PREFIX_PATH=${CMAKE_PREFIX_PATH}:/opt/ros/humble /usr/bin/cmake --install /home/auauau/RM_Auto_Aim/build/auto_aim_interfaces
[0.500s] Level 1:colcon.colcon_core.environment:checking '/home/auauau/RM_Auto_Aim/install/auto_aim_interfaces' for CMake module files
[0.500s] Level 1:colcon.colcon_core.environment:checking '/home/auauau/RM_Auto_Aim/install/auto_aim_interfaces' for CMake config files
[0.500s] Level 1:colcon.colcon_core.shell:create_environment_hook('auto_aim_interfaces', 'cmake_prefix_path')
[0.500s] INFO:colcon.colcon_core.shell:Creating environment hook '/home/auauau/RM_Auto_Aim/install/auto_aim_interfaces/share/auto_aim_interfaces/hook/cmake_prefix_path.ps1'
[0.501s] INFO:colcon.colcon_core.shell:Creating environment descriptor '/home/auauau/RM_Auto_Aim/install/auto_aim_interfaces/share/auto_aim_interfaces/hook/cmake_prefix_path.dsv'
[0.501s] INFO:colcon.colcon_core.shell:Creating environment hook '/home/auauau/RM_Auto_Aim/install/auto_aim_interfaces/share/auto_aim_interfaces/hook/cmake_prefix_path.sh'
[0.501s] Level 1:colcon.colcon_core.environment:checking '/home/auauau/RM_Auto_Aim/install/auto_aim_interfaces/lib'
[0.502s] Level 1:colcon.colcon_core.shell:create_environment_hook('auto_aim_interfaces', 'ld_library_path_lib')
[0.502s] INFO:colcon.colcon_core.shell:Creating environment hook '/home/auauau/RM_Auto_Aim/install/auto_aim_interfaces/share/auto_aim_interfaces/hook/ld_library_path_lib.ps1'
[0.502s] INFO:colcon.colcon_core.shell:Creating environment descriptor '/home/auauau/RM_Auto_Aim/install/auto_aim_interfaces/share/auto_aim_interfaces/hook/ld_library_path_lib.dsv'
[0.502s] INFO:colcon.colcon_core.shell:Creating environment hook '/home/auauau/RM_Auto_Aim/install/auto_aim_interfaces/share/auto_aim_interfaces/hook/ld_library_path_lib.sh'
[0.502s] Level 1:colcon.colcon_core.environment:checking '/home/auauau/RM_Auto_Aim/install/auto_aim_interfaces/bin'
[0.502s] Level 1:colcon.colcon_core.environment:checking '/home/auauau/RM_Auto_Aim/install/auto_aim_interfaces/lib/pkgconfig/auto_aim_interfaces.pc'
[0.503s] Level 1:colcon.colcon_core.environment:checking '/home/auauau/RM_Auto_Aim/install/auto_aim_interfaces/lib/python3.10/site-packages'
[0.503s] Level 1:colcon.colcon_core.environment:checking '/home/auauau/RM_Auto_Aim/install/auto_aim_interfaces/bin'
[0.503s] INFO:colcon.colcon_core.shell:Creating package script '/home/auauau/RM_Auto_Aim/install/auto_aim_interfaces/share/auto_aim_interfaces/package.ps1'
[0.503s] INFO:colcon.colcon_core.shell:Creating package descriptor '/home/auauau/RM_Auto_Aim/install/auto_aim_interfaces/share/auto_aim_interfaces/package.dsv'
[0.504s] INFO:colcon.colcon_core.shell:Creating package script '/home/auauau/RM_Auto_Aim/install/auto_aim_interfaces/share/auto_aim_interfaces/package.sh'
[0.504s] INFO:colcon.colcon_core.shell:Creating package script '/home/auauau/RM_Auto_Aim/install/auto_aim_interfaces/share/auto_aim_interfaces/package.bash'
[0.504s] INFO:colcon.colcon_core.shell:Creating package script '/home/auauau/RM_Auto_Aim/install/auto_aim_interfaces/share/auto_aim_interfaces/package.zsh'
[0.505s] Level 1:colcon.colcon_core.environment:create_file_with_runtime_dependencies(/home/auauau/RM_Auto_Aim/install/auto_aim_interfaces/share/colcon-core/packages/auto_aim_interfaces)
[0.505s] Level 1:colcon.colcon_core.environment:create_environment_scripts_only(auto_aim_interfaces)
[0.505s] Level 1:colcon.colcon_core.environment:checking '/home/auauau/RM_Auto_Aim/install/auto_aim_interfaces' for CMake module files
[0.506s] Level 1:colcon.colcon_core.environment:checking '/home/auauau/RM_Auto_Aim/install/auto_aim_interfaces' for CMake config files
[0.506s] Level 1:colcon.colcon_core.shell:create_environment_hook('auto_aim_interfaces', 'cmake_prefix_path')
[0.506s] INFO:colcon.colcon_core.shell:Creating environment hook '/home/auauau/RM_Auto_Aim/install/auto_aim_interfaces/share/auto_aim_interfaces/hook/cmake_prefix_path.ps1'
[0.506s] INFO:colcon.colcon_core.shell:Creating environment descriptor '/home/auauau/RM_Auto_Aim/install/auto_aim_interfaces/share/auto_aim_interfaces/hook/cmake_prefix_path.dsv'
[0.506s] INFO:colcon.colcon_core.shell:Creating environment hook '/home/auauau/RM_Auto_Aim/install/auto_aim_interfaces/share/auto_aim_interfaces/hook/cmake_prefix_path.sh'
[0.507s] Level 1:colcon.colcon_core.environment:checking '/home/auauau/RM_Auto_Aim/install/auto_aim_interfaces/lib'
[0.507s] Level 1:colcon.colcon_core.shell:create_environment_hook('auto_aim_interfaces', 'ld_library_path_lib')
[0.507s] INFO:colcon.colcon_core.shell:Creating environment hook '/home/auauau/RM_Auto_Aim/install/auto_aim_interfaces/share/auto_aim_interfaces/hook/ld_library_path_lib.ps1'
[0.507s] INFO:colcon.colcon_core.shell:Creating environment descriptor '/home/auauau/RM_Auto_Aim/install/auto_aim_interfaces/share/auto_aim_interfaces/hook/ld_library_path_lib.dsv'
[0.507s] INFO:colcon.colcon_core.shell:Creating environment hook '/home/auauau/RM_Auto_Aim/install/auto_aim_interfaces/share/auto_aim_interfaces/hook/ld_library_path_lib.sh'
[0.507s] Level 1:colcon.colcon_core.environment:checking '/home/auauau/RM_Auto_Aim/install/auto_aim_interfaces/bin'
[0.507s] Level 1:colcon.colcon_core.environment:checking '/home/auauau/RM_Auto_Aim/install/auto_aim_interfaces/lib/pkgconfig/auto_aim_interfaces.pc'
[0.507s] Level 1:colcon.colcon_core.environment:checking '/home/auauau/RM_Auto_Aim/install/auto_aim_interfaces/lib/python3.10/site-packages'
[0.508s] Level 1:colcon.colcon_core.environment:checking '/home/auauau/RM_Auto_Aim/install/auto_aim_interfaces/bin'
[0.508s] INFO:colcon.colcon_core.shell:Creating package script '/home/auauau/RM_Auto_Aim/install/auto_aim_interfaces/share/auto_aim_interfaces/package.ps1'
[0.508s] INFO:colcon.colcon_core.shell:Creating package descriptor '/home/auauau/RM_Auto_Aim/install/auto_aim_interfaces/share/auto_aim_interfaces/package.dsv'
[0.508s] INFO:colcon.colcon_core.shell:Creating package script '/home/auauau/RM_Auto_Aim/install/auto_aim_interfaces/share/auto_aim_interfaces/package.sh'
[0.509s] INFO:colcon.colcon_core.shell:Creating package script '/home/auauau/RM_Auto_Aim/install/auto_aim_interfaces/share/auto_aim_interfaces/package.bash'
[0.509s] INFO:colcon.colcon_core.shell:Creating package script '/home/auauau/RM_Auto_Aim/install/auto_aim_interfaces/share/auto_aim_interfaces/package.zsh'
[0.509s] Level 1:colcon.colcon_core.environment:create_file_with_runtime_dependencies(/home/auauau/RM_Auto_Aim/install/auto_aim_interfaces/share/colcon-core/packages/auto_aim_interfaces)
[0.509s] INFO:colcon.colcon_ros.task.ament_cmake.build:Building ROS package in '/home/auauau/RM_Auto_Aim/src/armor_detector' with build type 'ament_cmake'
[0.509s] INFO:colcon.colcon_cmake.task.cmake.build:Building CMake package in '/home/auauau/RM_Auto_Aim/src/armor_detector'
[0.509s] INFO:colcon.colcon_core.shell:Skip shell extension 'powershell' for command environment: Not usable outside of PowerShell
[0.509s] DEBUG:colcon.colcon_core.shell:Skip shell extension 'dsv' for command environment
[0.516s] DEBUG:colcon.colcon_core.event_handler.log_command:Invoking command in '/home/auauau/RM_Auto_Aim/build/armor_detector': CMAKE_PREFIX_PATH=/home/auauau/RM_Auto_Aim/install/auto_aim_interfaces:/home/auauau/RM_Auto_Aim/install/armor_detector:/opt/ros/humble LD_LIBRARY_PATH=/home/auauau/RM_Auto_Aim/install/auto_aim_interfaces/lib:/home/auauau/RM_Auto_Aim/install/armor_detector/lib:/opt/ros/humble/opt/rviz_ogre_vendor/lib:/opt/ros/humble/lib/x86_64-linux-gnu:/opt/ros/humble/lib /usr/bin/cmake --build /home/auauau/RM_Auto_Aim/build/armor_detector -- -j24 -l24
[0.609s] DEBUG:colcon.colcon_core.event_handler.log_command:Invoked command in '/home/auauau/RM_Auto_Aim/build/armor_detector' returned '0': CMAKE_PREFIX_PATH=/home/auauau/RM_Auto_Aim/install/auto_aim_interfaces:/home/auauau/RM_Auto_Aim/install/armor_detector:/opt/ros/humble LD_LIBRARY_PATH=/home/auauau/RM_Auto_Aim/install/auto_aim_interfaces/lib:/home/auauau/RM_Auto_Aim/install/armor_detector/lib:/opt/ros/humble/opt/rviz_ogre_vendor/lib:/opt/ros/humble/lib/x86_64-linux-gnu:/opt/ros/humble/lib /usr/bin/cmake --build /home/auauau/RM_Auto_Aim/build/armor_detector -- -j24 -l24
[0.611s] DEBUG:colcon.colcon_core.event_handler.log_command:Invoking command in '/home/auauau/RM_Auto_Aim/build/armor_detector': CMAKE_PREFIX_PATH=/home/auauau/RM_Auto_Aim/install/auto_aim_interfaces:/home/auauau/RM_Auto_Aim/install/armor_detector:/opt/ros/humble LD_LIBRARY_PATH=/home/auauau/RM_Auto_Aim/install/auto_aim_interfaces/lib:/home/auauau/RM_Auto_Aim/install/armor_detector/lib:/opt/ros/humble/opt/rviz_ogre_vendor/lib:/opt/ros/humble/lib/x86_64-linux-gnu:/opt/ros/humble/lib /usr/bin/cmake --install /home/auauau/RM_Auto_Aim/build/armor_detector
[0.622s] Level 1:colcon.colcon_core.environment:create_environment_scripts_only(armor_detector)
[0.623s] Level 1:colcon.colcon_core.environment:checking '/home/auauau/RM_Auto_Aim/install/armor_detector' for CMake module files
[0.623s] DEBUG:colcon.colcon_core.event_handler.log_command:Invoked command in '/home/auauau/RM_Auto_Aim/build/armor_detector' returned '0': CMAKE_PREFIX_PATH=/home/auauau/RM_Auto_Aim/install/auto_aim_interfaces:/home/auauau/RM_Auto_Aim/install/armor_detector:/opt/ros/humble LD_LIBRARY_PATH=/home/auauau/RM_Auto_Aim/install/auto_aim_interfaces/lib:/home/auauau/RM_Auto_Aim/install/armor_detector/lib:/opt/ros/humble/opt/rviz_ogre_vendor/lib:/opt/ros/humble/lib/x86_64-linux-gnu:/opt/ros/humble/lib /usr/bin/cmake --install /home/auauau/RM_Auto_Aim/build/armor_detector
[0.623s] Level 1:colcon.colcon_core.environment:checking '/home/auauau/RM_Auto_Aim/install/armor_detector' for CMake config files
[0.623s] Level 1:colcon.colcon_core.shell:create_environment_hook('armor_detector', 'cmake_prefix_path')
[0.624s] INFO:colcon.colcon_core.shell:Creating environment hook '/home/auauau/RM_Auto_Aim/install/armor_detector/share/armor_detector/hook/cmake_prefix_path.ps1'
[0.624s] INFO:colcon.colcon_core.shell:Creating environment descriptor '/home/auauau/RM_Auto_Aim/install/armor_detector/share/armor_detector/hook/cmake_prefix_path.dsv'
[0.624s] INFO:colcon.colcon_core.shell:Creating environment hook '/home/auauau/RM_Auto_Aim/install/armor_detector/share/armor_detector/hook/cmake_prefix_path.sh'
[0.624s] Level 1:colcon.colcon_core.environment:checking '/home/auauau/RM_Auto_Aim/install/armor_detector/lib'
[0.624s] Level 1:colcon.colcon_core.shell:create_environment_hook('armor_detector', 'ld_library_path_lib')
[0.625s] INFO:colcon.colcon_core.shell:Creating environment hook '/home/auauau/RM_Auto_Aim/install/armor_detector/share/armor_detector/hook/ld_library_path_lib.ps1'
[0.625s] INFO:colcon.colcon_core.shell:Creating environment descriptor '/home/auauau/RM_Auto_Aim/install/armor_detector/share/armor_detector/hook/ld_library_path_lib.dsv'
[0.625s] INFO:colcon.colcon_core.shell:Creating environment hook '/home/auauau/RM_Auto_Aim/install/armor_detector/share/armor_detector/hook/ld_library_path_lib.sh'
[0.625s] Level 1:colcon.colcon_core.environment:checking '/home/auauau/RM_Auto_Aim/install/armor_detector/bin'
[0.625s] Level 1:colcon.colcon_core.environment:checking '/home/auauau/RM_Auto_Aim/install/armor_detector/lib/pkgconfig/armor_detector.pc'
[0.625s] Level 1:colcon.colcon_core.environment:checking '/home/auauau/RM_Auto_Aim/install/armor_detector/lib/python3.10/site-packages'
[0.626s] Level 1:colcon.colcon_core.environment:checking '/home/auauau/RM_Auto_Aim/install/armor_detector/bin'
[0.626s] INFO:colcon.colcon_core.shell:Creating package script '/home/auauau/RM_Auto_Aim/install/armor_detector/share/armor_detector/package.ps1'
[0.626s] INFO:colcon.colcon_core.shell:Creating package descriptor '/home/auauau/RM_Auto_Aim/install/armor_detector/share/armor_detector/package.dsv'
[0.626s] INFO:colcon.colcon_core.shell:Creating package script '/home/auauau/RM_Auto_Aim/install/armor_detector/share/armor_detector/package.sh'
[0.626s] INFO:colcon.colcon_core.shell:Creating package script '/home/auauau/RM_Auto_Aim/install/armor_detector/share/armor_detector/package.bash'
[0.627s] INFO:colcon.colcon_core.shell:Creating package script '/home/auauau/RM_Auto_Aim/install/armor_detector/share/armor_detector/package.zsh'
[0.627s] Level 1:colcon.colcon_core.environment:create_file_with_runtime_dependencies(/home/auauau/RM_Auto_Aim/install/armor_detector/share/colcon-core/packages/armor_detector)
[0.627s] Level 1:colcon.colcon_core.environment:create_environment_scripts_only(armor_detector)
[0.627s] Level 1:colcon.colcon_core.environment:checking '/home/auauau/RM_Auto_Aim/install/armor_detector' for CMake module files
[0.628s] Level 1:colcon.colcon_core.environment:checking '/home/auauau/RM_Auto_Aim/install/armor_detector' for CMake config files
[0.628s] Level 1:colcon.colcon_core.shell:create_environment_hook('armor_detector', 'cmake_prefix_path')
[0.628s] INFO:colcon.colcon_core.shell:Creating environment hook '/home/auauau/RM_Auto_Aim/install/armor_detector/share/armor_detector/hook/cmake_prefix_path.ps1'
[0.628s] INFO:colcon.colcon_core.shell:Creating environment descriptor '/home/auauau/RM_Auto_Aim/install/armor_detector/share/armor_detector/hook/cmake_prefix_path.dsv'
[0.628s] INFO:colcon.colcon_core.shell:Creating environment hook '/home/auauau/RM_Auto_Aim/install/armor_detector/share/armor_detector/hook/cmake_prefix_path.sh'
[0.628s] Level 1:colcon.colcon_core.environment:checking '/home/auauau/RM_Auto_Aim/install/armor_detector/lib'
[0.629s] Level 1:colcon.colcon_core.shell:create_environment_hook('armor_detector', 'ld_library_path_lib')
[0.629s] INFO:colcon.colcon_core.shell:Creating environment hook '/home/auauau/RM_Auto_Aim/install/armor_detector/share/armor_detector/hook/ld_library_path_lib.ps1'
[0.629s] INFO:colcon.colcon_core.shell:Creating environment descriptor '/home/auauau/RM_Auto_Aim/install/armor_detector/share/armor_detector/hook/ld_library_path_lib.dsv'
[0.629s] INFO:colcon.colcon_core.shell:Creating environment hook '/home/auauau/RM_Auto_Aim/install/armor_detector/share/armor_detector/hook/ld_library_path_lib.sh'
[0.629s] Level 1:colcon.colcon_core.environment:checking '/home/auauau/RM_Auto_Aim/install/armor_detector/bin'
[0.629s] Level 1:colcon.colcon_core.environment:checking '/home/auauau/RM_Auto_Aim/install/armor_detector/lib/pkgconfig/armor_detector.pc'
[0.629s] Level 1:colcon.colcon_core.environment:checking '/home/auauau/RM_Auto_Aim/install/armor_detector/lib/python3.10/site-packages'
[0.629s] Level 1:colcon.colcon_core.environment:checking '/home/auauau/RM_Auto_Aim/install/armor_detector/bin'
[0.630s] INFO:colcon.colcon_core.shell:Creating package script '/home/auauau/RM_Auto_Aim/install/armor_detector/share/armor_detector/package.ps1'
[0.630s] INFO:colcon.colcon_core.shell:Creating package descriptor '/home/auauau/RM_Auto_Aim/install/armor_detector/share/armor_detector/package.dsv'
[0.630s] INFO:colcon.colcon_core.shell:Creating package script '/home/auauau/RM_Auto_Aim/install/armor_detector/share/armor_detector/package.sh'
[0.630s] INFO:colcon.colcon_core.shell:Creating package script '/home/auauau/RM_Auto_Aim/install/armor_detector/share/armor_detector/package.bash'
[0.631s] INFO:colcon.colcon_core.shell:Creating package script '/home/auauau/RM_Auto_Aim/install/armor_detector/share/armor_detector/package.zsh'
[0.631s] Level 1:colcon.colcon_core.environment:create_file_with_runtime_dependencies(/home/auauau/RM_Auto_Aim/install/armor_detector/share/colcon-core/packages/armor_detector)
[0.631s] DEBUG:colcon.colcon_parallel_executor.executor.parallel:closing loop
[0.631s] DEBUG:colcon.colcon_parallel_executor.executor.parallel:loop closed
[0.631s] DEBUG:colcon.colcon_parallel_executor.executor.parallel:run_until_complete finished with '0'
[0.631s] DEBUG:colcon.colcon_core.event_reactor:joining thread
[0.635s] INFO:colcon.colcon_core.plugin_system:Skipping extension 'colcon_notification.desktop_notification.terminal_notifier': Not used on non-Darwin systems
[0.635s] INFO:colcon.colcon_core.plugin_system:Skipping extension 'colcon_notification.desktop_notification.win32': Not used on non-Windows systems
[0.635s] INFO:colcon.colcon_notification.desktop_notification:Sending desktop notification using 'notify2'
[0.643s] DEBUG:colcon.colcon_core.event_reactor:joined thread
[0.643s] INFO:colcon.colcon_core.shell:Creating prefix script '/home/auauau/RM_Auto_Aim/install/local_setup.ps1'
[0.644s] INFO:colcon.colcon_core.shell:Creating prefix util module '/home/auauau/RM_Auto_Aim/install/_local_setup_util_ps1.py'
[0.645s] INFO:colcon.colcon_core.shell:Creating prefix chain script '/home/auauau/RM_Auto_Aim/install/setup.ps1'
[0.645s] INFO:colcon.colcon_core.shell:Creating prefix script '/home/auauau/RM_Auto_Aim/install/local_setup.sh'
[0.646s] INFO:colcon.colcon_core.shell:Creating prefix util module '/home/auauau/RM_Auto_Aim/install/_local_setup_util_sh.py'
[0.646s] INFO:colcon.colcon_core.shell:Creating prefix chain script '/home/auauau/RM_Auto_Aim/install/setup.sh'
[0.647s] INFO:colcon.colcon_core.shell:Creating prefix script '/home/auauau/RM_Auto_Aim/install/local_setup.bash'
[0.647s] INFO:colcon.colcon_core.shell:Creating prefix chain script '/home/auauau/RM_Auto_Aim/install/setup.bash'
[0.647s] INFO:colcon.colcon_core.shell:Creating prefix script '/home/auauau/RM_Auto_Aim/install/local_setup.zsh'
[0.648s] INFO:colcon.colcon_core.shell:Creating prefix chain script '/home/auauau/RM_Auto_Aim/install/setup.zsh'
